{"total": {"lines":{"total":4338,"covered":1965,"skipped":0,"pct":45.29},"statements":{"total":4453,"covered":2016,"skipped":0,"pct":45.27},"functions":{"total":742,"covered":349,"skipped":0,"pct":47.03},"branches":{"total":1800,"covered":745,"skipped":0,"pct":41.38},"branchesTrue":{"total":0,"covered":0,"skipped":0,"pct":100}}
,"/home/senarokalie/Desktop/chatbot/chatbotLogic.js": {"lines":{"total":43,"covered":43,"skipped":0,"pct":100},"functions":{"total":5,"covered":5,"skipped":0,"pct":100},"statements":{"total":43,"covered":43,"skipped":0,"pct":100},"branches":{"total":8,"covered":8,"skipped":0,"pct":100}}
,"/home/senarokalie/Desktop/chatbot/config.js": {"lines":{"total":55,"covered":23,"skipped":0,"pct":41.81},"functions":{"total":19,"covered":5,"skipped":0,"pct":26.31},"statements":{"total":55,"covered":23,"skipped":0,"pct":41.81},"branches":{"total":22,"covered":5,"skipped":0,"pct":22.72}}
,"/home/senarokalie/Desktop/chatbot/eslint.config.js": {"lines":{"total":1,"covered":0,"skipped":0,"pct":0},"functions":{"total":0,"covered":0,"skipped":0,"pct":100},"statements":{"total":1,"covered":0,"skipped":0,"pct":0},"branches":{"total":0,"covered":0,"skipped":0,"pct":100}}
,"/home/senarokalie/Desktop/chatbot/index.js": {"lines":{"total":116,"covered":0,"skipped":0,"pct":0},"functions":{"total":15,"covered":0,"skipped":0,"pct":0},"statements":{"total":118,"covered":0,"skipped":0,"pct":0},"branches":{"total":20,"covered":0,"skipped":0,"pct":0}}
,"/home/senarokalie/Desktop/chatbot/sessionManager.js": {"lines":{"total":160,"covered":98,"skipped":0,"pct":61.25},"functions":{"total":29,"covered":27,"skipped":0,"pct":93.1},"statements":{"total":161,"covered":98,"skipped":0,"pct":60.86},"branches":{"total":66,"covered":39,"skipped":0,"pct":59.09}}
,"/home/senarokalie/Desktop/chatbot/lib/SecureLogger.js": {"lines":{"total":95,"covered":88,"skipped":0,"pct":92.63},"functions":{"total":29,"covered":22,"skipped":0,"pct":75.86},"statements":{"total":101,"covered":91,"skipped":0,"pct":90.09},"branches":{"total":52,"covered":43,"skipped":0,"pct":82.69}}
,"/home/senarokalie/Desktop/chatbot/lib/inputValidator.js": {"lines":{"total":75,"covered":75,"skipped":0,"pct":100},"functions":{"total":18,"covered":17,"skipped":0,"pct":94.44},"statements":{"total":79,"covered":78,"skipped":0,"pct":98.73},"branches":{"total":30,"covered":30,"skipped":0,"pct":100}}
,"/home/senarokalie/Desktop/chatbot/lib/logRotationManager.js": {"lines":{"total":78,"covered":70,"skipped":0,"pct":89.74},"functions":{"total":10,"covered":7,"skipped":0,"pct":70},"statements":{"total":80,"covered":71,"skipped":0,"pct":88.75},"branches":{"total":22,"covered":20,"skipped":0,"pct":90.9}}
,"/home/senarokalie/Desktop/chatbot/lib/messageRouter.js": {"lines":{"total":170,"covered":65,"skipped":0,"pct":38.23},"functions":{"total":14,"covered":7,"skipped":0,"pct":50},"statements":{"total":175,"covered":66,"skipped":0,"pct":37.71},"branches":{"total":58,"covered":37,"skipped":0,"pct":63.79}}
,"/home/senarokalie/Desktop/chatbot/lib/paymentHandlers.js": {"lines":{"total":102,"covered":69,"skipped":0,"pct":67.64},"functions":{"total":10,"covered":8,"skipped":0,"pct":80},"statements":{"total":104,"covered":71,"skipped":0,"pct":68.26},"branches":{"total":45,"covered":29,"skipped":0,"pct":64.44}}
,"/home/senarokalie/Desktop/chatbot/lib/paymentMessages.js": {"lines":{"total":145,"covered":142,"skipped":0,"pct":97.93},"functions":{"total":16,"covered":13,"skipped":0,"pct":81.25},"statements":{"total":145,"covered":142,"skipped":0,"pct":97.93},"branches":{"total":0,"covered":0,"skipped":0,"pct":100}}
,"/home/senarokalie/Desktop/chatbot/lib/redisClient.js": {"lines":{"total":55,"covered":8,"skipped":0,"pct":14.54},"functions":{"total":12,"covered":2,"skipped":0,"pct":16.66},"statements":{"total":55,"covered":8,"skipped":0,"pct":14.54},"branches":{"total":12,"covered":1,"skipped":0,"pct":8.33}}
,"/home/senarokalie/Desktop/chatbot/lib/transactionLogger.js": {"lines":{"total":96,"covered":32,"skipped":0,"pct":33.33},"functions":{"total":23,"covered":12,"skipped":0,"pct":52.17},"statements":{"total":102,"covered":34,"skipped":0,"pct":33.33},"branches":{"total":65,"covered":13,"skipped":0,"pct":20}}
,"/home/senarokalie/Desktop/chatbot/lib/uiMessages.js": {"lines":{"total":104,"covered":80,"skipped":0,"pct":76.92},"functions":{"total":27,"covered":21,"skipped":0,"pct":77.77},"statements":{"total":105,"covered":81,"skipped":0,"pct":77.14},"branches":{"total":19,"covered":10,"skipped":0,"pct":52.63}}
,"/home/senarokalie/Desktop/chatbot/services/productDelivery.js": {"lines":{"total":96,"covered":0,"skipped":0,"pct":0},"functions":{"total":17,"covered":0,"skipped":0,"pct":0},"statements":{"total":96,"covered":0,"skipped":0,"pct":0},"branches":{"total":20,"covered":0,"skipped":0,"pct":0}}
,"/home/senarokalie/Desktop/chatbot/services/qrisService.js": {"lines":{"total":41,"covered":0,"skipped":0,"pct":0},"functions":{"total":7,"covered":0,"skipped":0,"pct":0},"statements":{"total":42,"covered":0,"skipped":0,"pct":0},"branches":{"total":14,"covered":0,"skipped":0,"pct":0}}
,"/home/senarokalie/Desktop/chatbot/services/webhookServer.js": {"lines":{"total":149,"covered":0,"skipped":0,"pct":0},"functions":{"total":25,"covered":0,"skipped":0,"pct":0},"statements":{"total":152,"covered":0,"skipped":0,"pct":0},"branches":{"total":67,"covered":0,"skipped":0,"pct":0}}
,"/home/senarokalie/Desktop/chatbot/services/xenditService.js": {"lines":{"total":65,"covered":8,"skipped":0,"pct":12.3},"functions":{"total":10,"covered":1,"skipped":0,"pct":10},"statements":{"total":65,"covered":8,"skipped":0,"pct":12.3},"branches":{"total":48,"covered":2,"skipped":0,"pct":4.16}}
,"/home/senarokalie/Desktop/chatbot/src/core/MessageRouter.js": {"lines":{"total":27,"covered":2,"skipped":0,"pct":7.4},"functions":{"total":5,"covered":0,"skipped":0,"pct":0},"statements":{"total":27,"covered":2,"skipped":0,"pct":7.4},"branches":{"total":13,"covered":0,"skipped":0,"pct":0}}
,"/home/senarokalie/Desktop/chatbot/src/handlers/AIHandler.js": {"lines":{"total":116,"covered":11,"skipped":0,"pct":9.48},"functions":{"total":24,"covered":2,"skipped":0,"pct":8.33},"statements":{"total":121,"covered":12,"skipped":0,"pct":9.91},"branches":{"total":68,"covered":3,"skipped":0,"pct":4.41}}
,"/home/senarokalie/Desktop/chatbot/src/handlers/AdminAnalyticsHandler.js": {"lines":{"total":67,"covered":48,"skipped":0,"pct":71.64},"functions":{"total":7,"covered":5,"skipped":0,"pct":71.42},"statements":{"total":69,"covered":48,"skipped":0,"pct":69.56},"branches":{"total":22,"covered":9,"skipped":0,"pct":40.9}}
,"/home/senarokalie/Desktop/chatbot/src/handlers/AdminHandler.js": {"lines":{"total":289,"covered":130,"skipped":0,"pct":44.98},"functions":{"total":45,"covered":11,"skipped":0,"pct":24.44},"statements":{"total":291,"covered":130,"skipped":0,"pct":44.67},"branches":{"total":84,"covered":19,"skipped":0,"pct":22.61}}
,"/home/senarokalie/Desktop/chatbot/src/handlers/AdminInventoryHandler.js": {"lines":{"total":89,"covered":3,"skipped":0,"pct":3.37},"functions":{"total":12,"covered":1,"skipped":0,"pct":8.33},"statements":{"total":90,"covered":3,"skipped":0,"pct":3.33},"branches":{"total":46,"covered":0,"skipped":0,"pct":0}}
,"/home/senarokalie/Desktop/chatbot/src/handlers/AdminOrderHandler.js": {"lines":{"total":52,"covered":5,"skipped":0,"pct":9.61},"functions":{"total":6,"covered":1,"skipped":0,"pct":16.66},"statements":{"total":53,"covered":5,"skipped":0,"pct":9.43},"branches":{"total":14,"covered":0,"skipped":0,"pct":0}}
,"/home/senarokalie/Desktop/chatbot/src/handlers/AdminPromoHandler.js": {"lines":{"total":66,"covered":4,"skipped":0,"pct":6.06},"functions":{"total":9,"covered":1,"skipped":0,"pct":11.11},"statements":{"total":67,"covered":4,"skipped":0,"pct":5.97},"branches":{"total":37,"covered":0,"skipped":0,"pct":0}}
,"/home/senarokalie/Desktop/chatbot/src/handlers/AdminReviewHandler.js": {"lines":{"total":80,"covered":5,"skipped":0,"pct":6.25},"functions":{"total":9,"covered":1,"skipped":0,"pct":11.11},"statements":{"total":81,"covered":5,"skipped":0,"pct":6.17},"branches":{"total":51,"covered":0,"skipped":0,"pct":0}}
,"/home/senarokalie/Desktop/chatbot/src/handlers/BaseHandler.js": {"lines":{"total":16,"covered":13,"skipped":0,"pct":81.25},"functions":{"total":7,"covered":4,"skipped":0,"pct":57.14},"statements":{"total":16,"covered":13,"skipped":0,"pct":81.25},"branches":{"total":8,"covered":6,"skipped":0,"pct":75}}
,"/home/senarokalie/Desktop/chatbot/src/handlers/CustomerCheckoutHandler.js": {"lines":{"total":77,"covered":77,"skipped":0,"pct":100},"functions":{"total":8,"covered":8,"skipped":0,"pct":100},"statements":{"total":80,"covered":80,"skipped":0,"pct":100},"branches":{"total":29,"covered":29,"skipped":0,"pct":100}}
,"/home/senarokalie/Desktop/chatbot/src/handlers/CustomerHandler.js": {"lines":{"total":227,"covered":144,"skipped":0,"pct":63.43},"functions":{"total":14,"covered":10,"skipped":0,"pct":71.42},"statements":{"total":228,"covered":145,"skipped":0,"pct":63.59},"branches":{"total":127,"covered":84,"skipped":0,"pct":66.14}}
,"/home/senarokalie/Desktop/chatbot/src/handlers/CustomerWishlistHandler.js": {"lines":{"total":47,"covered":16,"skipped":0,"pct":34.04},"functions":{"total":8,"covered":3,"skipped":0,"pct":37.5},"statements":{"total":48,"covered":16,"skipped":0,"pct":33.33},"branches":{"total":14,"covered":1,"skipped":0,"pct":7.14}}
,"/home/senarokalie/Desktop/chatbot/src/handlers/ProductHandler.js": {"lines":{"total":29,"covered":5,"skipped":0,"pct":17.24},"functions":{"total":7,"covered":0,"skipped":0,"pct":0},"statements":{"total":29,"covered":5,"skipped":0,"pct":17.24},"branches":{"total":10,"covered":0,"skipped":0,"pct":0}}
,"/home/senarokalie/Desktop/chatbot/src/services/admin/AdminStatsService.js": {"lines":{"total":77,"covered":42,"skipped":0,"pct":54.54},"functions":{"total":16,"covered":9,"skipped":0,"pct":56.25},"statements":{"total":80,"covered":43,"skipped":0,"pct":53.75},"branches":{"total":18,"covered":8,"skipped":0,"pct":44.44}}
,"/home/senarokalie/Desktop/chatbot/src/services/ai/AIService.js": {"lines":{"total":76,"covered":9,"skipped":0,"pct":11.84},"functions":{"total":12,"covered":2,"skipped":0,"pct":16.66},"statements":{"total":79,"covered":9,"skipped":0,"pct":11.39},"branches":{"total":40,"covered":0,"skipped":0,"pct":0}}
,"/home/senarokalie/Desktop/chatbot/src/services/analytics/DashboardService.js": {"lines":{"total":132,"covered":85,"skipped":0,"pct":64.39},"functions":{"total":21,"covered":14,"skipped":0,"pct":66.66},"statements":{"total":133,"covered":85,"skipped":0,"pct":63.9},"branches":{"total":75,"covered":43,"skipped":0,"pct":57.33}}
,"/home/senarokalie/Desktop/chatbot/src/services/inventory/InventoryManager.js": {"lines":{"total":150,"covered":0,"skipped":0,"pct":0},"functions":{"total":20,"covered":0,"skipped":0,"pct":0},"statements":{"total":151,"covered":0,"skipped":0,"pct":0},"branches":{"total":37,"covered":0,"skipped":0,"pct":0}}
,"/home/senarokalie/Desktop/chatbot/src/services/inventory/InventoryService.js": {"lines":{"total":33,"covered":0,"skipped":0,"pct":0},"functions":{"total":4,"covered":0,"skipped":0,"pct":0},"statements":{"total":33,"covered":0,"skipped":0,"pct":0},"branches":{"total":13,"covered":0,"skipped":0,"pct":0}}
,"/home/senarokalie/Desktop/chatbot/src/services/inventory/RedisInventoryStorage.js": {"lines":{"total":112,"covered":0,"skipped":0,"pct":0},"functions":{"total":20,"covered":0,"skipped":0,"pct":0},"statements":{"total":113,"covered":0,"skipped":0,"pct":0},"branches":{"total":17,"covered":0,"skipped":0,"pct":0}}
,"/home/senarokalie/Desktop/chatbot/src/services/inventory/RedisStockManager.js": {"lines":{"total":155,"covered":77,"skipped":0,"pct":49.67},"functions":{"total":25,"covered":9,"skipped":0,"pct":36},"statements":{"total":161,"covered":79,"skipped":0,"pct":49.06},"branches":{"total":41,"covered":22,"skipped":0,"pct":53.65}}
,"/home/senarokalie/Desktop/chatbot/src/services/order/OrderService.js": {"lines":{"total":22,"covered":22,"skipped":0,"pct":100},"functions":{"total":11,"covered":11,"skipped":0,"pct":100},"statements":{"total":26,"covered":25,"skipped":0,"pct":96.15},"branches":{"total":17,"covered":16,"skipped":0,"pct":94.11}}
,"/home/senarokalie/Desktop/chatbot/src/services/payment/PaymentReminderService.js": {"lines":{"total":67,"covered":0,"skipped":0,"pct":0},"functions":{"total":9,"covered":0,"skipped":0,"pct":0},"statements":{"total":69,"covered":0,"skipped":0,"pct":0},"branches":{"total":35,"covered":0,"skipped":0,"pct":0}}
,"/home/senarokalie/Desktop/chatbot/src/services/product/ProductService.js": {"lines":{"total":101,"covered":58,"skipped":0,"pct":57.42},"functions":{"total":19,"covered":10,"skipped":0,"pct":52.63},"statements":{"total":109,"covered":64,"skipped":0,"pct":58.71},"branches":{"total":59,"covered":24,"skipped":0,"pct":40.67}}
,"/home/senarokalie/Desktop/chatbot/src/services/promo/PromoService.js": {"lines":{"total":143,"covered":96,"skipped":0,"pct":67.13},"functions":{"total":22,"covered":17,"skipped":0,"pct":77.27},"statements":{"total":150,"covered":101,"skipped":0,"pct":67.33},"branches":{"total":60,"covered":42,"skipped":0,"pct":70}}
,"/home/senarokalie/Desktop/chatbot/src/services/review/ReviewService.js": {"lines":{"total":120,"covered":60,"skipped":0,"pct":50},"functions":{"total":35,"covered":16,"skipped":0,"pct":45.71},"statements":{"total":129,"covered":62,"skipped":0,"pct":48.06},"branches":{"total":60,"covered":30,"skipped":0,"pct":50}}
,"/home/senarokalie/Desktop/chatbot/src/services/wishlist/WishlistService.js": {"lines":{"total":63,"covered":38,"skipped":0,"pct":60.31},"functions":{"total":13,"covered":8,"skipped":0,"pct":61.53},"statements":{"total":67,"covered":39,"skipped":0,"pct":58.2},"branches":{"total":24,"covered":15,"skipped":0,"pct":62.5}}
,"/home/senarokalie/Desktop/chatbot/src/utils/Constants.js": {"lines":{"total":12,"covered":12,"skipped":0,"pct":100},"functions":{"total":0,"covered":0,"skipped":0,"pct":100},"statements":{"total":12,"covered":12,"skipped":0,"pct":100},"branches":{"total":0,"covered":0,"skipped":0,"pct":100}}
,"/home/senarokalie/Desktop/chatbot/src/utils/ErrorMessages.js": {"lines":{"total":25,"covered":25,"skipped":0,"pct":100},"functions":{"total":24,"covered":24,"skipped":0,"pct":100},"statements":{"total":25,"covered":25,"skipped":0,"pct":100},"branches":{"total":0,"covered":0,"skipped":0,"pct":100}}
,"/home/senarokalie/Desktop/chatbot/src/utils/FuzzySearch.js": {"lines":{"total":49,"covered":48,"skipped":0,"pct":97.95},"functions":{"total":8,"covered":8,"skipped":0,"pct":100},"statements":{"total":61,"covered":60,"skipped":0,"pct":98.36},"branches":{"total":31,"covered":30,"skipped":0,"pct":96.77}}
,"/home/senarokalie/Desktop/chatbot/src/utils/InputSanitizer.js": {"lines":{"total":117,"covered":100,"skipped":0,"pct":85.47},"functions":{"total":17,"covered":17,"skipped":0,"pct":100},"statements":{"total":120,"covered":101,"skipped":0,"pct":84.16},"branches":{"total":109,"covered":91,"skipped":0,"pct":83.48}}
,"/home/senarokalie/Desktop/chatbot/src/utils/ValidationHelpers.js": {"lines":{"total":56,"covered":29,"skipped":0,"pct":51.78},"functions":{"total":19,"covered":10,"skipped":0,"pct":52.63},"statements":{"total":56,"covered":29,"skipped":0,"pct":51.78},"branches":{"total":73,"covered":36,"skipped":0,"pct":49.31}}
}
