{"/home/senarokalie/Desktop/chatbot/chatbotLogic.js": {"path":"/home/senarokalie/Desktop/chatbot/chatbotLogic.js","statementMap":{"0":{"start":{"line":6,"column":24},"end":{"line":6,"column":65}},"1":{"start":{"line":7,"column":21},"end":{"line":7,"column":59}},"2":{"start":{"line":8,"column":23},"end":{"line":8,"column":63}},"3":{"start":{"line":9,"column":22},"end":{"line":9,"column":57}},"4":{"start":{"line":10,"column":24},"end":{"line":10,"column":56}},"5":{"start":{"line":11,"column":23},"end":{"line":11,"column":54}},"6":{"start":{"line":12,"column":26},"end":{"line":12,"column":60}},"7":{"start":{"line":13,"column":22},"end":{"line":13,"column":57}},"8":{"start":{"line":17,"column":4},"end":{"line":17,"column":41}},"9":{"start":{"line":18,"column":4},"end":{"line":18,"column":42}},"10":{"start":{"line":19,"column":4},"end":{"line":19,"column":42}},"11":{"start":{"line":22,"column":4},"end":{"line":22,"column":76}},"12":{"start":{"line":23,"column":4},"end":{"line":23,"column":70}},"13":{"start":{"line":24,"column":4},"end":{"line":24,"column":74}},"14":{"start":{"line":25,"column":4},"end":{"line":29,"column":6}},"15":{"start":{"line":32,"column":4},"end":{"line":36,"column":7}},"16":{"start":{"line":47,"column":27},"end":{"line":47,"column":68}},"17":{"start":{"line":48,"column":4},"end":{"line":56,"column":5}},"18":{"start":{"line":49,"column":6},"end":{"line":54,"column":8}},"19":{"start":{"line":55,"column":6},"end":{"line":55,"column":36}},"20":{"start":{"line":59,"column":26},"end":{"line":59,"column":65}},"21":{"start":{"line":60,"column":4},"end":{"line":62,"column":5}},"22":{"start":{"line":61,"column":6},"end":{"line":61,"column":35}},"23":{"start":{"line":65,"column":29},"end":{"line":65,"column":68}},"24":{"start":{"line":66,"column":4},"end":{"line":71,"column":5}},"25":{"start":{"line":67,"column":6},"end":{"line":69,"column":9}},"26":{"start":{"line":70,"column":6},"end":{"line":70,"column":55}},"27":{"start":{"line":73,"column":4},"end":{"line":106,"column":5}},"28":{"start":{"line":75,"column":19},"end":{"line":75,"column":64}},"29":{"start":{"line":78,"column":32},"end":{"line":80,"column":47}},"30":{"start":{"line":82,"column":6},"end":{"line":82,"column":60}},"31":{"start":{"line":83,"column":6},"end":{"line":83,"column":68}},"32":{"start":{"line":84,"column":6},"end":{"line":84,"column":58}},"33":{"start":{"line":87,"column":23},"end":{"line":91,"column":7}},"34":{"start":{"line":93,"column":6},"end":{"line":93,"column":70}},"35":{"start":{"line":95,"column":6},"end":{"line":95,"column":22}},"36":{"start":{"line":97,"column":6},"end":{"line":100,"column":9}},"37":{"start":{"line":102,"column":6},"end":{"line":105,"column":8}},"38":{"start":{"line":114,"column":27},"end":{"line":114,"column":66}},"39":{"start":{"line":115,"column":4},"end":{"line":118,"column":6}},"40":{"start":{"line":117,"column":49},"end":{"line":117,"column":61}},"41":{"start":{"line":128,"column":4},"end":{"line":132,"column":6}},"42":{"start":{"line":136,"column":0},"end":{"line":136,"column":30}}},"fnMap":{"0":{"name":"(anonymous_0)","decl":{"start":{"line":16,"column":2},"end":{"line":16,"column":3}},"loc":{"start":{"line":16,"column":30},"end":{"line":37,"column":3}},"line":16},"1":{"name":"(anonymous_1)","decl":{"start":{"line":45,"column":2},"end":{"line":45,"column":3}},"loc":{"start":{"line":45,"column":44},"end":{"line":107,"column":3}},"line":45},"2":{"name":"(anonymous_2)","decl":{"start":{"line":113,"column":2},"end":{"line":113,"column":3}},"loc":{"start":{"line":113,"column":13},"end":{"line":119,"column":3}},"line":113},"3":{"name":"(anonymous_3)","decl":{"start":{"line":117,"column":42},"end":{"line":117,"column":43}},"loc":{"start":{"line":117,"column":49},"end":{"line":117,"column":61}},"line":117},"4":{"name":"(anonymous_4)","decl":{"start":{"line":127,"column":2},"end":{"line":127,"column":3}},"loc":{"start":{"line":127,"column":35},"end":{"line":133,"column":3}},"line":127}},"branchMap":{"0":{"loc":{"start":{"line":48,"column":4},"end":{"line":56,"column":5}},"type":"if","locations":[{"start":{"line":48,"column":4},"end":{"line":56,"column":5}},{"start":{},"end":{}}],"line":48},"1":{"loc":{"start":{"line":60,"column":4},"end":{"line":62,"column":5}},"type":"if","locations":[{"start":{"line":60,"column":4},"end":{"line":62,"column":5}},{"start":{},"end":{}}],"line":60},"2":{"loc":{"start":{"line":66,"column":4},"end":{"line":71,"column":5}},"type":"if","locations":[{"start":{"line":66,"column":4},"end":{"line":71,"column":5}},{"start":{},"end":{}}],"line":66},"3":{"loc":{"start":{"line":78,"column":32},"end":{"line":80,"column":47}},"type":"cond-expr","locations":[{"start":{"line":79,"column":10},"end":{"line":79,"column":33}},{"start":{"line":80,"column":10},"end":{"line":80,"column":47}}],"line":78}},"s":{"0":0,"1":0,"2":0,"3":0,"4":0,"5":0,"6":0,"7":0,"8":0,"9":0,"10":0,"11":0,"12":0,"13":0,"14":0,"15":0,"16":0,"17":0,"18":0,"19":0,"20":0,"21":0,"22":0,"23":0,"24":0,"25":0,"26":0,"27":0,"28":0,"29":0,"30":0,"31":0,"32":0,"33":0,"34":0,"35":0,"36":0,"37":0,"38":0,"39":0,"40":0,"41":0,"42":0},"f":{"0":0,"1":0,"2":0,"3":0,"4":0},"b":{"0":[0,0],"1":[0,0],"2":[0,0],"3":[0,0]}}
,"/home/senarokalie/Desktop/chatbot/config.js": {"path":"/home/senarokalie/Desktop/chatbot/config.js","statementMap":{"0":{"start":{"line":7,"column":18},"end":{"line":7,"column":52}},"1":{"start":{"line":8,"column":22},"end":{"line":8,"column":60}},"2":{"start":{"line":9,"column":23},"end":{"line":9,"column":62}},"3":{"start":{"line":10,"column":23},"end":{"line":10,"column":71}},"4":{"start":{"line":11,"column":26},"end":{"line":11,"column":79}},"5":{"start":{"line":14,"column":23},"end":{"line":14,"column":43}},"6":{"start":{"line":15,"column":21},"end":{"line":15,"column":44}},"7":{"start":{"line":18,"column":23},"end":{"line":51,"column":1}},"8":{"start":{"line":54,"column":17},"end":{"line":54,"column":40}},"9":{"start":{"line":55,"column":22},"end":{"line":55,"column":50}},"10":{"start":{"line":56,"column":18},"end":{"line":56,"column":42}},"11":{"start":{"line":60,"column":2},"end":{"line":60,"column":41}},"12":{"start":{"line":64,"column":2},"end":{"line":64,"column":50}},"13":{"start":{"line":69,"column":2},"end":{"line":69,"column":77}},"14":{"start":{"line":73,"column":2},"end":{"line":73,"column":49}},"15":{"start":{"line":77,"column":18},"end":{"line":77,"column":58}},"16":{"start":{"line":78,"column":2},"end":{"line":83,"column":3}},"17":{"start":{"line":79,"column":4},"end":{"line":82,"column":6}},"18":{"start":{"line":85,"column":19},"end":{"line":85,"column":57}},"19":{"start":{"line":86,"column":18},"end":{"line":86,"column":74}},"20":{"start":{"line":88,"column":2},"end":{"line":95,"column":3}},"21":{"start":{"line":89,"column":4},"end":{"line":94,"column":6}},"22":{"start":{"line":97,"column":2},"end":{"line":100,"column":4}},"23":{"start":{"line":104,"column":2},"end":{"line":104,"column":73}},"24":{"start":{"line":108,"column":2},"end":{"line":108,"column":48}},"25":{"start":{"line":112,"column":2},"end":{"line":112,"column":61}},"26":{"start":{"line":116,"column":2},"end":{"line":116,"column":49}},"27":{"start":{"line":121,"column":24},"end":{"line":134,"column":3}},"28":{"start":{"line":136,"column":2},"end":{"line":141,"column":3}},"29":{"start":{"line":137,"column":4},"end":{"line":140,"column":6}},"30":{"start":{"line":144,"column":2},"end":{"line":161,"column":3}},"31":{"start":{"line":152,"column":4},"end":{"line":152,"column":28}},"32":{"start":{"line":153,"column":9},"end":{"line":161,"column":3}},"33":{"start":{"line":160,"column":4},"end":{"line":160,"column":47}},"34":{"start":{"line":163,"column":2},"end":{"line":163,"column":30}},"35":{"start":{"line":165,"column":2},"end":{"line":170,"column":4}},"36":{"start":{"line":178,"column":2},"end":{"line":178,"column":24}},"37":{"start":{"line":186,"column":2},"end":{"line":186,"column":34}},"38":{"start":{"line":189,"column":2},"end":{"line":189,"column":64}},"39":{"start":{"line":190,"column":21},"end":{"line":190,"column":68}},"40":{"start":{"line":192,"column":2},"end":{"line":205,"column":3}},"41":{"start":{"line":193,"column":4},"end":{"line":193,"column":43}},"42":{"start":{"line":194,"column":4},"end":{"line":201,"column":5}},"43":{"start":{"line":195,"column":6},"end":{"line":195,"column":59}},"44":{"start":{"line":196,"column":6},"end":{"line":200,"column":11}},"45":{"start":{"line":197,"column":21},"end":{"line":197,"column":30}},"46":{"start":{"line":199,"column":10},"end":{"line":199,"column":88}},"47":{"start":{"line":203,"column":4},"end":{"line":203,"column":66}},"48":{"start":{"line":204,"column":4},"end":{"line":204,"column":88}},"49":{"start":{"line":214,"column":2},"end":{"line":214,"column":48}},"50":{"start":{"line":222,"column":2},"end":{"line":222,"column":54}},"51":{"start":{"line":231,"column":2},"end":{"line":231,"column":52}},"52":{"start":{"line":240,"column":2},"end":{"line":240,"column":51}},"53":{"start":{"line":249,"column":2},"end":{"line":249,"column":57}},"54":{"start":{"line":252,"column":0},"end":{"line":278,"column":2}}},"fnMap":{"0":{"name":"getAllProducts","decl":{"start":{"line":59,"column":9},"end":{"line":59,"column":23}},"loc":{"start":{"line":59,"column":26},"end":{"line":61,"column":1}},"line":59},"1":{"name":"getProductById","decl":{"start":{"line":63,"column":9},"end":{"line":63,"column":23}},"loc":{"start":{"line":63,"column":35},"end":{"line":65,"column":1}},"line":63},"2":{"name":"formatProductList","decl":{"start":{"line":67,"column":15},"end":{"line":67,"column":32}},"loc":{"start":{"line":67,"column":55},"end":{"line":70,"column":1}},"line":67},"3":{"name":"isInStock","decl":{"start":{"line":72,"column":15},"end":{"line":72,"column":24}},"loc":{"start":{"line":72,"column":36},"end":{"line":74,"column":1}},"line":72},"4":{"name":"setStock","decl":{"start":{"line":76,"column":15},"end":{"line":76,"column":23}},"loc":{"start":{"line":76,"column":71},"end":{"line":101,"column":1}},"line":76},"5":{"name":"decrementStock","decl":{"start":{"line":103,"column":15},"end":{"line":103,"column":29}},"loc":{"start":{"line":103,"column":71},"end":{"line":105,"column":1}},"line":103},"6":{"name":"addProduct","decl":{"start":{"line":107,"column":9},"end":{"line":107,"column":19}},"loc":{"start":{"line":107,"column":33},"end":{"line":109,"column":1}},"line":107},"7":{"name":"editProduct","decl":{"start":{"line":111,"column":9},"end":{"line":111,"column":20}},"loc":{"start":{"line":111,"column":46},"end":{"line":113,"column":1}},"line":111},"8":{"name":"removeProduct","decl":{"start":{"line":115,"column":9},"end":{"line":115,"column":22}},"loc":{"start":{"line":115,"column":34},"end":{"line":117,"column":1}},"line":115},"9":{"name":"updateSetting","decl":{"start":{"line":120,"column":9},"end":{"line":120,"column":22}},"loc":{"start":{"line":120,"column":35},"end":{"line":171,"column":1}},"line":120},"10":{"name":"getAllSettings","decl":{"start":{"line":177,"column":9},"end":{"line":177,"column":23}},"loc":{"start":{"line":177,"column":26},"end":{"line":179,"column":1}},"line":177},"11":{"name":"initializeStockManager","decl":{"start":{"line":185,"column":15},"end":{"line":185,"column":37}},"loc":{"start":{"line":185,"column":40},"end":{"line":206,"column":1}},"line":185},"12":{"name":"(anonymous_12)","decl":{"start":{"line":197,"column":16},"end":{"line":197,"column":17}},"loc":{"start":{"line":197,"column":21},"end":{"line":197,"column":30}},"line":197},"13":{"name":"(anonymous_13)","decl":{"start":{"line":198,"column":17},"end":{"line":198,"column":18}},"loc":{"start":{"line":198,"column":22},"end":{"line":200,"column":9}},"line":198},"14":{"name":"getStock","decl":{"start":{"line":213,"column":15},"end":{"line":213,"column":23}},"loc":{"start":{"line":213,"column":35},"end":{"line":215,"column":1}},"line":213},"15":{"name":"getAllProductsWithStock","decl":{"start":{"line":221,"column":15},"end":{"line":221,"column":38}},"loc":{"start":{"line":221,"column":41},"end":{"line":223,"column":1}},"line":221},"16":{"name":"syncStockFromConfig","decl":{"start":{"line":230,"column":15},"end":{"line":230,"column":34}},"loc":{"start":{"line":230,"column":52},"end":{"line":232,"column":1}},"line":230},"17":{"name":"resetAllStock","decl":{"start":{"line":239,"column":15},"end":{"line":239,"column":28}},"loc":{"start":{"line":239,"column":46},"end":{"line":241,"column":1}},"line":239},"18":{"name":"syncStockFromFolder","decl":{"start":{"line":248,"column":15},"end":{"line":248,"column":34}},"loc":{"start":{"line":248,"column":37},"end":{"line":250,"column":1}},"line":248}},"branchMap":{"0":{"loc":{"start":{"line":67,"column":33},"end":{"line":67,"column":53}},"type":"default-arg","locations":[{"start":{"line":67,"column":49},"end":{"line":67,"column":53}}],"line":67},"1":{"loc":{"start":{"line":76,"column":45},"end":{"line":76,"column":69}},"type":"default-arg","locations":[{"start":{"line":76,"column":54},"end":{"line":76,"column":69}}],"line":76},"2":{"loc":{"start":{"line":78,"column":2},"end":{"line":83,"column":3}},"type":"if","locations":[{"start":{"line":78,"column":2},"end":{"line":83,"column":3}},{"start":{},"end":{}}],"line":78},"3":{"loc":{"start":{"line":88,"column":2},"end":{"line":95,"column":3}},"type":"if","locations":[{"start":{"line":88,"column":2},"end":{"line":95,"column":3}},{"start":{},"end":{}}],"line":88},"4":{"loc":{"start":{"line":103,"column":41},"end":{"line":103,"column":53}},"type":"default-arg","locations":[{"start":{"line":103,"column":52},"end":{"line":103,"column":53}}],"line":103},"5":{"loc":{"start":{"line":103,"column":55},"end":{"line":103,"column":69}},"type":"default-arg","locations":[{"start":{"line":103,"column":65},"end":{"line":103,"column":69}}],"line":103},"6":{"loc":{"start":{"line":136,"column":2},"end":{"line":141,"column":3}},"type":"if","locations":[{"start":{"line":136,"column":2},"end":{"line":141,"column":3}},{"start":{},"end":{}}],"line":136},"7":{"loc":{"start":{"line":144,"column":2},"end":{"line":161,"column":3}},"type":"if","locations":[{"start":{"line":144,"column":2},"end":{"line":161,"column":3}},{"start":{"line":153,"column":9},"end":{"line":161,"column":3}}],"line":144},"8":{"loc":{"start":{"line":153,"column":9},"end":{"line":161,"column":3}},"type":"if","locations":[{"start":{"line":153,"column":9},"end":{"line":161,"column":3}},{"start":{},"end":{}}],"line":153},"9":{"loc":{"start":{"line":160,"column":12},"end":{"line":160,"column":46}},"type":"binary-expr","locations":[{"start":{"line":160,"column":12},"end":{"line":160,"column":28}},{"start":{"line":160,"column":32},"end":{"line":160,"column":46}}],"line":160},"10":{"loc":{"start":{"line":192,"column":2},"end":{"line":205,"column":3}},"type":"if","locations":[{"start":{"line":192,"column":2},"end":{"line":205,"column":3}},{"start":{"line":202,"column":9},"end":{"line":205,"column":3}}],"line":192},"11":{"loc":{"start":{"line":194,"column":4},"end":{"line":201,"column":5}},"type":"if","locations":[{"start":{"line":194,"column":4},"end":{"line":201,"column":5}},{"start":{},"end":{}}],"line":194},"12":{"loc":{"start":{"line":230,"column":35},"end":{"line":230,"column":50}},"type":"default-arg","locations":[{"start":{"line":230,"column":45},"end":{"line":230,"column":50}}],"line":230},"13":{"loc":{"start":{"line":239,"column":29},"end":{"line":239,"column":44}},"type":"default-arg","locations":[{"start":{"line":239,"column":39},"end":{"line":239,"column":44}}],"line":239}},"s":{"0":0,"1":0,"2":0,"3":0,"4":0,"5":0,"6":0,"7":0,"8":0,"9":0,"10":0,"11":0,"12":0,"13":0,"14":0,"15":0,"16":0,"17":0,"18":0,"19":0,"20":0,"21":0,"22":0,"23":0,"24":0,"25":0,"26":0,"27":0,"28":0,"29":0,"30":0,"31":0,"32":0,"33":0,"34":0,"35":0,"36":0,"37":0,"38":0,"39":0,"40":0,"41":0,"42":0,"43":0,"44":0,"45":0,"46":0,"47":0,"48":0,"49":0,"50":0,"51":0,"52":0,"53":0,"54":0},"f":{"0":0,"1":0,"2":0,"3":0,"4":0,"5":0,"6":0,"7":0,"8":0,"9":0,"10":0,"11":0,"12":0,"13":0,"14":0,"15":0,"16":0,"17":0,"18":0},"b":{"0":[0],"1":[0],"2":[0,0],"3":[0,0],"4":[0],"5":[0],"6":[0,0],"7":[0,0],"8":[0,0],"9":[0,0],"10":[0,0],"11":[0,0],"12":[0],"13":[0]}}
,"/home/senarokalie/Desktop/chatbot/eslint.config.js": {"path":"/home/senarokalie/Desktop/chatbot/eslint.config.js","statementMap":{"0":{"start":{"line":1,"column":0},"end":{"line":38,"column":2}}},"fnMap":{},"branchMap":{},"s":{"0":0},"f":{},"b":{}}
,"/home/senarokalie/Desktop/chatbot/index.js": {"path":"/home/senarokalie/Desktop/chatbot/index.js","statementMap":{"0":{"start":{"line":6,"column":0},"end":{"line":6,"column":27}},"1":{"start":{"line":9,"column":21},"end":{"line":13,"column":17}},"2":{"start":{"line":15,"column":0},"end":{"line":20,"column":1}},"3":{"start":{"line":16,"column":2},"end":{"line":16,"column":67}},"4":{"start":{"line":17,"column":2},"end":{"line":17,"column":63}},"5":{"start":{"line":18,"column":2},"end":{"line":18,"column":60}},"6":{"start":{"line":19,"column":2},"end":{"line":19,"column":18}},"7":{"start":{"line":22,"column":0},"end":{"line":22,"column":67}},"8":{"start":{"line":25,"column":0},"end":{"line":32,"column":1}},"9":{"start":{"line":26,"column":2},"end":{"line":30,"column":3}},"10":{"start":{"line":27,"column":4},"end":{"line":27,"column":66}},"11":{"start":{"line":28,"column":4},"end":{"line":28,"column":57}},"12":{"start":{"line":29,"column":4},"end":{"line":29,"column":20}},"13":{"start":{"line":31,"column":2},"end":{"line":31,"column":51}},"14":{"start":{"line":34,"column":30},"end":{"line":34,"column":56}},"15":{"start":{"line":35,"column":15},"end":{"line":35,"column":41}},"16":{"start":{"line":36,"column":23},"end":{"line":36,"column":50}},"17":{"start":{"line":37,"column":21},"end":{"line":37,"column":46}},"18":{"start":{"line":38,"column":22},"end":{"line":38,"column":52}},"19":{"start":{"line":39,"column":22},"end":{"line":39,"column":57}},"20":{"start":{"line":40,"column":27},"end":{"line":40,"column":62}},"21":{"start":{"line":41,"column":31},"end":{"line":41,"column":87}},"22":{"start":{"line":44,"column":23},"end":{"line":44,"column":43}},"23":{"start":{"line":45,"column":21},"end":{"line":45,"column":53}},"24":{"start":{"line":48,"column":23},"end":{"line":48,"column":62}},"25":{"start":{"line":49,"column":27},"end":{"line":49,"column":65}},"26":{"start":{"line":52,"column":22},"end":{"line":70,"column":1}},"27":{"start":{"line":73,"column":0},"end":{"line":79,"column":1}},"28":{"start":{"line":74,"column":2},"end":{"line":78,"column":4}},"29":{"start":{"line":82,"column":15},"end":{"line":82,"column":40}},"30":{"start":{"line":85,"column":22},"end":{"line":85,"column":77}},"31":{"start":{"line":88,"column":0},"end":{"line":128,"column":5}},"32":{"start":{"line":89,"column":2},"end":{"line":127,"column":3}},"33":{"start":{"line":90,"column":4},"end":{"line":90,"column":58}},"34":{"start":{"line":91,"column":4},"end":{"line":91,"column":38}},"35":{"start":{"line":94,"column":39},"end":{"line":94,"column":58}},"36":{"start":{"line":95,"column":4},"end":{"line":95,"column":35}},"37":{"start":{"line":98,"column":4},"end":{"line":98,"column":31}},"38":{"start":{"line":101,"column":4},"end":{"line":101,"column":54}},"39":{"start":{"line":102,"column":4},"end":{"line":102,"column":54}},"40":{"start":{"line":105,"column":24},"end":{"line":108,"column":13}},"41":{"start":{"line":106,"column":6},"end":{"line":106,"column":85}},"42":{"start":{"line":107,"column":6},"end":{"line":107,"column":86}},"43":{"start":{"line":110,"column":4},"end":{"line":110,"column":30}},"44":{"start":{"line":111,"column":4},"end":{"line":111,"column":30}},"45":{"start":{"line":112,"column":4},"end":{"line":112,"column":61}},"46":{"start":{"line":114,"column":4},"end":{"line":114,"column":52}},"47":{"start":{"line":115,"column":4},"end":{"line":115,"column":54}},"48":{"start":{"line":116,"column":4},"end":{"line":116,"column":50}},"49":{"start":{"line":119,"column":4},"end":{"line":121,"column":5}},"50":{"start":{"line":120,"column":6},"end":{"line":120,"column":83}},"51":{"start":{"line":122,"column":4},"end":{"line":124,"column":5}},"52":{"start":{"line":123,"column":6},"end":{"line":123,"column":87}},"53":{"start":{"line":126,"column":4},"end":{"line":126,"column":20}},"54":{"start":{"line":131,"column":0},"end":{"line":138,"column":3}},"55":{"start":{"line":132,"column":2},"end":{"line":132,"column":58}},"56":{"start":{"line":133,"column":2},"end":{"line":133,"column":47}},"57":{"start":{"line":134,"column":2},"end":{"line":134,"column":58}},"58":{"start":{"line":135,"column":2},"end":{"line":135,"column":39}},"59":{"start":{"line":136,"column":2},"end":{"line":136,"column":58}},"60":{"start":{"line":137,"column":2},"end":{"line":137,"column":47}},"61":{"start":{"line":141,"column":0},"end":{"line":154,"column":3}},"62":{"start":{"line":142,"column":2},"end":{"line":142,"column":58}},"63":{"start":{"line":143,"column":2},"end":{"line":143,"column":48}},"64":{"start":{"line":144,"column":2},"end":{"line":144,"column":58}},"65":{"start":{"line":145,"column":2},"end":{"line":145,"column":44}},"66":{"start":{"line":146,"column":2},"end":{"line":146,"column":34}},"67":{"start":{"line":147,"column":2},"end":{"line":147,"column":48}},"68":{"start":{"line":148,"column":2},"end":{"line":148,"column":52}},"69":{"start":{"line":149,"column":2},"end":{"line":149,"column":40}},"70":{"start":{"line":150,"column":2},"end":{"line":150,"column":57}},"71":{"start":{"line":151,"column":2},"end":{"line":151,"column":45}},"72":{"start":{"line":152,"column":2},"end":{"line":152,"column":49}},"73":{"start":{"line":153,"column":2},"end":{"line":153,"column":58}},"74":{"start":{"line":160,"column":0},"end":{"line":198,"column":3}},"75":{"start":{"line":161,"column":2},"end":{"line":161,"column":57}},"76":{"start":{"line":162,"column":2},"end":{"line":162,"column":56}},"77":{"start":{"line":163,"column":2},"end":{"line":163,"column":39}},"78":{"start":{"line":164,"column":2},"end":{"line":164,"column":45}},"79":{"start":{"line":165,"column":2},"end":{"line":165,"column":46}},"80":{"start":{"line":166,"column":2},"end":{"line":166,"column":58}},"81":{"start":{"line":169,"column":2},"end":{"line":178,"column":3}},"82":{"start":{"line":170,"column":26},"end":{"line":174,"column":5}},"83":{"start":{"line":175,"column":4},"end":{"line":175,"column":26}},"84":{"start":{"line":177,"column":4},"end":{"line":177,"column":75}},"85":{"start":{"line":181,"column":2},"end":{"line":181,"column":78}},"86":{"start":{"line":182,"column":2},"end":{"line":182,"column":33}},"87":{"start":{"line":185,"column":2},"end":{"line":185,"column":31}},"88":{"start":{"line":188,"column":2},"end":{"line":191,"column":21}},"89":{"start":{"line":189,"column":4},"end":{"line":189,"column":37}},"90":{"start":{"line":190,"column":4},"end":{"line":190,"column":51}},"91":{"start":{"line":194,"column":2},"end":{"line":197,"column":20}},"92":{"start":{"line":195,"column":4},"end":{"line":195,"column":39}},"93":{"start":{"line":196,"column":4},"end":{"line":196,"column":57}},"94":{"start":{"line":201,"column":0},"end":{"line":203,"column":3}},"95":{"start":{"line":202,"column":2},"end":{"line":202,"column":45}},"96":{"start":{"line":206,"column":0},"end":{"line":208,"column":3}},"97":{"start":{"line":207,"column":2},"end":{"line":207,"column":46}},"98":{"start":{"line":211,"column":0},"end":{"line":213,"column":3}},"99":{"start":{"line":212,"column":2},"end":{"line":212,"column":49}},"100":{"start":{"line":216,"column":0},"end":{"line":219,"column":3}},"101":{"start":{"line":217,"column":2},"end":{"line":217,"column":49}},"102":{"start":{"line":218,"column":2},"end":{"line":218,"column":44}},"103":{"start":{"line":222,"column":0},"end":{"line":224,"column":3}},"104":{"start":{"line":223,"column":2},"end":{"line":223,"column":42}},"105":{"start":{"line":227,"column":17},"end":{"line":252,"column":1}},"106":{"start":{"line":228,"column":2},"end":{"line":228,"column":72}},"107":{"start":{"line":231,"column":2},"end":{"line":234,"column":3}},"108":{"start":{"line":232,"column":4},"end":{"line":232,"column":58}},"109":{"start":{"line":233,"column":4},"end":{"line":233,"column":60}},"110":{"start":{"line":237,"column":2},"end":{"line":239,"column":3}},"111":{"start":{"line":238,"column":4},"end":{"line":238,"column":34}},"112":{"start":{"line":242,"column":2},"end":{"line":242,"column":28}},"113":{"start":{"line":245,"column":2},"end":{"line":245,"column":34}},"114":{"start":{"line":248,"column":2},"end":{"line":248,"column":25}},"115":{"start":{"line":250,"column":2},"end":{"line":250,"column":47}},"116":{"start":{"line":251,"column":2},"end":{"line":251,"column":18}},"117":{"start":{"line":254,"column":0},"end":{"line":254,"column":47}},"118":{"start":{"line":254,"column":27},"end":{"line":254,"column":45}},"119":{"start":{"line":255,"column":0},"end":{"line":255,"column":49}},"120":{"start":{"line":255,"column":28},"end":{"line":255,"column":47}},"121":{"start":{"line":258,"column":0},"end":{"line":258,"column":56}},"122":{"start":{"line":259,"column":0},"end":{"line":259,"column":54}},"123":{"start":{"line":260,"column":0},"end":{"line":260,"column":49}},"124":{"start":{"line":261,"column":0},"end":{"line":261,"column":61}},"125":{"start":{"line":262,"column":0},"end":{"line":262,"column":37}},"126":{"start":{"line":263,"column":0},"end":{"line":268,"column":1}},"127":{"start":{"line":264,"column":2},"end":{"line":264,"column":46}},"128":{"start":{"line":265,"column":2},"end":{"line":265,"column":56}},"129":{"start":{"line":267,"column":2},"end":{"line":267,"column":41}},"130":{"start":{"line":269,"column":0},"end":{"line":269,"column":56}}},"fnMap":{"0":{"name":"(anonymous_0)","decl":{"start":{"line":88,"column":1},"end":{"line":88,"column":2}},"loc":{"start":{"line":88,"column":13},"end":{"line":128,"column":1}},"line":88},"1":{"name":"(anonymous_1)","decl":{"start":{"line":105,"column":35},"end":{"line":105,"column":36}},"loc":{"start":{"line":105,"column":41},"end":{"line":108,"column":5}},"line":105},"2":{"name":"(anonymous_2)","decl":{"start":{"line":131,"column":16},"end":{"line":131,"column":17}},"loc":{"start":{"line":131,"column":24},"end":{"line":138,"column":1}},"line":131},"3":{"name":"(anonymous_3)","decl":{"start":{"line":141,"column":18},"end":{"line":141,"column":19}},"loc":{"start":{"line":141,"column":28},"end":{"line":154,"column":1}},"line":141},"4":{"name":"(anonymous_4)","decl":{"start":{"line":160,"column":19},"end":{"line":160,"column":20}},"loc":{"start":{"line":160,"column":25},"end":{"line":198,"column":1}},"line":160},"5":{"name":"(anonymous_5)","decl":{"start":{"line":188,"column":55},"end":{"line":188,"column":56}},"loc":{"start":{"line":188,"column":61},"end":{"line":191,"column":3}},"line":188},"6":{"name":"(anonymous_6)","decl":{"start":{"line":194,"column":57},"end":{"line":194,"column":58}},"loc":{"start":{"line":194,"column":63},"end":{"line":197,"column":3}},"line":194},"7":{"name":"(anonymous_7)","decl":{"start":{"line":201,"column":21},"end":{"line":201,"column":22}},"loc":{"start":{"line":201,"column":40},"end":{"line":203,"column":1}},"line":201},"8":{"name":"(anonymous_8)","decl":{"start":{"line":206,"column":27},"end":{"line":206,"column":28}},"loc":{"start":{"line":206,"column":33},"end":{"line":208,"column":1}},"line":206},"9":{"name":"(anonymous_9)","decl":{"start":{"line":211,"column":26},"end":{"line":211,"column":27}},"loc":{"start":{"line":211,"column":35},"end":{"line":213,"column":1}},"line":211},"10":{"name":"(anonymous_10)","decl":{"start":{"line":216,"column":26},"end":{"line":216,"column":27}},"loc":{"start":{"line":216,"column":38},"end":{"line":219,"column":1}},"line":216},"11":{"name":"(anonymous_11)","decl":{"start":{"line":222,"column":19},"end":{"line":222,"column":20}},"loc":{"start":{"line":222,"column":30},"end":{"line":224,"column":1}},"line":222},"12":{"name":"(anonymous_12)","decl":{"start":{"line":227,"column":17},"end":{"line":227,"column":18}},"loc":{"start":{"line":227,"column":35},"end":{"line":252,"column":1}},"line":227},"13":{"name":"(anonymous_13)","decl":{"start":{"line":254,"column":21},"end":{"line":254,"column":22}},"loc":{"start":{"line":254,"column":27},"end":{"line":254,"column":45}},"line":254},"14":{"name":"(anonymous_14)","decl":{"start":{"line":255,"column":22},"end":{"line":255,"column":23}},"loc":{"start":{"line":255,"column":28},"end":{"line":255,"column":47}},"line":255}},"branchMap":{"0":{"loc":{"start":{"line":15,"column":0},"end":{"line":20,"column":1}},"type":"if","locations":[{"start":{"line":15,"column":0},"end":{"line":20,"column":1}},{"start":{},"end":{}}],"line":15},"1":{"loc":{"start":{"line":25,"column":0},"end":{"line":32,"column":1}},"type":"if","locations":[{"start":{"line":25,"column":0},"end":{"line":32,"column":1}},{"start":{},"end":{}}],"line":25},"2":{"loc":{"start":{"line":26,"column":2},"end":{"line":30,"column":3}},"type":"if","locations":[{"start":{"line":26,"column":2},"end":{"line":30,"column":3}},{"start":{},"end":{}}],"line":26},"3":{"loc":{"start":{"line":49,"column":27},"end":{"line":49,"column":65}},"type":"binary-expr","locations":[{"start":{"line":49,"column":27},"end":{"line":49,"column":59}},{"start":{"line":49,"column":63},"end":{"line":49,"column":65}}],"line":49},"4":{"loc":{"start":{"line":73,"column":0},"end":{"line":79,"column":1}},"type":"if","locations":[{"start":{"line":73,"column":0},"end":{"line":79,"column":1}},{"start":{},"end":{}}],"line":73},"5":{"loc":{"start":{"line":73,"column":4},"end":{"line":73,"column":40}},"type":"binary-expr","locations":[{"start":{"line":73,"column":4},"end":{"line":73,"column":18}},{"start":{"line":73,"column":22},"end":{"line":73,"column":40}}],"line":73},"6":{"loc":{"start":{"line":119,"column":4},"end":{"line":121,"column":5}},"type":"if","locations":[{"start":{"line":119,"column":4},"end":{"line":121,"column":5}},{"start":{},"end":{}}],"line":119},"7":{"loc":{"start":{"line":122,"column":4},"end":{"line":124,"column":5}},"type":"if","locations":[{"start":{"line":122,"column":4},"end":{"line":124,"column":5}},{"start":{},"end":{}}],"line":122},"8":{"loc":{"start":{"line":169,"column":2},"end":{"line":178,"column":3}},"type":"if","locations":[{"start":{"line":169,"column":2},"end":{"line":178,"column":3}},{"start":{"line":176,"column":9},"end":{"line":178,"column":3}}],"line":169},"9":{"loc":{"start":{"line":231,"column":2},"end":{"line":234,"column":3}},"type":"if","locations":[{"start":{"line":231,"column":2},"end":{"line":234,"column":3}},{"start":{},"end":{}}],"line":231},"10":{"loc":{"start":{"line":237,"column":2},"end":{"line":239,"column":3}},"type":"if","locations":[{"start":{"line":237,"column":2},"end":{"line":239,"column":3}},{"start":{},"end":{}}],"line":237},"11":{"loc":{"start":{"line":263,"column":0},"end":{"line":268,"column":1}},"type":"if","locations":[{"start":{"line":263,"column":0},"end":{"line":268,"column":1}},{"start":{"line":266,"column":7},"end":{"line":268,"column":1}}],"line":263},"12":{"loc":{"start":{"line":263,"column":4},"end":{"line":263,"column":40}},"type":"binary-expr","locations":[{"start":{"line":263,"column":4},"end":{"line":263,"column":18}},{"start":{"line":263,"column":22},"end":{"line":263,"column":40}}],"line":263}},"s":{"0":0,"1":0,"2":0,"3":0,"4":0,"5":0,"6":0,"7":0,"8":0,"9":0,"10":0,"11":0,"12":0,"13":0,"14":0,"15":0,"16":0,"17":0,"18":0,"19":0,"20":0,"21":0,"22":0,"23":0,"24":0,"25":0,"26":0,"27":0,"28":0,"29":0,"30":0,"31":0,"32":0,"33":0,"34":0,"35":0,"36":0,"37":0,"38":0,"39":0,"40":0,"41":0,"42":0,"43":0,"44":0,"45":0,"46":0,"47":0,"48":0,"49":0,"50":0,"51":0,"52":0,"53":0,"54":0,"55":0,"56":0,"57":0,"58":0,"59":0,"60":0,"61":0,"62":0,"63":0,"64":0,"65":0,"66":0,"67":0,"68":0,"69":0,"70":0,"71":0,"72":0,"73":0,"74":0,"75":0,"76":0,"77":0,"78":0,"79":0,"80":0,"81":0,"82":0,"83":0,"84":0,"85":0,"86":0,"87":0,"88":0,"89":0,"90":0,"91":0,"92":0,"93":0,"94":0,"95":0,"96":0,"97":0,"98":0,"99":0,"100":0,"101":0,"102":0,"103":0,"104":0,"105":0,"106":0,"107":0,"108":0,"109":0,"110":0,"111":0,"112":0,"113":0,"114":0,"115":0,"116":0,"117":0,"118":0,"119":0,"120":0,"121":0,"122":0,"123":0,"124":0,"125":0,"126":0,"127":0,"128":0,"129":0,"130":0},"f":{"0":0,"1":0,"2":0,"3":0,"4":0,"5":0,"6":0,"7":0,"8":0,"9":0,"10":0,"11":0,"12":0,"13":0,"14":0},"b":{"0":[0,0],"1":[0,0],"2":[0,0],"3":[0,0],"4":[0,0],"5":[0,0],"6":[0,0],"7":[0,0],"8":[0,0],"9":[0,0],"10":[0,0],"11":[0,0],"12":[0,0]}}
,"/home/senarokalie/Desktop/chatbot/sessionManager.js": {"path":"/home/senarokalie/Desktop/chatbot/sessionManager.js","statementMap":{"0":{"start":{"line":6,"column":20},"end":{"line":6,"column":48}},"1":{"start":{"line":10,"column":4},"end":{"line":10,"column":30}},"2":{"start":{"line":11,"column":4},"end":{"line":11,"column":26}},"3":{"start":{"line":12,"column":4},"end":{"line":12,"column":64}},"4":{"start":{"line":15,"column":4},"end":{"line":15,"column":34}},"5":{"start":{"line":16,"column":4},"end":{"line":16,"column":67}},"6":{"start":{"line":17,"column":4},"end":{"line":17,"column":76}},"7":{"start":{"line":24,"column":4},"end":{"line":38,"column":5}},"8":{"start":{"line":25,"column":24},"end":{"line":25,"column":51}},"9":{"start":{"line":26,"column":6},"end":{"line":26,"column":32}},"10":{"start":{"line":28,"column":6},"end":{"line":34,"column":7}},"11":{"start":{"line":29,"column":8},"end":{"line":29,"column":69}},"12":{"start":{"line":31,"column":8},"end":{"line":33,"column":10}},"13":{"start":{"line":36,"column":6},"end":{"line":36,"column":77}},"14":{"start":{"line":37,"column":6},"end":{"line":37,"column":28}},"15":{"start":{"line":47,"column":4},"end":{"line":47,"column":35}},"16":{"start":{"line":57,"column":4},"end":{"line":75,"column":5}},"17":{"start":{"line":58,"column":6},"end":{"line":74,"column":7}},"18":{"start":{"line":59,"column":27},"end":{"line":59,"column":58}},"19":{"start":{"line":60,"column":28},"end":{"line":60,"column":73}},"20":{"start":{"line":62,"column":8},"end":{"line":70,"column":9}},"21":{"start":{"line":63,"column":26},"end":{"line":63,"column":49}},"22":{"start":{"line":64,"column":10},"end":{"line":64,"column":44}},"23":{"start":{"line":67,"column":10},"end":{"line":67,"column":76}},"24":{"start":{"line":69,"column":10},"end":{"line":69,"column":25}},"25":{"start":{"line":72,"column":8},"end":{"line":72,"column":66}},"26":{"start":{"line":78,"column":4},"end":{"line":108,"column":5}},"27":{"start":{"line":79,"column":25},"end":{"line":94,"column":7}},"28":{"start":{"line":96,"column":6},"end":{"line":96,"column":48}},"29":{"start":{"line":99,"column":6},"end":{"line":105,"column":7}},"30":{"start":{"line":100,"column":8},"end":{"line":104,"column":9}},"31":{"start":{"line":101,"column":10},"end":{"line":101,"column":58}},"32":{"start":{"line":103,"column":10},"end":{"line":103,"column":62}},"33":{"start":{"line":107,"column":6},"end":{"line":107,"column":24}},"34":{"start":{"line":111,"column":20},"end":{"line":111,"column":49}},"35":{"start":{"line":112,"column":4},"end":{"line":112,"column":38}},"36":{"start":{"line":113,"column":4},"end":{"line":113,"column":19}},"37":{"start":{"line":122,"column":4},"end":{"line":124,"column":5}},"38":{"start":{"line":123,"column":6},"end":{"line":123,"column":13}},"39":{"start":{"line":126,"column":4},"end":{"line":133,"column":5}},"40":{"start":{"line":127,"column":25},"end":{"line":127,"column":56}},"41":{"start":{"line":128,"column":6},"end":{"line":130,"column":69}},"42":{"start":{"line":132,"column":6},"end":{"line":132,"column":66}},"43":{"start":{"line":142,"column":4},"end":{"line":142,"column":25}},"44":{"start":{"line":142,"column":18},"end":{"line":142,"column":25}},"45":{"start":{"line":144,"column":4},"end":{"line":144,"column":38}},"46":{"start":{"line":147,"column":4},"end":{"line":147,"column":43}},"47":{"start":{"line":150,"column":4},"end":{"line":150,"column":49}},"48":{"start":{"line":159,"column":20},"end":{"line":159,"column":53}},"49":{"start":{"line":160,"column":4},"end":{"line":160,"column":31}},"50":{"start":{"line":161,"column":4},"end":{"line":161,"column":51}},"51":{"start":{"line":169,"column":20},"end":{"line":169,"column":53}},"52":{"start":{"line":170,"column":4},"end":{"line":170,"column":22}},"53":{"start":{"line":171,"column":4},"end":{"line":171,"column":51}},"54":{"start":{"line":180,"column":20},"end":{"line":180,"column":53}},"55":{"start":{"line":182,"column":4},"end":{"line":182,"column":59}},"56":{"start":{"line":191,"column":20},"end":{"line":191,"column":53}},"57":{"start":{"line":192,"column":4},"end":{"line":192,"column":24}},"58":{"start":{"line":193,"column":4},"end":{"line":193,"column":51}},"59":{"start":{"line":202,"column":20},"end":{"line":202,"column":53}},"60":{"start":{"line":203,"column":4},"end":{"line":203,"column":24}},"61":{"start":{"line":213,"column":20},"end":{"line":213,"column":53}},"62":{"start":{"line":214,"column":4},"end":{"line":214,"column":25}},"63":{"start":{"line":215,"column":4},"end":{"line":215,"column":51}},"64":{"start":{"line":225,"column":20},"end":{"line":225,"column":53}},"65":{"start":{"line":226,"column":4},"end":{"line":226,"column":24}},"66":{"start":{"line":235,"column":20},"end":{"line":235,"column":53}},"67":{"start":{"line":236,"column":4},"end":{"line":236,"column":30}},"68":{"start":{"line":237,"column":4},"end":{"line":237,"column":51}},"69":{"start":{"line":248,"column":20},"end":{"line":248,"column":53}},"70":{"start":{"line":249,"column":4},"end":{"line":249,"column":38}},"71":{"start":{"line":250,"column":4},"end":{"line":250,"column":32}},"72":{"start":{"line":251,"column":4},"end":{"line":251,"column":28}},"73":{"start":{"line":252,"column":4},"end":{"line":252,"column":51}},"74":{"start":{"line":261,"column":20},"end":{"line":261,"column":53}},"75":{"start":{"line":262,"column":4},"end":{"line":262,"column":27}},"76":{"start":{"line":271,"column":20},"end":{"line":271,"column":53}},"77":{"start":{"line":272,"column":4},"end":{"line":276,"column":6}},"78":{"start":{"line":285,"column":20},"end":{"line":285,"column":53}},"79":{"start":{"line":286,"column":4},"end":{"line":286,"column":40}},"80":{"start":{"line":287,"column":4},"end":{"line":287,"column":51}},"81":{"start":{"line":296,"column":20},"end":{"line":296,"column":53}},"82":{"start":{"line":297,"column":4},"end":{"line":297,"column":36}},"83":{"start":{"line":307,"column":4},"end":{"line":325,"column":5}},"84":{"start":{"line":308,"column":6},"end":{"line":324,"column":7}},"85":{"start":{"line":309,"column":23},"end":{"line":309,"column":46}},"86":{"start":{"line":310,"column":21},"end":{"line":310,"column":51}},"87":{"start":{"line":312,"column":8},"end":{"line":320,"column":9}},"88":{"start":{"line":313,"column":30},"end":{"line":313,"column":51}},"89":{"start":{"line":314,"column":10},"end":{"line":319,"column":11}},"90":{"start":{"line":315,"column":28},"end":{"line":315,"column":51}},"91":{"start":{"line":316,"column":12},"end":{"line":318,"column":13}},"92":{"start":{"line":317,"column":14},"end":{"line":317,"column":40}},"93":{"start":{"line":322,"column":8},"end":{"line":322,"column":77}},"94":{"start":{"line":328,"column":4},"end":{"line":332,"column":5}},"95":{"start":{"line":329,"column":6},"end":{"line":331,"column":7}},"96":{"start":{"line":330,"column":8},"end":{"line":330,"column":26}},"97":{"start":{"line":333,"column":4},"end":{"line":333,"column":16}},"98":{"start":{"line":343,"column":20},"end":{"line":343,"column":53}},"99":{"start":{"line":344,"column":4},"end":{"line":344,"column":35}},"100":{"start":{"line":345,"column":4},"end":{"line":345,"column":41}},"101":{"start":{"line":346,"column":4},"end":{"line":346,"column":51}},"102":{"start":{"line":355,"column":20},"end":{"line":355,"column":53}},"103":{"start":{"line":356,"column":4},"end":{"line":359,"column":6}},"104":{"start":{"line":366,"column":16},"end":{"line":366,"column":26}},"105":{"start":{"line":369,"column":4},"end":{"line":373,"column":5}},"106":{"start":{"line":370,"column":6},"end":{"line":372,"column":7}},"107":{"start":{"line":371,"column":8},"end":{"line":371,"column":41}},"108":{"start":{"line":376,"column":4},"end":{"line":376,"column":51}},"109":{"start":{"line":383,"column":4},"end":{"line":385,"column":5}},"110":{"start":{"line":384,"column":6},"end":{"line":384,"column":37}},"111":{"start":{"line":394,"column":4},"end":{"line":418,"column":5}},"112":{"start":{"line":395,"column":6},"end":{"line":417,"column":7}},"113":{"start":{"line":397,"column":23},"end":{"line":397,"column":46}},"114":{"start":{"line":398,"column":21},"end":{"line":398,"column":22}},"115":{"start":{"line":399,"column":20},"end":{"line":399,"column":21}},"116":{"start":{"line":400,"column":8},"end":{"line":408,"column":31}},"117":{"start":{"line":402,"column":25},"end":{"line":405,"column":12}},"118":{"start":{"line":406,"column":10},"end":{"line":406,"column":33}},"119":{"start":{"line":407,"column":10},"end":{"line":407,"column":38}},"120":{"start":{"line":409,"column":8},"end":{"line":409,"column":21}},"121":{"start":{"line":412,"column":8},"end":{"line":415,"column":10}},"122":{"start":{"line":416,"column":8},"end":{"line":416,"column":34}},"123":{"start":{"line":419,"column":4},"end":{"line":419,"column":30}},"124":{"start":{"line":428,"column":4},"end":{"line":457,"column":5}},"125":{"start":{"line":429,"column":6},"end":{"line":456,"column":7}},"126":{"start":{"line":431,"column":23},"end":{"line":431,"column":46}},"127":{"start":{"line":432,"column":21},"end":{"line":432,"column":24}},"128":{"start":{"line":433,"column":28},"end":{"line":433,"column":69}},"129":{"start":{"line":434,"column":8},"end":{"line":448,"column":33}},"130":{"start":{"line":435,"column":25},"end":{"line":438,"column":12}},"131":{"start":{"line":439,"column":10},"end":{"line":439,"column":33}},"132":{"start":{"line":440,"column":10},"end":{"line":440,"column":34}},"133":{"start":{"line":441,"column":10},"end":{"line":447,"column":11}},"134":{"start":{"line":443,"column":26},"end":{"line":443,"column":53}},"135":{"start":{"line":444,"column":12},"end":{"line":446,"column":13}},"136":{"start":{"line":445,"column":14},"end":{"line":445,"column":40}},"137":{"start":{"line":449,"column":8},"end":{"line":449,"column":39}},"138":{"start":{"line":451,"column":8},"end":{"line":454,"column":10}},"139":{"start":{"line":455,"column":8},"end":{"line":455,"column":48}},"140":{"start":{"line":458,"column":4},"end":{"line":458,"column":44}},"141":{"start":{"line":467,"column":16},"end":{"line":467,"column":26}},"142":{"start":{"line":468,"column":17},"end":{"line":468,"column":50}},"143":{"start":{"line":470,"column":4},"end":{"line":477,"column":5}},"144":{"start":{"line":472,"column":6},"end":{"line":475,"column":9}},"145":{"start":{"line":476,"column":6},"end":{"line":476,"column":18}},"146":{"start":{"line":479,"column":4},"end":{"line":482,"column":5}},"147":{"start":{"line":481,"column":6},"end":{"line":481,"column":19}},"148":{"start":{"line":485,"column":4},"end":{"line":485,"column":17}},"149":{"start":{"line":486,"column":4},"end":{"line":486,"column":44}},"150":{"start":{"line":487,"column":4},"end":{"line":487,"column":16}},"151":{"start":{"line":496,"column":16},"end":{"line":496,"column":26}},"152":{"start":{"line":497,"column":17},"end":{"line":497,"column":50}},"153":{"start":{"line":499,"column":4},"end":{"line":504,"column":5}},"154":{"start":{"line":500,"column":6},"end":{"line":503,"column":8}},"155":{"start":{"line":506,"column":4},"end":{"line":509,"column":6}},"156":{"start":{"line":516,"column":16},"end":{"line":516,"column":26}},"157":{"start":{"line":517,"column":4},"end":{"line":521,"column":5}},"158":{"start":{"line":518,"column":6},"end":{"line":520,"column":7}},"159":{"start":{"line":519,"column":8},"end":{"line":519,"column":45}},"160":{"start":{"line":525,"column":0},"end":{"line":525,"column":32}}},"fnMap":{"0":{"name":"(anonymous_0)","decl":{"start":{"line":9,"column":2},"end":{"line":9,"column":3}},"loc":{"start":{"line":9,"column":16},"end":{"line":18,"column":3}},"line":9},"1":{"name":"(anonymous_1)","decl":{"start":{"line":23,"column":2},"end":{"line":23,"column":3}},"loc":{"start":{"line":23,"column":21},"end":{"line":39,"column":3}},"line":23},"2":{"name":"(anonymous_2)","decl":{"start":{"line":46,"column":2},"end":{"line":46,"column":3}},"loc":{"start":{"line":46,"column":29},"end":{"line":48,"column":3}},"line":46},"3":{"name":"(anonymous_3)","decl":{"start":{"line":55,"column":2},"end":{"line":55,"column":3}},"loc":{"start":{"line":55,"column":31},"end":{"line":114,"column":3}},"line":55},"4":{"name":"(anonymous_4)","decl":{"start":{"line":121,"column":2},"end":{"line":121,"column":3}},"loc":{"start":{"line":121,"column":42},"end":{"line":134,"column":3}},"line":121},"5":{"name":"(anonymous_5)","decl":{"start":{"line":141,"column":2},"end":{"line":141,"column":3}},"loc":{"start":{"line":141,"column":44},"end":{"line":151,"column":3}},"line":141},"6":{"name":"(anonymous_6)","decl":{"start":{"line":158,"column":2},"end":{"line":158,"column":3}},"loc":{"start":{"line":158,"column":39},"end":{"line":162,"column":3}},"line":158},"7":{"name":"(anonymous_7)","decl":{"start":{"line":168,"column":2},"end":{"line":168,"column":3}},"loc":{"start":{"line":168,"column":30},"end":{"line":172,"column":3}},"line":168},"8":{"name":"(anonymous_8)","decl":{"start":{"line":179,"column":2},"end":{"line":179,"column":3}},"loc":{"start":{"line":179,"column":28},"end":{"line":183,"column":3}},"line":179},"9":{"name":"(anonymous_9)","decl":{"start":{"line":190,"column":2},"end":{"line":190,"column":3}},"loc":{"start":{"line":190,"column":34},"end":{"line":194,"column":3}},"line":190},"10":{"name":"(anonymous_10)","decl":{"start":{"line":201,"column":2},"end":{"line":201,"column":3}},"loc":{"start":{"line":201,"column":28},"end":{"line":204,"column":3}},"line":201},"11":{"name":"(anonymous_11)","decl":{"start":{"line":212,"column":2},"end":{"line":212,"column":3}},"loc":{"start":{"line":212,"column":36},"end":{"line":216,"column":3}},"line":212},"12":{"name":"(anonymous_12)","decl":{"start":{"line":224,"column":2},"end":{"line":224,"column":3}},"loc":{"start":{"line":224,"column":29},"end":{"line":227,"column":3}},"line":224},"13":{"name":"(anonymous_13)","decl":{"start":{"line":234,"column":2},"end":{"line":234,"column":3}},"loc":{"start":{"line":234,"column":40},"end":{"line":238,"column":3}},"line":234},"14":{"name":"(anonymous_14)","decl":{"start":{"line":247,"column":2},"end":{"line":247,"column":3}},"loc":{"start":{"line":247,"column":60},"end":{"line":253,"column":3}},"line":247},"15":{"name":"(anonymous_15)","decl":{"start":{"line":260,"column":2},"end":{"line":260,"column":3}},"loc":{"start":{"line":260,"column":31},"end":{"line":263,"column":3}},"line":260},"16":{"name":"(anonymous_16)","decl":{"start":{"line":270,"column":2},"end":{"line":270,"column":3}},"loc":{"start":{"line":270,"column":35},"end":{"line":277,"column":3}},"line":270},"17":{"name":"(anonymous_17)","decl":{"start":{"line":284,"column":2},"end":{"line":284,"column":3}},"loc":{"start":{"line":284,"column":46},"end":{"line":288,"column":3}},"line":284},"18":{"name":"(anonymous_18)","decl":{"start":{"line":295,"column":2},"end":{"line":295,"column":3}},"loc":{"start":{"line":295,"column":36},"end":{"line":298,"column":3}},"line":295},"19":{"name":"(anonymous_19)","decl":{"start":{"line":305,"column":2},"end":{"line":305,"column":3}},"loc":{"start":{"line":305,"column":39},"end":{"line":334,"column":3}},"line":305},"20":{"name":"(anonymous_20)","decl":{"start":{"line":342,"column":2},"end":{"line":342,"column":3}},"loc":{"start":{"line":342,"column":56},"end":{"line":347,"column":3}},"line":342},"21":{"name":"(anonymous_21)","decl":{"start":{"line":354,"column":2},"end":{"line":354,"column":3}},"loc":{"start":{"line":354,"column":37},"end":{"line":360,"column":3}},"line":354},"22":{"name":"(anonymous_22)","decl":{"start":{"line":365,"column":2},"end":{"line":365,"column":3}},"loc":{"start":{"line":365,"column":20},"end":{"line":377,"column":3}},"line":365},"23":{"name":"(anonymous_23)","decl":{"start":{"line":382,"column":2},"end":{"line":382,"column":3}},"loc":{"start":{"line":382,"column":19},"end":{"line":386,"column":3}},"line":382},"24":{"name":"(anonymous_24)","decl":{"start":{"line":393,"column":2},"end":{"line":393,"column":3}},"loc":{"start":{"line":393,"column":32},"end":{"line":420,"column":3}},"line":393},"25":{"name":"(anonymous_25)","decl":{"start":{"line":427,"column":2},"end":{"line":427,"column":3}},"loc":{"start":{"line":427,"column":28},"end":{"line":459,"column":3}},"line":427},"26":{"name":"(anonymous_26)","decl":{"start":{"line":466,"column":2},"end":{"line":466,"column":3}},"loc":{"start":{"line":466,"column":29},"end":{"line":488,"column":3}},"line":466},"27":{"name":"(anonymous_27)","decl":{"start":{"line":495,"column":2},"end":{"line":495,"column":3}},"loc":{"start":{"line":495,"column":33},"end":{"line":510,"column":3}},"line":495},"28":{"name":"(anonymous_28)","decl":{"start":{"line":515,"column":2},"end":{"line":515,"column":3}},"loc":{"start":{"line":515,"column":22},"end":{"line":522,"column":3}},"line":515}},"branchMap":{"0":{"loc":{"start":{"line":12,"column":22},"end":{"line":12,"column":63}},"type":"binary-expr","locations":[{"start":{"line":12,"column":22},"end":{"line":12,"column":55}},{"start":{"line":12,"column":59},"end":{"line":12,"column":63}}],"line":12},"1":{"loc":{"start":{"line":16,"column":24},"end":{"line":16,"column":66}},"type":"binary-expr","locations":[{"start":{"line":16,"column":24},"end":{"line":16,"column":60}},{"start":{"line":16,"column":64},"end":{"line":16,"column":66}}],"line":16},"2":{"loc":{"start":{"line":17,"column":27},"end":{"line":17,"column":75}},"type":"binary-expr","locations":[{"start":{"line":17,"column":27},"end":{"line":17,"column":66}},{"start":{"line":17,"column":70},"end":{"line":17,"column":75}}],"line":17},"3":{"loc":{"start":{"line":28,"column":6},"end":{"line":34,"column":7}},"type":"if","locations":[{"start":{"line":28,"column":6},"end":{"line":34,"column":7}},{"start":{"line":30,"column":13},"end":{"line":34,"column":7}}],"line":28},"4":{"loc":{"start":{"line":57,"column":4},"end":{"line":75,"column":5}},"type":"if","locations":[{"start":{"line":57,"column":4},"end":{"line":75,"column":5}},{"start":{},"end":{}}],"line":57},"5":{"loc":{"start":{"line":57,"column":8},"end":{"line":57,"column":46}},"type":"binary-expr","locations":[{"start":{"line":57,"column":8},"end":{"line":57,"column":21}},{"start":{"line":57,"column":25},"end":{"line":57,"column":46}}],"line":57},"6":{"loc":{"start":{"line":62,"column":8},"end":{"line":70,"column":9}},"type":"if","locations":[{"start":{"line":62,"column":8},"end":{"line":70,"column":9}},{"start":{},"end":{}}],"line":62},"7":{"loc":{"start":{"line":78,"column":4},"end":{"line":108,"column":5}},"type":"if","locations":[{"start":{"line":78,"column":4},"end":{"line":108,"column":5}},{"start":{},"end":{}}],"line":78},"8":{"loc":{"start":{"line":99,"column":6},"end":{"line":105,"column":7}},"type":"if","locations":[{"start":{"line":99,"column":6},"end":{"line":105,"column":7}},{"start":{},"end":{}}],"line":99},"9":{"loc":{"start":{"line":99,"column":10},"end":{"line":99,"column":48}},"type":"binary-expr","locations":[{"start":{"line":99,"column":10},"end":{"line":99,"column":23}},{"start":{"line":99,"column":27},"end":{"line":99,"column":48}}],"line":99},"10":{"loc":{"start":{"line":122,"column":4},"end":{"line":124,"column":5}},"type":"if","locations":[{"start":{"line":122,"column":4},"end":{"line":124,"column":5}},{"start":{},"end":{}}],"line":122},"11":{"loc":{"start":{"line":122,"column":8},"end":{"line":122,"column":48}},"type":"binary-expr","locations":[{"start":{"line":122,"column":8},"end":{"line":122,"column":22}},{"start":{"line":122,"column":26},"end":{"line":122,"column":48}}],"line":122},"12":{"loc":{"start":{"line":142,"column":4},"end":{"line":142,"column":25}},"type":"if","locations":[{"start":{"line":142,"column":4},"end":{"line":142,"column":25}},{"start":{},"end":{}}],"line":142},"13":{"loc":{"start":{"line":182,"column":11},"end":{"line":182,"column":58}},"type":"cond-expr","locations":[{"start":{"line":182,"column":41},"end":{"line":182,"column":53}},{"start":{"line":182,"column":56},"end":{"line":182,"column":58}}],"line":182},"14":{"loc":{"start":{"line":307,"column":4},"end":{"line":325,"column":5}},"type":"if","locations":[{"start":{"line":307,"column":4},"end":{"line":325,"column":5}},{"start":{},"end":{}}],"line":307},"15":{"loc":{"start":{"line":307,"column":8},"end":{"line":307,"column":46}},"type":"binary-expr","locations":[{"start":{"line":307,"column":8},"end":{"line":307,"column":21}},{"start":{"line":307,"column":25},"end":{"line":307,"column":46}}],"line":307},"16":{"loc":{"start":{"line":314,"column":10},"end":{"line":319,"column":11}},"type":"if","locations":[{"start":{"line":314,"column":10},"end":{"line":319,"column":11}},{"start":{},"end":{}}],"line":314},"17":{"loc":{"start":{"line":316,"column":12},"end":{"line":318,"column":13}},"type":"if","locations":[{"start":{"line":316,"column":12},"end":{"line":318,"column":13}},{"start":{},"end":{}}],"line":316},"18":{"loc":{"start":{"line":329,"column":6},"end":{"line":331,"column":7}},"type":"if","locations":[{"start":{"line":329,"column":6},"end":{"line":331,"column":7}},{"start":{},"end":{}}],"line":329},"19":{"loc":{"start":{"line":370,"column":6},"end":{"line":372,"column":7}},"type":"if","locations":[{"start":{"line":370,"column":6},"end":{"line":372,"column":7}},{"start":{},"end":{}}],"line":370},"20":{"loc":{"start":{"line":383,"column":4},"end":{"line":385,"column":5}},"type":"if","locations":[{"start":{"line":383,"column":4},"end":{"line":385,"column":5}},{"start":{},"end":{}}],"line":383},"21":{"loc":{"start":{"line":394,"column":4},"end":{"line":418,"column":5}},"type":"if","locations":[{"start":{"line":394,"column":4},"end":{"line":418,"column":5}},{"start":{},"end":{}}],"line":394},"22":{"loc":{"start":{"line":394,"column":8},"end":{"line":394,"column":46}},"type":"binary-expr","locations":[{"start":{"line":394,"column":8},"end":{"line":394,"column":21}},{"start":{"line":394,"column":25},"end":{"line":394,"column":46}}],"line":394},"23":{"loc":{"start":{"line":428,"column":4},"end":{"line":457,"column":5}},"type":"if","locations":[{"start":{"line":428,"column":4},"end":{"line":457,"column":5}},{"start":{},"end":{}}],"line":428},"24":{"loc":{"start":{"line":428,"column":8},"end":{"line":428,"column":46}},"type":"binary-expr","locations":[{"start":{"line":428,"column":8},"end":{"line":428,"column":21}},{"start":{"line":428,"column":25},"end":{"line":428,"column":46}}],"line":428},"25":{"loc":{"start":{"line":444,"column":12},"end":{"line":446,"column":13}},"type":"if","locations":[{"start":{"line":444,"column":12},"end":{"line":446,"column":13}},{"start":{},"end":{}}],"line":444},"26":{"loc":{"start":{"line":444,"column":16},"end":{"line":444,"column":33}},"type":"binary-expr","locations":[{"start":{"line":444,"column":16},"end":{"line":444,"column":21}},{"start":{"line":444,"column":25},"end":{"line":444,"column":33}}],"line":444},"27":{"loc":{"start":{"line":470,"column":4},"end":{"line":477,"column":5}},"type":"if","locations":[{"start":{"line":470,"column":4},"end":{"line":477,"column":5}},{"start":{},"end":{}}],"line":470},"28":{"loc":{"start":{"line":470,"column":8},"end":{"line":470,"column":37}},"type":"binary-expr","locations":[{"start":{"line":470,"column":8},"end":{"line":470,"column":13}},{"start":{"line":470,"column":17},"end":{"line":470,"column":37}}],"line":470},"29":{"loc":{"start":{"line":479,"column":4},"end":{"line":482,"column":5}},"type":"if","locations":[{"start":{"line":479,"column":4},"end":{"line":482,"column":5}},{"start":{},"end":{}}],"line":479},"30":{"loc":{"start":{"line":499,"column":4},"end":{"line":504,"column":5}},"type":"if","locations":[{"start":{"line":499,"column":4},"end":{"line":504,"column":5}},{"start":{},"end":{}}],"line":499},"31":{"loc":{"start":{"line":499,"column":8},"end":{"line":499,"column":37}},"type":"binary-expr","locations":[{"start":{"line":499,"column":8},"end":{"line":499,"column":13}},{"start":{"line":499,"column":17},"end":{"line":499,"column":37}}],"line":499},"32":{"loc":{"start":{"line":518,"column":6},"end":{"line":520,"column":7}},"type":"if","locations":[{"start":{"line":518,"column":6},"end":{"line":520,"column":7}},{"start":{},"end":{}}],"line":518}},"s":{"0":0,"1":0,"2":0,"3":0,"4":0,"5":0,"6":0,"7":0,"8":0,"9":0,"10":0,"11":0,"12":0,"13":0,"14":0,"15":0,"16":0,"17":0,"18":0,"19":0,"20":0,"21":0,"22":0,"23":0,"24":0,"25":0,"26":0,"27":0,"28":0,"29":0,"30":0,"31":0,"32":0,"33":0,"34":0,"35":0,"36":0,"37":0,"38":0,"39":0,"40":0,"41":0,"42":0,"43":0,"44":0,"45":0,"46":0,"47":0,"48":0,"49":0,"50":0,"51":0,"52":0,"53":0,"54":0,"55":0,"56":0,"57":0,"58":0,"59":0,"60":0,"61":0,"62":0,"63":0,"64":0,"65":0,"66":0,"67":0,"68":0,"69":0,"70":0,"71":0,"72":0,"73":0,"74":0,"75":0,"76":0,"77":0,"78":0,"79":0,"80":0,"81":0,"82":0,"83":0,"84":0,"85":0,"86":0,"87":0,"88":0,"89":0,"90":0,"91":0,"92":0,"93":0,"94":0,"95":0,"96":0,"97":0,"98":0,"99":0,"100":0,"101":0,"102":0,"103":0,"104":0,"105":0,"106":0,"107":0,"108":0,"109":0,"110":0,"111":0,"112":0,"113":0,"114":0,"115":0,"116":0,"117":0,"118":0,"119":0,"120":0,"121":0,"122":0,"123":0,"124":0,"125":0,"126":0,"127":0,"128":0,"129":0,"130":0,"131":0,"132":0,"133":0,"134":0,"135":0,"136":0,"137":0,"138":0,"139":0,"140":0,"141":0,"142":0,"143":0,"144":0,"145":0,"146":0,"147":0,"148":0,"149":0,"150":0,"151":0,"152":0,"153":0,"154":0,"155":0,"156":0,"157":0,"158":0,"159":0,"160":0},"f":{"0":0,"1":0,"2":0,"3":0,"4":0,"5":0,"6":0,"7":0,"8":0,"9":0,"10":0,"11":0,"12":0,"13":0,"14":0,"15":0,"16":0,"17":0,"18":0,"19":0,"20":0,"21":0,"22":0,"23":0,"24":0,"25":0,"26":0,"27":0,"28":0},"b":{"0":[0,0],"1":[0,0],"2":[0,0],"3":[0,0],"4":[0,0],"5":[0,0],"6":[0,0],"7":[0,0],"8":[0,0],"9":[0,0],"10":[0,0],"11":[0,0],"12":[0,0],"13":[0,0],"14":[0,0],"15":[0,0],"16":[0,0],"17":[0,0],"18":[0,0],"19":[0,0],"20":[0,0],"21":[0,0],"22":[0,0],"23":[0,0],"24":[0,0],"25":[0,0],"26":[0,0],"27":[0,0],"28":[0,0],"29":[0,0],"30":[0,0],"31":[0,0],"32":[0,0]}}
,"/home/senarokalie/Desktop/chatbot/lib/SecureLogger.js": {"path":"/home/senarokalie/Desktop/chatbot/lib/SecureLogger.js","statementMap":{"0":{"start":{"line":6,"column":11},"end":{"line":6,"column":24}},"1":{"start":{"line":7,"column":13},"end":{"line":7,"column":28}},"2":{"start":{"line":11,"column":4},"end":{"line":11,"column":66}},"3":{"start":{"line":12,"column":4},"end":{"line":12,"column":49}},"4":{"start":{"line":13,"column":4},"end":{"line":13,"column":68}},"5":{"start":{"line":14,"column":4},"end":{"line":14,"column":45}},"6":{"start":{"line":15,"column":4},"end":{"line":15,"column":63}},"7":{"start":{"line":16,"column":4},"end":{"line":16,"column":55}},"8":{"start":{"line":19,"column":4},"end":{"line":25,"column":6}},"9":{"start":{"line":28,"column":4},"end":{"line":30,"column":5}},"10":{"start":{"line":29,"column":6},"end":{"line":29,"column":53}},"11":{"start":{"line":37,"column":25},"end":{"line":37,"column":53}},"12":{"start":{"line":38,"column":25},"end":{"line":38,"column":48}},"13":{"start":{"line":39,"column":4},"end":{"line":39,"column":40}},"14":{"start":{"line":46,"column":4},"end":{"line":46,"column":35}},"15":{"start":{"line":46,"column":23},"end":{"line":46,"column":35}},"16":{"start":{"line":48,"column":17},"end":{"line":48,"column":29}},"17":{"start":{"line":51,"column":4},"end":{"line":54,"column":7}},"18":{"start":{"line":52,"column":19},"end":{"line":52,"column":40}},"19":{"start":{"line":53,"column":6},"end":{"line":53,"column":46}},"20":{"start":{"line":57,"column":4},"end":{"line":57,"column":66}},"21":{"start":{"line":60,"column":4},"end":{"line":60,"column":130}},"22":{"start":{"line":63,"column":4},"end":{"line":63,"column":98}},"23":{"start":{"line":66,"column":4},"end":{"line":66,"column":71}},"24":{"start":{"line":69,"column":4},"end":{"line":69,"column":86}},"25":{"start":{"line":71,"column":4},"end":{"line":71,"column":18}},"26":{"start":{"line":78,"column":18},"end":{"line":78,"column":20}},"27":{"start":{"line":81,"column":4},"end":{"line":83,"column":5}},"28":{"start":{"line":82,"column":6},"end":{"line":82,"column":50}},"29":{"start":{"line":86,"column":4},"end":{"line":88,"column":5}},"30":{"start":{"line":87,"column":6},"end":{"line":87,"column":45}},"31":{"start":{"line":91,"column":4},"end":{"line":93,"column":5}},"32":{"start":{"line":92,"column":6},"end":{"line":92,"column":43}},"33":{"start":{"line":96,"column":4},"end":{"line":96,"column":24}},"34":{"start":{"line":99,"column":4},"end":{"line":101,"column":5}},"35":{"start":{"line":100,"column":6},"end":{"line":100,"column":76}},"36":{"start":{"line":102,"column":4},"end":{"line":104,"column":5}},"37":{"start":{"line":103,"column":6},"end":{"line":103,"column":46}},"38":{"start":{"line":105,"column":4},"end":{"line":107,"column":5}},"39":{"start":{"line":106,"column":6},"end":{"line":106,"column":69}},"40":{"start":{"line":109,"column":4},"end":{"line":109,"column":27}},"41":{"start":{"line":116,"column":4},"end":{"line":116,"column":32}},"42":{"start":{"line":116,"column":25},"end":{"line":116,"column":32}},"43":{"start":{"line":118,"column":4},"end":{"line":126,"column":5}},"44":{"start":{"line":119,"column":23},"end":{"line":119,"column":98}},"45":{"start":{"line":120,"column":22},"end":{"line":120,"column":45}},"46":{"start":{"line":122,"column":6},"end":{"line":122,"column":51}},"47":{"start":{"line":125,"column":6},"end":{"line":125,"column":74}},"48":{"start":{"line":133,"column":4},"end":{"line":133,"column":41}},"49":{"start":{"line":133,"column":34},"end":{"line":133,"column":41}},"50":{"start":{"line":135,"column":22},"end":{"line":135,"column":91}},"51":{"start":{"line":136,"column":4},"end":{"line":136,"column":48}},"52":{"start":{"line":137,"column":4},"end":{"line":137,"column":41}},"53":{"start":{"line":144,"column":4},"end":{"line":144,"column":40}},"54":{"start":{"line":144,"column":33},"end":{"line":144,"column":40}},"55":{"start":{"line":146,"column":22},"end":{"line":146,"column":90}},"56":{"start":{"line":147,"column":4},"end":{"line":147,"column":27}},"57":{"start":{"line":148,"column":4},"end":{"line":148,"column":40}},"58":{"start":{"line":155,"column":4},"end":{"line":155,"column":40}},"59":{"start":{"line":155,"column":33},"end":{"line":155,"column":40}},"60":{"start":{"line":157,"column":22},"end":{"line":157,"column":90}},"61":{"start":{"line":158,"column":4},"end":{"line":158,"column":49}},"62":{"start":{"line":159,"column":4},"end":{"line":159,"column":40}},"63":{"start":{"line":166,"column":4},"end":{"line":166,"column":41}},"64":{"start":{"line":166,"column":34},"end":{"line":166,"column":41}},"65":{"start":{"line":168,"column":22},"end":{"line":168,"column":91}},"66":{"start":{"line":169,"column":4},"end":{"line":169,"column":50}},"67":{"start":{"line":170,"column":4},"end":{"line":170,"column":41}},"68":{"start":{"line":178,"column":28},"end":{"line":178,"column":40}},"69":{"start":{"line":179,"column":4},"end":{"line":179,"column":25}},"70":{"start":{"line":181,"column":22},"end":{"line":181,"column":70}},"71":{"start":{"line":182,"column":4},"end":{"line":182,"column":50}},"72":{"start":{"line":183,"column":4},"end":{"line":183,"column":44}},"73":{"start":{"line":185,"column":4},"end":{"line":185,"column":35}},"74":{"start":{"line":192,"column":20},"end":{"line":192,"column":66}},"75":{"start":{"line":193,"column":4},"end":{"line":193,"column":46}},"76":{"start":{"line":200,"column":20},"end":{"line":200,"column":43}},"77":{"start":{"line":201,"column":4},"end":{"line":205,"column":7}},"78":{"start":{"line":212,"column":20},"end":{"line":212,"column":48}},"79":{"start":{"line":213,"column":4},"end":{"line":217,"column":7}},"80":{"start":{"line":224,"column":20},"end":{"line":224,"column":45}},"81":{"start":{"line":225,"column":4},"end":{"line":229,"column":7}},"82":{"start":{"line":236,"column":20},"end":{"line":236,"column":38}},"83":{"start":{"line":237,"column":4},"end":{"line":241,"column":7}},"84":{"start":{"line":248,"column":20},"end":{"line":248,"column":66}},"85":{"start":{"line":249,"column":4},"end":{"line":252,"column":7}},"86":{"start":{"line":259,"column":4},"end":{"line":261,"column":5}},"87":{"start":{"line":260,"column":6},"end":{"line":260,"column":56}},"88":{"start":{"line":262,"column":4},"end":{"line":262,"column":33}},"89":{"start":{"line":266,"column":4},"end":{"line":266,"column":62}},"90":{"start":{"line":270,"column":4},"end":{"line":270,"column":61}},"91":{"start":{"line":274,"column":4},"end":{"line":274,"column":61}},"92":{"start":{"line":278,"column":4},"end":{"line":278,"column":62}},"93":{"start":{"line":282,"column":4},"end":{"line":282,"column":65}},"94":{"start":{"line":286,"column":4},"end":{"line":286,"column":78}},"95":{"start":{"line":290,"column":4},"end":{"line":290,"column":78}},"96":{"start":{"line":294,"column":4},"end":{"line":294,"column":69}},"97":{"start":{"line":298,"column":4},"end":{"line":298,"column":70}},"98":{"start":{"line":302,"column":4},"end":{"line":302,"column":74}},"99":{"start":{"line":306,"column":4},"end":{"line":306,"column":78}},"100":{"start":{"line":310,"column":0},"end":{"line":310,"column":30}}},"fnMap":{"0":{"name":"(anonymous_0)","decl":{"start":{"line":10,"column":2},"end":{"line":10,"column":3}},"loc":{"start":{"line":10,"column":28},"end":{"line":31,"column":3}},"line":10},"1":{"name":"(anonymous_1)","decl":{"start":{"line":36,"column":2},"end":{"line":36,"column":3}},"loc":{"start":{"line":36,"column":19},"end":{"line":40,"column":3}},"line":36},"2":{"name":"(anonymous_2)","decl":{"start":{"line":45,"column":2},"end":{"line":45,"column":3}},"loc":{"start":{"line":45,"column":26},"end":{"line":72,"column":3}},"line":45},"3":{"name":"(anonymous_3)","decl":{"start":{"line":51,"column":51},"end":{"line":51,"column":52}},"loc":{"start":{"line":51,"column":62},"end":{"line":54,"column":5}},"line":51},"4":{"name":"(anonymous_4)","decl":{"start":{"line":77,"column":2},"end":{"line":77,"column":3}},"loc":{"start":{"line":77,"column":46},"end":{"line":110,"column":3}},"line":77},"5":{"name":"(anonymous_5)","decl":{"start":{"line":115,"column":2},"end":{"line":115,"column":3}},"loc":{"start":{"line":115,"column":39},"end":{"line":127,"column":3}},"line":115},"6":{"name":"(anonymous_6)","decl":{"start":{"line":132,"column":2},"end":{"line":132,"column":3}},"loc":{"start":{"line":132,"column":31},"end":{"line":138,"column":3}},"line":132},"7":{"name":"(anonymous_7)","decl":{"start":{"line":143,"column":2},"end":{"line":143,"column":3}},"loc":{"start":{"line":143,"column":30},"end":{"line":149,"column":3}},"line":143},"8":{"name":"(anonymous_8)","decl":{"start":{"line":154,"column":2},"end":{"line":154,"column":3}},"loc":{"start":{"line":154,"column":30},"end":{"line":160,"column":3}},"line":154},"9":{"name":"(anonymous_9)","decl":{"start":{"line":165,"column":2},"end":{"line":165,"column":3}},"loc":{"start":{"line":165,"column":31},"end":{"line":171,"column":3}},"line":165},"10":{"name":"(anonymous_10)","decl":{"start":{"line":176,"column":2},"end":{"line":176,"column":3}},"loc":{"start":{"line":176,"column":34},"end":{"line":186,"column":3}},"line":176},"11":{"name":"(anonymous_11)","decl":{"start":{"line":191,"column":2},"end":{"line":191,"column":3}},"loc":{"start":{"line":191,"column":42},"end":{"line":194,"column":3}},"line":191},"12":{"name":"(anonymous_12)","decl":{"start":{"line":199,"column":2},"end":{"line":199,"column":3}},"loc":{"start":{"line":199,"column":47},"end":{"line":206,"column":3}},"line":199},"13":{"name":"(anonymous_13)","decl":{"start":{"line":211,"column":2},"end":{"line":211,"column":3}},"loc":{"start":{"line":211,"column":38},"end":{"line":218,"column":3}},"line":211},"14":{"name":"(anonymous_14)","decl":{"start":{"line":223,"column":2},"end":{"line":223,"column":3}},"loc":{"start":{"line":223,"column":39},"end":{"line":230,"column":3}},"line":223},"15":{"name":"(anonymous_15)","decl":{"start":{"line":235,"column":2},"end":{"line":235,"column":3}},"loc":{"start":{"line":235,"column":43},"end":{"line":242,"column":3}},"line":235},"16":{"name":"(anonymous_16)","decl":{"start":{"line":247,"column":2},"end":{"line":247,"column":3}},"loc":{"start":{"line":247,"column":42},"end":{"line":253,"column":3}},"line":247},"17":{"name":"(anonymous_17)","decl":{"start":{"line":258,"column":2},"end":{"line":258,"column":3}},"loc":{"start":{"line":258,"column":30},"end":{"line":263,"column":3}},"line":258},"18":{"name":"(anonymous_18)","decl":{"start":{"line":265,"column":2},"end":{"line":265,"column":3}},"loc":{"start":{"line":265,"column":33},"end":{"line":267,"column":3}},"line":265},"19":{"name":"(anonymous_19)","decl":{"start":{"line":269,"column":2},"end":{"line":269,"column":3}},"loc":{"start":{"line":269,"column":32},"end":{"line":271,"column":3}},"line":269},"20":{"name":"(anonymous_20)","decl":{"start":{"line":273,"column":2},"end":{"line":273,"column":3}},"loc":{"start":{"line":273,"column":32},"end":{"line":275,"column":3}},"line":273},"21":{"name":"(anonymous_21)","decl":{"start":{"line":277,"column":2},"end":{"line":277,"column":3}},"loc":{"start":{"line":277,"column":33},"end":{"line":279,"column":3}},"line":277},"22":{"name":"(anonymous_22)","decl":{"start":{"line":281,"column":2},"end":{"line":281,"column":3}},"loc":{"start":{"line":281,"column":36},"end":{"line":283,"column":3}},"line":281},"23":{"name":"(anonymous_23)","decl":{"start":{"line":285,"column":2},"end":{"line":285,"column":3}},"loc":{"start":{"line":285,"column":49},"end":{"line":287,"column":3}},"line":285},"24":{"name":"(anonymous_24)","decl":{"start":{"line":289,"column":2},"end":{"line":289,"column":3}},"loc":{"start":{"line":289,"column":49},"end":{"line":291,"column":3}},"line":289},"25":{"name":"(anonymous_25)","decl":{"start":{"line":293,"column":2},"end":{"line":293,"column":3}},"loc":{"start":{"line":293,"column":40},"end":{"line":295,"column":3}},"line":293},"26":{"name":"(anonymous_26)","decl":{"start":{"line":297,"column":2},"end":{"line":297,"column":3}},"loc":{"start":{"line":297,"column":41},"end":{"line":299,"column":3}},"line":297},"27":{"name":"(anonymous_27)","decl":{"start":{"line":301,"column":2},"end":{"line":301,"column":3}},"loc":{"start":{"line":301,"column":45},"end":{"line":303,"column":3}},"line":301},"28":{"name":"(anonymous_28)","decl":{"start":{"line":305,"column":2},"end":{"line":305,"column":3}},"loc":{"start":{"line":305,"column":49},"end":{"line":307,"column":3}},"line":305}},"branchMap":{"0":{"loc":{"start":{"line":10,"column":14},"end":{"line":10,"column":26}},"type":"default-arg","locations":[{"start":{"line":10,"column":24},"end":{"line":10,"column":26}}],"line":10},"1":{"loc":{"start":{"line":11,"column":17},"end":{"line":11,"column":65}},"type":"binary-expr","locations":[{"start":{"line":11,"column":17},"end":{"line":11,"column":30}},{"start":{"line":11,"column":34},"end":{"line":11,"column":55}},{"start":{"line":11,"column":59},"end":{"line":11,"column":65}}],"line":11},"2":{"loc":{"start":{"line":13,"column":18},"end":{"line":13,"column":67}},"type":"binary-expr","locations":[{"start":{"line":13,"column":18},"end":{"line":13,"column":32}},{"start":{"line":13,"column":36},"end":{"line":13,"column":67}}],"line":13},"3":{"loc":{"start":{"line":28,"column":4},"end":{"line":30,"column":5}},"type":"if","locations":[{"start":{"line":28,"column":4},"end":{"line":30,"column":5}},{"start":{},"end":{}}],"line":28},"4":{"loc":{"start":{"line":28,"column":8},"end":{"line":28,"column":53}},"type":"binary-expr","locations":[{"start":{"line":28,"column":8},"end":{"line":28,"column":22}},{"start":{"line":28,"column":26},"end":{"line":28,"column":53}}],"line":28},"5":{"loc":{"start":{"line":37,"column":25},"end":{"line":37,"column":53}},"type":"binary-expr","locations":[{"start":{"line":37,"column":25},"end":{"line":37,"column":48}},{"start":{"line":37,"column":52},"end":{"line":37,"column":53}}],"line":37},"6":{"loc":{"start":{"line":38,"column":25},"end":{"line":38,"column":48}},"type":"binary-expr","locations":[{"start":{"line":38,"column":25},"end":{"line":38,"column":43}},{"start":{"line":38,"column":47},"end":{"line":38,"column":48}}],"line":38},"7":{"loc":{"start":{"line":46,"column":4},"end":{"line":46,"column":35}},"type":"if","locations":[{"start":{"line":46,"column":4},"end":{"line":46,"column":35}},{"start":{},"end":{}}],"line":46},"8":{"loc":{"start":{"line":77,"column":32},"end":{"line":77,"column":44}},"type":"default-arg","locations":[{"start":{"line":77,"column":42},"end":{"line":77,"column":44}}],"line":77},"9":{"loc":{"start":{"line":81,"column":4},"end":{"line":83,"column":5}},"type":"if","locations":[{"start":{"line":81,"column":4},"end":{"line":83,"column":5}},{"start":{},"end":{}}],"line":81},"10":{"loc":{"start":{"line":86,"column":4},"end":{"line":88,"column":5}},"type":"if","locations":[{"start":{"line":86,"column":4},"end":{"line":88,"column":5}},{"start":{},"end":{}}],"line":86},"11":{"loc":{"start":{"line":91,"column":4},"end":{"line":93,"column":5}},"type":"if","locations":[{"start":{"line":91,"column":4},"end":{"line":93,"column":5}},{"start":{},"end":{}}],"line":91},"12":{"loc":{"start":{"line":99,"column":4},"end":{"line":101,"column":5}},"type":"if","locations":[{"start":{"line":99,"column":4},"end":{"line":101,"column":5}},{"start":{},"end":{}}],"line":99},"13":{"loc":{"start":{"line":102,"column":4},"end":{"line":104,"column":5}},"type":"if","locations":[{"start":{"line":102,"column":4},"end":{"line":104,"column":5}},{"start":{},"end":{}}],"line":102},"14":{"loc":{"start":{"line":105,"column":4},"end":{"line":107,"column":5}},"type":"if","locations":[{"start":{"line":105,"column":4},"end":{"line":107,"column":5}},{"start":{},"end":{}}],"line":105},"15":{"loc":{"start":{"line":106,"column":27},"end":{"line":106,"column":65}},"type":"binary-expr","locations":[{"start":{"line":106,"column":27},"end":{"line":106,"column":48}},{"start":{"line":106,"column":52},"end":{"line":106,"column":65}}],"line":106},"16":{"loc":{"start":{"line":116,"column":4},"end":{"line":116,"column":32}},"type":"if","locations":[{"start":{"line":116,"column":4},"end":{"line":116,"column":32}},{"start":{},"end":{}}],"line":116},"17":{"loc":{"start":{"line":132,"column":17},"end":{"line":132,"column":29}},"type":"default-arg","locations":[{"start":{"line":132,"column":27},"end":{"line":132,"column":29}}],"line":132},"18":{"loc":{"start":{"line":133,"column":4},"end":{"line":133,"column":41}},"type":"if","locations":[{"start":{"line":133,"column":4},"end":{"line":133,"column":41}},{"start":{},"end":{}}],"line":133},"19":{"loc":{"start":{"line":143,"column":16},"end":{"line":143,"column":28}},"type":"default-arg","locations":[{"start":{"line":143,"column":26},"end":{"line":143,"column":28}}],"line":143},"20":{"loc":{"start":{"line":144,"column":4},"end":{"line":144,"column":40}},"type":"if","locations":[{"start":{"line":144,"column":4},"end":{"line":144,"column":40}},{"start":{},"end":{}}],"line":144},"21":{"loc":{"start":{"line":154,"column":16},"end":{"line":154,"column":28}},"type":"default-arg","locations":[{"start":{"line":154,"column":26},"end":{"line":154,"column":28}}],"line":154},"22":{"loc":{"start":{"line":155,"column":4},"end":{"line":155,"column":40}},"type":"if","locations":[{"start":{"line":155,"column":4},"end":{"line":155,"column":40}},{"start":{},"end":{}}],"line":155},"23":{"loc":{"start":{"line":165,"column":17},"end":{"line":165,"column":29}},"type":"default-arg","locations":[{"start":{"line":165,"column":27},"end":{"line":165,"column":29}}],"line":165},"24":{"loc":{"start":{"line":166,"column":4},"end":{"line":166,"column":41}},"type":"if","locations":[{"start":{"line":166,"column":4},"end":{"line":166,"column":41}},{"start":{},"end":{}}],"line":166},"25":{"loc":{"start":{"line":176,"column":20},"end":{"line":176,"column":32}},"type":"default-arg","locations":[{"start":{"line":176,"column":30},"end":{"line":176,"column":32}}],"line":176},"26":{"loc":{"start":{"line":199,"column":33},"end":{"line":199,"column":45}},"type":"default-arg","locations":[{"start":{"line":199,"column":43},"end":{"line":199,"column":45}}],"line":199},"27":{"loc":{"start":{"line":211,"column":24},"end":{"line":211,"column":36}},"type":"default-arg","locations":[{"start":{"line":211,"column":34},"end":{"line":211,"column":36}}],"line":211},"28":{"loc":{"start":{"line":223,"column":25},"end":{"line":223,"column":37}},"type":"default-arg","locations":[{"start":{"line":223,"column":35},"end":{"line":223,"column":37}}],"line":223},"29":{"loc":{"start":{"line":235,"column":29},"end":{"line":235,"column":41}},"type":"default-arg","locations":[{"start":{"line":235,"column":39},"end":{"line":235,"column":41}}],"line":235},"30":{"loc":{"start":{"line":259,"column":4},"end":{"line":261,"column":5}},"type":"if","locations":[{"start":{"line":259,"column":4},"end":{"line":261,"column":5}},{"start":{},"end":{}}],"line":259}},"s":{"0":0,"1":0,"2":0,"3":0,"4":0,"5":0,"6":0,"7":0,"8":0,"9":0,"10":0,"11":0,"12":0,"13":0,"14":0,"15":0,"16":0,"17":0,"18":0,"19":0,"20":0,"21":0,"22":0,"23":0,"24":0,"25":0,"26":0,"27":0,"28":0,"29":0,"30":0,"31":0,"32":0,"33":0,"34":0,"35":0,"36":0,"37":0,"38":0,"39":0,"40":0,"41":0,"42":0,"43":0,"44":0,"45":0,"46":0,"47":0,"48":0,"49":0,"50":0,"51":0,"52":0,"53":0,"54":0,"55":0,"56":0,"57":0,"58":0,"59":0,"60":0,"61":0,"62":0,"63":0,"64":0,"65":0,"66":0,"67":0,"68":0,"69":0,"70":0,"71":0,"72":0,"73":0,"74":0,"75":0,"76":0,"77":0,"78":0,"79":0,"80":0,"81":0,"82":0,"83":0,"84":0,"85":0,"86":0,"87":0,"88":0,"89":0,"90":0,"91":0,"92":0,"93":0,"94":0,"95":0,"96":0,"97":0,"98":0,"99":0,"100":0},"f":{"0":0,"1":0,"2":0,"3":0,"4":0,"5":0,"6":0,"7":0,"8":0,"9":0,"10":0,"11":0,"12":0,"13":0,"14":0,"15":0,"16":0,"17":0,"18":0,"19":0,"20":0,"21":0,"22":0,"23":0,"24":0,"25":0,"26":0,"27":0,"28":0},"b":{"0":[0],"1":[0,0,0],"2":[0,0],"3":[0,0],"4":[0,0],"5":[0,0],"6":[0,0],"7":[0,0],"8":[0],"9":[0,0],"10":[0,0],"11":[0,0],"12":[0,0],"13":[0,0],"14":[0,0],"15":[0,0],"16":[0,0],"17":[0],"18":[0,0],"19":[0],"20":[0,0],"21":[0],"22":[0,0],"23":[0],"24":[0,0],"25":[0],"26":[0],"27":[0],"28":[0],"29":[0],"30":[0,0]}}
[...]
7},"end":{"line":369,"column":63}},"type":"default-arg","locations":[{"start":{"line":369,"column":58},"end":{"line":369,"column":63}}],"line":369},"51":{"loc":{"start":{"line":369,"column":65},"end":{"line":369,"column":78}},"type":"default-arg","locations":[{"start":{"line":369,"column":73},"end":{"line":369,"column":78}}],"line":369},"52":{"loc":{"start":{"line":371,"column":4},"end":{"line":373,"column":5}},"type":"if","locations":[{"start":{"line":371,"column":4},"end":{"line":373,"column":5}},{"start":{},"end":{}}],"line":371},"53":{"loc":{"start":{"line":371,"column":8},"end":{"line":371,"column":81}},"type":"binary-expr","locations":[{"start":{"line":371,"column":8},"end":{"line":371,"column":14}},{"start":{"line":371,"column":19},"end":{"line":371,"column":50}},{"start":{"line":371,"column":54},"end":{"line":371,"column":80}}],"line":371},"54":{"loc":{"start":{"line":375,"column":4},"end":{"line":377,"column":5}},"type":"if","locations":[{"start":{"line":375,"column":4},"end":{"line":377,"column":5}},{"start":{},"end":{}}],"line":375},"55":{"loc":{"start":{"line":380,"column":19},"end":{"line":380,"column":90}},"type":"binary-expr","locations":[{"start":{"line":380,"column":19},"end":{"line":380,"column":47}},{"start":{"line":380,"column":51},"end":{"line":380,"column":90}}],"line":380},"56":{"loc":{"start":{"line":383,"column":4},"end":{"line":386,"column":5}},"type":"if","locations":[{"start":{"line":383,"column":4},"end":{"line":386,"column":5}},{"start":{},"end":{}}],"line":383}},"s":{"0":0,"1":0,"2":0,"3":0,"4":0,"5":0,"6":0,"7":0,"8":0,"9":0,"10":0,"11":0,"12":0,"13":0,"14":0,"15":0,"16":0,"17":0,"18":0,"19":0,"20":0,"21":0,"22":0,"23":0,"24":0,"25":0,"26":0,"27":0,"28":0,"29":0,"30":0,"31":0,"32":0,"33":0,"34":0,"35":0,"36":0,"37":0,"38":0,"39":0,"40":0,"41":0,"42":0,"43":0,"44":0,"45":0,"46":0,"47":0,"48":0,"49":0,"50":0,"51":0,"52":0,"53":0,"54":0,"55":0,"56":0,"57":0,"58":0,"59":0,"60":0,"61":0,"62":0,"63":0,"64":0,"65":0,"66":0,"67":0,"68":0,"69":0,"70":0,"71":0,"72":0,"73":0,"74":0,"75":0,"76":0,"77":0,"78":0,"79":0,"80":0,"81":0,"82":0,"83":0,"84":0,"85":0,"86":0,"87":0,"88":0,"89":0,"90":0,"91":0,"92":0,"93":0,"94":0,"95":0,"96":0,"97":0,"98":0,"99":0,"100":0,"101":0,"102":0,"103":0,"104":0,"105":0,"106":0,"107":0,"108":0,"109":0,"110":0,"111":0,"112":0,"113":0,"114":0,"115":0,"116":0,"117":0,"118":0,"119":0},"f":{"0":0,"1":0,"2":0,"3":0,"4":0,"5":0,"6":0,"7":0,"8":0,"9":0,"10":0,"11":0,"12":0,"13":0,"14":0,"15":0,"16":0},"b":{"0":[0],"1":[0,0],"2":[0,0],"3":[0,0],"4":[0,0],"5":[0,0],"6":[0,0],"7":[0,0],"8":[0,0],"9":[0,0],"10":[0,0],"11":[0,0],"12":[0,0],"13":[0,0],"14":[0,0],"15":[0,0],"16":[0,0],"17":[0,0],"18":[0,0],"19":[0,0],"20":[0,0],"21":[0],"22":[0],"23":[0,0],"24":[0,0],"25":[0,0],"26":[0,0],"27":[0,0],"28":[0,0],"29":[0,0],"30":[0,0],"31":[0,0],"32":[0,0],"33":[0,0],"34":[0],"35":[0],"36":[0],"37":[0],"38":[0],"39":[0,0],"40":[0,0],"41":[0,0],"42":[0,0,0,0,0,0,0],"43":[0,0],"44":[0,0],"45":[0,0],"46":[0,0],"47":[0,0],"48":[0,0],"49":[0],"50":[0],"51":[0],"52":[0,0],"53":[0,0,0],"54":[0,0],"55":[0,0],"56":[0,0]}}
,"/home/senarokalie/Desktop/chatbot/src/utils/ValidationHelpers.js": {"path":"/home/senarokalie/Desktop/chatbot/src/utils/ValidationHelpers.js","statementMap":{"0":{"start":{"line":14,"column":4},"end":{"line":16,"column":5}},"1":{"start":{"line":15,"column":6},"end":{"line":15,"column":19}},"2":{"start":{"line":17,"column":23},"end":{"line":17,"column":51}},"3":{"start":{"line":18,"column":4},"end":{"line":18,"column":34}},"4":{"start":{"line":27,"column":4},"end":{"line":29,"column":5}},"5":{"start":{"line":28,"column":6},"end":{"line":28,"column":19}},"6":{"start":{"line":31,"column":4},"end":{"line":31,"column":37}},"7":{"start":{"line":40,"column":4},"end":{"line":42,"column":5}},"8":{"start":{"line":41,"column":6},"end":{"line":41,"column":19}},"9":{"start":{"line":44,"column":4},"end":{"line":44,"column":42}},"10":{"start":{"line":54,"column":16},"end":{"line":54,"column":29}},"11":{"start":{"line":55,"column":4},"end":{"line":55,"column":59}},"12":{"start":{"line":64,"column":16},"end":{"line":64,"column":33}},"13":{"start":{"line":65,"column":4},"end":{"line":65,"column":34}},"14":{"start":{"line":74,"column":16},"end":{"line":74,"column":32}},"15":{"start":{"line":75,"column":4},"end":{"line":75,"column":47}},"16":{"start":{"line":84,"column":4},"end":{"line":86,"column":5}},"17":{"start":{"line":85,"column":6},"end":{"line":85,"column":19}},"18":{"start":{"line":87,"column":17},"end":{"line":87,"column":37}},"19":{"start":{"line":88,"column":4},"end":{"line":88,"column":48}},"20":{"start":{"line":99,"column":4},"end":{"line":101,"column":5}},"21":{"start":{"line":100,"column":6},"end":{"line":100,"column":19}},"22":{"start":{"line":102,"column":4},"end":{"line":102,"column":62}},"23":{"start":{"line":111,"column":4},"end":{"line":113,"column":5}},"24":{"start":{"line":112,"column":6},"end":{"line":112,"column":16}},"25":{"start":{"line":115,"column":4},"end":{"line":115,"column":41}},"26":{"start":{"line":124,"column":4},"end":{"line":126,"column":5}},"27":{"start":{"line":125,"column":6},"end":{"line":125,"column":19}},"28":{"start":{"line":127,"column":4},"end":{"line":127,"column":57}},"29":{"start":{"line":137,"column":4},"end":{"line":139,"column":5}},"30":{"start":{"line":138,"column":6},"end":{"line":138,"column":39}},"31":{"start":{"line":140,"column":18},"end":{"line":140,"column":45}},"32":{"start":{"line":141,"column":4},"end":{"line":144,"column":6}},"33":{"start":{"line":153,"column":4},"end":{"line":155,"column":5}},"34":{"start":{"line":154,"column":6},"end":{"line":154,"column":19}},"35":{"start":{"line":157,"column":4},"end":{"line":157,"column":42}},"36":{"start":{"line":166,"column":16},"end":{"line":166,"column":36}},"37":{"start":{"line":167,"column":4},"end":{"line":167,"column":48}},"38":{"start":{"line":176,"column":4},"end":{"line":178,"column":5}},"39":{"start":{"line":177,"column":6},"end":{"line":177,"column":19}},"40":{"start":{"line":180,"column":4},"end":{"line":180,"column":48}},"41":{"start":{"line":189,"column":4},"end":{"line":191,"column":5}},"42":{"start":{"line":190,"column":6},"end":{"line":190,"column":19}},"43":{"start":{"line":193,"column":4},"end":{"line":193,"column":49}},"44":{"start":{"line":202,"column":4},"end":{"line":202,"column":70}},"45":{"start":{"line":211,"column":4},"end":{"line":211,"column":49}},"46":{"start":{"line":221,"column":4},"end":{"line":225,"column":5}},"47":{"start":{"line":222,"column":6},"end":{"line":222,"column":36}},"48":{"start":{"line":224,"column":6},"end":{"line":224,"column":26}},"49":{"start":{"line":234,"column":4},"end":{"line":236,"column":5}},"50":{"start":{"line":235,"column":6},"end":{"line":235,"column":19}},"51":{"start":{"line":237,"column":4},"end":{"line":242,"column":5}},"52":{"start":{"line":238,"column":6},"end":{"line":238,"column":19}},"53":{"start":{"line":239,"column":6},"end":{"line":239,"column":18}},"54":{"start":{"line":241,"column":6},"end":{"line":241,"column":19}},"55":{"start":{"line":246,"column":0},"end":{"line":246,"column":35}}},"fnMap":{"0":{"name":"(anonymous_0)","decl":{"start":{"line":13,"column":2},"end":{"line":13,"column":3}},"loc":{"start":{"line":13,"column":29},"end":{"line":19,"column":3}},"line":13},"1":{"name":"(anonymous_1)","decl":{"start":{"line":26,"column":2},"end":{"line":26,"column":3}},"loc":{"start":{"line":26,"column":35},"end":{"line":32,"column":3}},"line":26},"2":{"name":"(anonymous_2)","decl":{"start":{"line":39,"column":2},"end":{"line":39,"column":3}},"loc":{"start":{"line":39,"column":37},"end":{"line":45,"column":3}},"line":39},"3":{"name":"(anonymous_3)","decl":{"start":{"line":53,"column":2},"end":{"line":53,"column":3}},"loc":{"start":{"line":53,"column":34},"end":{"line":56,"column":3}},"line":53},"4":{"name":"(anonymous_4)","decl":{"start":{"line":63,"column":2},"end":{"line":63,"column":3}},"loc":{"start":{"line":63,"column":33},"end":{"line":66,"column":3}},"line":63},"5":{"name":"(anonymous_5)","decl":{"start":{"line":73,"column":2},"end":{"line":73,"column":3}},"loc":{"start":{"line":73,"column":31},"end":{"line":76,"column":3}},"line":73},"6":{"name":"(anonymous_6)","decl":{"start":{"line":83,"column":2},"end":{"line":83,"column":3}},"loc":{"start":{"line":83,"column":33},"end":{"line":89,"column":3}},"line":83},"7":{"name":"(anonymous_7)","decl":{"start":{"line":98,"column":2},"end":{"line":98,"column":3}},"loc":{"start":{"line":98,"column":61},"end":{"line":103,"column":3}},"line":98},"8":{"name":"(anonymous_8)","decl":{"start":{"line":110,"column":2},"end":{"line":110,"column":3}},"loc":{"start":{"line":110,"column":29},"end":{"line":116,"column":3}},"line":110},"9":{"name":"(anonymous_9)","decl":{"start":{"line":123,"column":2},"end":{"line":123,"column":3}},"loc":{"start":{"line":123,"column":33},"end":{"line":128,"column":3}},"line":123},"10":{"name":"(anonymous_10)","decl":{"start":{"line":136,"column":2},"end":{"line":136,"column":3}},"loc":{"start":{"line":136,"column":31},"end":{"line":145,"column":3}},"line":136},"11":{"name":"(anonymous_11)","decl":{"start":{"line":152,"column":2},"end":{"line":152,"column":3}},"loc":{"start":{"line":152,"column":32},"end":{"line":158,"column":3}},"line":152},"12":{"name":"(anonymous_12)","decl":{"start":{"line":165,"column":2},"end":{"line":165,"column":3}},"loc":{"start":{"line":165,"column":35},"end":{"line":168,"column":3}},"line":165},"13":{"name":"(anonymous_13)","decl":{"start":{"line":175,"column":2},"end":{"line":175,"column":3}},"loc":{"start":{"line":175,"column":33},"end":{"line":181,"column":3}},"line":175},"14":{"name":"(anonymous_14)","decl":{"start":{"line":188,"column":2},"end":{"line":188,"column":3}},"loc":{"start":{"line":188,"column":35},"end":{"line":194,"column":3}},"line":188},"15":{"name":"(anonymous_15)","decl":{"start":{"line":201,"column":2},"end":{"line":201,"column":3}},"loc":{"start":{"line":201,"column":22},"end":{"line":203,"column":3}},"line":201},"16":{"name":"(anonymous_16)","decl":{"start":{"line":210,"column":2},"end":{"line":210,"column":3}},"loc":{"start":{"line":210,"column":34},"end":{"line":212,"column":3}},"line":210},"17":{"name":"(anonymous_17)","decl":{"start":{"line":220,"column":2},"end":{"line":220,"column":3}},"loc":{"start":{"line":220,"column":56},"end":{"line":226,"column":3}},"line":220},"18":{"name":"(anonymous_18)","decl":{"start":{"line":233,"column":2},"end":{"line":233,"column":3}},"loc":{"start":{"line":233,"column":25},"end":{"line":243,"column":3}},"line":233}},"branchMap":{"0":{"loc":{"start":{"line":14,"column":4},"end":{"line":16,"column":5}},"type":"if","locations":[{"start":{"line":14,"column":4},"end":{"line":16,"column":5}},{"start":{},"end":{}}],"line":14},"1":{"loc":{"start":{"line":14,"column":8},"end":{"line":14,"column":43}},"type":"binary-expr","locations":[{"start":{"line":14,"column":8},"end":{"line":14,"column":14}},{"start":{"line":14,"column":18},"end":{"line":14,"column":43}}],"line":14},"2":{"loc":{"start":{"line":27,"column":4},"end":{"line":29,"column":5}},"type":"if","locations":[{"start":{"line":27,"column":4},"end":{"line":29,"column":5}},{"start":{},"end":{}}],"line":27},"3":{"loc":{"start":{"line":27,"column":8},"end":{"line":27,"column":43}},"type":"binary-expr","locations":[{"start":{"line":27,"column":8},"end":{"line":27,"column":14}},{"start":{"line":27,"column":18},"end":{"line":27,"column":43}}],"line":27},"4":{"loc":{"start":{"line":40,"column":4},"end":{"line":42,"column":5}},"type":"if","locations":[{"start":{"line":40,"column":4},"end":{"line":42,"column":5}},{"start":{},"end":{}}],"line":40},"5":{"loc":{"start":{"line":40,"column":8},"end":{"line":40,"column":51}},"type":"binary-expr","locations":[{"start":{"line":40,"column":8},"end":{"line":40,"column":18}},{"start":{"line":40,"column":22},"end":{"line":40,"column":51}}],"line":40},"6":{"loc":{"start":{"line":55,"column":11},"end":{"line":55,"column":58}},"type":"binary-expr","locations":[{"start":{"line":55,"column":11},"end":{"line":55,"column":22}},{"start":{"line":55,"column":26},"end":{"line":55,"column":33}},{"start":{"line":55,"column":37},"end":{"line":55,"column":58}}],"line":55},"7":{"loc":{"start":{"line":65,"column":11},"end":{"line":65,"column":33}},"type":"binary-expr","locations":[{"start":{"line":65,"column":11},"end":{"line":65,"column":22}},{"start":{"line":65,"column":26},"end":{"line":65,"column":33}}],"line":65},"8":{"loc":{"start":{"line":75,"column":11},"end":{"line":75,"column":46}},"type":"binary-expr","locations":[{"start":{"line":75,"column":11},"end":{"line":75,"column":22}},{"start":{"line":75,"column":26},"end":{"line":75,"column":34}},{"start":{"line":75,"column":38},"end":{"line":75,"column":46}}],"line":75},"9":{"loc":{"start":{"line":84,"column":4},"end":{"line":86,"column":5}},"type":"if","locations":[{"start":{"line":84,"column":4},"end":{"line":86,"column":5}},{"start":{},"end":{}}],"line":84},"10":{"loc":{"start":{"line":84,"column":8},"end":{"line":84,"column":53}},"type":"binary-expr","locations":[{"start":{"line":84,"column":8},"end":{"line":84,"column":19}},{"start":{"line":84,"column":23},"end":{"line":84,"column":53}}],"line":84},"11":{"loc":{"start":{"line":88,"column":11},"end":{"line":88,"column":47}},"type":"binary-expr","locations":[{"start":{"line":88,"column":11},"end":{"line":88,"column":31}},{"start":{"line":88,"column":35},"end":{"line":88,"column":47}}],"line":88},"12":{"loc":{"start":{"line":98,"column":28},"end":{"line":98,"column":41}},"type":"default-arg","locations":[{"start":{"line":98,"column":40},"end":{"line":98,"column":41}}],"line":98},"13":{"loc":{"start":{"line":98,"column":43},"end":{"line":98,"column":59}},"type":"default-arg","locations":[{"start":{"line":98,"column":55},"end":{"line":98,"column":59}}],"line":98},"14":{"loc":{"start":{"line":99,"column":4},"end":{"line":101,"column":5}},"type":"if","locations":[{"start":{"line":99,"column":4},"end":{"line":101,"column":5}},{"start":{},"end":{}}],"line":99},"15":{"loc":{"start":{"line":99,"column":8},"end":{"line":99,"column":39}},"type":"binary-expr","locations":[{"start":{"line":99,"column":8},"end":{"line":99,"column":12}},{"start":{"line":99,"column":16},"end":{"line":99,"column":39}}],"line":99},"16":{"loc":{"start":{"line":102,"column":11},"end":{"line":102,"column":61}},"type":"binary-expr","locations":[{"start":{"line":102,"column":11},"end":{"line":102,"column":34}},{"start":{"line":102,"column":38},"end":{"line":102,"column":61}}],"line":102},"17":{"loc":{"start":{"line":111,"column":4},"end":{"line":113,"column":5}},"type":"if","locations":[{"start":{"line":111,"column":4},"end":{"line":113,"column":5}},{"start":{},"end":{}}],"line":111},"18":{"loc":{"start":{"line":111,"column":8},"end":{"line":111,"column":39}},"type":"binary-expr","locations":[{"start":{"line":111,"column":8},"end":{"line":111,"column":12}},{"start":{"line":111,"column":16},"end":{"line":111,"column":39}}],"line":111},"19":{"loc":{"start":{"line":124,"column":4},"end":{"line":126,"column":5}},"type":"if","locations":[{"start":{"line":124,"column":4},"end":{"line":126,"column":5}},{"start":{},"end":{}}],"line":124},"20":{"loc":{"start":{"line":124,"column":8},"end":{"line":124,"column":47}},"type":"binary-expr","locations":[{"start":{"line":124,"column":8},"end":{"line":124,"column":16}},{"start":{"line":124,"column":20},"end":{"line":124,"column":47}}],"line":124},"21":{"loc":{"start":{"line":127,"column":11},"end":{"line":127,"column":56}},"type":"binary-expr","locations":[{"start":{"line":127,"column":11},"end":{"line":127,"column":34}},{"start":{"line":127,"column":38},"end":{"line":127,"column":56}}],"line":127},"22":{"loc":{"start":{"line":137,"column":4},"end":{"line":139,"column":5}},"type":"if","locations":[{"start":{"line":137,"column":4},"end":{"line":139,"column":5}},{"start":{},"end":{}}],"line":137},"23":{"loc":{"start":{"line":137,"column":8},"end":{"line":137,"column":47}},"type":"binary-expr","locations":[{"start":{"line":137,"column":8},"end":{"line":137,"column":16}},{"start":{"line":137,"column":20},"end":{"line":137,"column":47}}],"line":137},"24":{"loc":{"start":{"line":153,"column":4},"end":{"line":155,"column":5}},"type":"if","locations":[{"start":{"line":153,"column":4},"end":{"line":155,"column":5}},{"start":{},"end":{}}],"line":153},"25":{"loc":{"start":{"line":153,"column":8},"end":{"line":153,"column":41}},"type":"binary-expr","locations":[{"start":{"line":153,"column":8},"end":{"line":153,"column":13}},{"start":{"line":153,"column":17},"end":{"line":153,"column":41}}],"line":153},"26":{"loc":{"start":{"line":167,"column":11},"end":{"line":167,"column":47}},"type":"binary-expr","locations":[{"start":{"line":167,"column":11},"end":{"line":167,"column":22}},{"start":{"line":167,"column":26},"end":{"line":167,"column":33}},{"start":{"line":167,"column":37},"end":{"line":167,"column":47}}],"line":167},"27":{"loc":{"start":{"line":176,"column":4},"end":{"line":178,"column":5}},"type":"if","locations":[{"start":{"line":176,"column":4},"end":{"line":178,"column":5}},{"start":{},"end":{}}],"line":176},"28":{"loc":{"start":{"line":176,"column":8},"end":{"line":176,"column":47}},"type":"binary-expr","locations":[{"start":{"line":176,"column":8},"end":{"line":176,"column":16}},{"start":{"line":176,"column":20},"end":{"line":176,"column":47}}],"line":176},"29":{"loc":{"start":{"line":189,"column":4},"end":{"line":191,"column":5}},"type":"if","locations":[{"start":{"line":189,"column":4},"end":{"line":191,"column":5}},{"start":{},"end":{}}],"line":189},"30":{"loc":{"start":{"line":189,"column":8},"end":{"line":189,"column":49}},"type":"binary-expr","locations":[{"start":{"line":189,"column":8},"end":{"line":189,"column":17}},{"start":{"line":189,"column":21},"end":{"line":189,"column":49}}],"line":189},"31":{"loc":{"start":{"line":202,"column":11},"end":{"line":202,"column":69}},"type":"binary-expr","locations":[{"start":{"line":202,"column":11},"end":{"line":202,"column":15}},{"start":{"line":202,"column":19},"end":{"line":202,"column":42}},{"start":{"line":202,"column":46},"end":{"line":202,"column":69}}],"line":202},"32":{"loc":{"start":{"line":211,"column":11},"end":{"line":211,"column":48}},"type":"binary-expr","locations":[{"start":{"line":211,"column":11},"end":{"line":211,"column":25}},{"start":{"line":211,"column":29},"end":{"line":211,"column":48}}],"line":211},"33":{"loc":{"start":{"line":220,"column":35},"end":{"line":220,"column":54}},"type":"default-arg","locations":[{"start":{"line":220,"column":50},"end":{"line":220,"column":54}}],"line":220},"34":{"loc":{"start":{"line":234,"column":4},"end":{"line":236,"column":5}},"type":"if","locations":[{"start":{"line":234,"column":4},"end":{"line":236,"column":5}},{"start":{},"end":{}}],"line":234},"35":{"loc":{"start":{"line":234,"column":8},"end":{"line":234,"column":39}},"type":"binary-expr","locations":[{"start":{"line":234,"column":8},"end":{"line":234,"column":12}},{"start":{"line":234,"column":16},"end":{"line":234,"column":39}}],"line":234}},"s":{"0":0,"1":0,"2":0,"3":0,"4":0,"5":0,"6":0,"7":0,"8":0,"9":0,"10":0,"11":0,"12":0,"13":0,"14":0,"15":0,"16":0,"17":0,"18":0,"19":0,"20":0,"21":0,"22":0,"23":0,"24":0,"25":0,"26":0,"27":0,"28":0,"29":0,"30":0,"31":0,"32":0,"33":0,"34":0,"35":0,"36":0,"37":0,"38":0,"39":0,"40":0,"41":0,"42":0,"43":0,"44":0,"45":0,"46":0,"47":0,"48":0,"49":0,"50":0,"51":0,"52":0,"53":0,"54":0,"55":0},"f":{"0":0,"1":0,"2":0,"3":0,"4":0,"5":0,"6":0,"7":0,"8":0,"9":0,"10":0,"11":0,"12":0,"13":0,"14":0,"15":0,"16":0,"17":0,"18":0},"b":{"0":[0,0],"1":[0,0],"2":[0,0],"3":[0,0],"4":[0,0],"5":[0,0],"6":[0,0,0],"7":[0,0],"8":[0,0,0],"9":[0,0],"10":[0,0],"11":[0,0],"12":[0],"13":[0],"14":[0,0],"15":[0,0],"16":[0,0],"17":[0,0],"18":[0,0],"19":[0,0],"20":[0,0],"21":[0,0],"22":[0,0],"23":[0,0],"24":[0,0],"25":[0,0],"26":[0,0,0],"27":[0,0],"28":[0,0],"29":[0,0],"30":[0,0],"31":[0,0,0],"32":[0,0],"33":[0],"34":[0,0],"35":[0,0]}}
}
