TN:
SF:chatbotLogic.js
FN:16,(anonymous_0)
FN:45,(anonymous_1)
FN:113,(anonymous_2)
FN:117,(anonymous_3)
FN:127,(anonymous_4)
FNF:5
FNH:0
FNDA:0,(anonymous_0)
FNDA:0,(anonymous_1)
FNDA:0,(anonymous_2)
FNDA:0,(anonymous_3)
FNDA:0,(anonymous_4)
DA:6,0
DA:7,0
DA:8,0
DA:9,0
DA:10,0
DA:11,0
DA:12,0
DA:13,0
DA:17,0
DA:18,0
DA:19,0
DA:22,0
DA:23,0
DA:24,0
DA:25,0
DA:32,0
DA:47,0
DA:48,0
DA:49,0
DA:55,0
DA:59,0
DA:60,0
DA:61,0
DA:65,0
DA:66,0
DA:67,0
DA:70,0
DA:73,0
DA:75,0
DA:78,0
DA:82,0
DA:83,0
DA:84,0
DA:87,0
DA:93,0
DA:95,0
DA:97,0
DA:102,0
DA:114,0
DA:115,0
DA:117,0
DA:128,0
DA:136,0
LF:43
LH:0
BRDA:48,0,0,0
BRDA:48,0,1,0
BRDA:60,1,0,0
BRDA:60,1,1,0
BRDA:66,2,0,0
BRDA:66,2,1,0
BRDA:78,3,0,0
BRDA:78,3,1,0
BRF:8
BRH:0
end_of_record
TN:
SF:config.js
FN:59,getAllProducts
FN:63,getProductById
FN:67,formatProductList
FN:72,isInStock
FN:76,setStock
FN:103,decrementStock
FN:107,addProduct
FN:111,editProduct
FN:115,removeProduct
FN:120,updateSetting
FN:177,getAllSettings
FN:185,initializeStockManager
FN:197,(anonymous_12)
FN:198,(anonymous_13)
FN:213,getStock
FN:221,getAllProductsWithStock
FN:230,syncStockFromConfig
FN:239,resetAllStock
FN:248,syncStockFromFolder
FNF:19
FNH:0
FNDA:0,getAllProducts
FNDA:0,getProductById
FNDA:0,formatProductList
FNDA:0,isInStock
FNDA:0,setStock
FNDA:0,decrementStock
FNDA:0,addProduct
FNDA:0,editProduct
FNDA:0,removeProduct
FNDA:0,updateSetting
FNDA:0,getAllSettings
FNDA:0,initializeStockManager
FNDA:0,(anonymous_12)
FNDA:0,(anonymous_13)
FNDA:0,getStock
FNDA:0,getAllProductsWithStock
FNDA:0,syncStockFromConfig
FNDA:0,resetAllStock
FNDA:0,syncStockFromFolder
DA:7,0
DA:8,0
DA:9,0
DA:10,0
DA:11,0
DA:14,0
DA:15,0
DA:18,0
DA:54,0
DA:55,0
DA:56,0
DA:60,0
DA:64,0
DA:69,0
DA:73,0
DA:77,0
DA:78,0
DA:79,0
DA:85,0
DA:86,0
DA:88,0
DA:89,0
DA:97,0
DA:104,0
DA:108,0
DA:112,0
DA:116,0
DA:121,0
DA:136,0
DA:137,0
DA:144,0
DA:152,0
DA:153,0
DA:160,0
DA:163,0
DA:165,0
DA:178,0
DA:186,0
DA:189,0
DA:190,0
DA:192,0
DA:193,0
DA:194,0
DA:195,0
DA:196,0
DA:197,0
DA:199,0
DA:203,0
DA:204,0
DA:214,0
DA:222,0
DA:231,0
DA:240,0
DA:249,0
DA:252,0
LF:55
LH:0
BRDA:67,0,0,0
BRDA:76,1,0,0
BRDA:78,2,0,0
BRDA:78,2,1,0
BRDA:88,3,0,0
BRDA:88,3,1,0
BRDA:103,4,0,0
BRDA:103,5,0,0
BRDA:136,6,0,0
BRDA:136,6,1,0
BRDA:144,7,0,0
BRDA:144,7,1,0
BRDA:153,8,0,0
BRDA:153,8,1,0
BRDA:160,9,0,0
BRDA:160,9,1,0
BRDA:192,10,0,0
BRDA:192,10,1,0
BRDA:194,11,0,0
BRDA:194,11,1,0
BRDA:230,12,0,0
BRDA:239,13,0,0
BRF:22
BRH:0
end_of_record
TN:
SF:eslint.config.js
FNF:0
FNH:0
DA:1,0
LF:1
LH:0
BRF:0
BRH:0
end_of_record
TN:
SF:index.js
FN:88,(anonymous_0)
FN:105,(anonymous_1)
FN:131,(anonymous_2)
FN:141,(anonymous_3)
FN:160,(anonymous_4)
FN:188,(anonymous_5)
FN:194,(anonymous_6)
FN:201,(anonymous_7)
FN:206,(anonymous_8)
FN:211,(anonymous_9)
FN:216,(anonymous_10)
FN:222,(anonymous_11)
FN:227,(anonymous_12)
FN:254,(anonymous_13)
FN:255,(anonymous_14)
FNF:15
FNH:0
FNDA:0,(anonymous_0)
FNDA:0,(anonymous_1)
FNDA:0,(anonymous_2)
FNDA:0,(anonymous_3)
FNDA:0,(anonymous_4)
FNDA:0,(anonymous_5)
FNDA:0,(anonymous_6)
FNDA:0,(anonymous_7)
FNDA:0,(anonymous_8)
FNDA:0,(anonymous_9)
FNDA:0,(anonymous_10)
FNDA:0,(anonymous_11)
FNDA:0,(anonymous_12)
FNDA:0,(anonymous_13)
FNDA:0,(anonymous_14)
DA:6,0
DA:9,0
DA:15,0
DA:16,0
DA:17,0
DA:18,0
DA:19,0
DA:22,0
DA:25,0
DA:26,0
DA:27,0
DA:28,0
DA:29,0
DA:31,0
DA:34,0
DA:35,0
DA:36,0
DA:37,0
DA:38,0
DA:39,0
DA:40,0
DA:41,0
DA:44,0
DA:45,0
DA:48,0
DA:49,0
DA:52,0
DA:73,0
DA:74,0
DA:82,0
DA:85,0
DA:88,0
DA:89,0
DA:90,0
DA:91,0
DA:94,0
DA:95,0
DA:98,0
DA:101,0
DA:102,0
DA:105,0
DA:106,0
DA:107,0
DA:110,0
DA:111,0
DA:112,0
DA:114,0
DA:115,0
DA:116,0
DA:119,0
DA:120,0
DA:122,0
DA:123,0
DA:126,0
DA:131,0
DA:132,0
DA:133,0
DA:134,0
DA:135,0
DA:136,0
DA:137,0
DA:141,0
DA:142,0
DA:143,0
DA:144,0
DA:145,0
DA:146,0
DA:147,0
DA:148,0
DA:149,0
DA:150,0
DA:151,0
DA:152,0
DA:153,0
DA:160,0
DA:161,0
DA:162,0
DA:163,0
DA:164,0
DA:165,0
DA:166,0
DA:169,0
DA:170,0
DA:175,0
DA:177,0
DA:181,0
DA:182,0
DA:185,0
DA:188,0
DA:189,0
DA:190,0
DA:194,0
DA:195,0
DA:196,0
DA:201,0
DA:202,0
DA:206,0
DA:207,0
DA:211,0
DA:212,0
DA:216,0
DA:217,0
DA:218,0
DA:222,0
DA:223,0
DA:227,0
DA:228,0
DA:231,0
DA:232,0
DA:233,0
DA:237,0
DA:238,0
DA:242,0
DA:245,0
DA:248,0
DA:250,0
DA:251,0
DA:254,0
DA:255,0
DA:258,0
DA:259,0
DA:260,0
DA:261,0
DA:262,0
DA:263,0
DA:264,0
DA:265,0
DA:267,0
DA:269,0
LF:129
LH:0
BRDA:15,0,0,0
BRDA:15,0,1,0
BRDA:25,1,0,0
BRDA:25,1,1,0
BRDA:26,2,0,0
BRDA:26,2,1,0
BRDA:49,3,0,0
BRDA:49,3,1,0
BRDA:73,4,0,0
BRDA:73,4,1,0
BRDA:73,5,0,0
BRDA:73,5,1,0
BRDA:119,6,0,0
BRDA:119,6,1,0
BRDA:122,7,0,0
BRDA:122,7,1,0
BRDA:169,8,0,0
BRDA:169,8,1,0
BRDA:231,9,0,0
BRDA:231,9,1,0
BRDA:237,10,0,0
BRDA:237,10,1,0
BRDA:263,11,0,0
BRDA:263,11,1,0
BRDA:263,12,0,0
BRDA:263,12,1,0
BRF:26
BRH:0
end_of_record
TN:
SF:sessionManager.js
FN:9,(anonymous_0)
FN:23,(anonymous_1)
FN:46,(anonymous_2)
FN:55,(anonymous_3)
FN:121,(anonymous_4)
FN:141,(anonymous_5)
FN:158,(anonymous_6)
FN:168,(anonymous_7)
FN:179,(anonymous_8)
FN:190,(anonymous_9)
FN:201,(anonymous_10)
FN:212,(anonymous_11)
FN:224,(anonymous_12)
FN:234,(anonymous_13)
FN:247,(anonymous_14)
FN:260,(anonymous_15)
FN:270,(anonymous_16)
FN:284,(anonymous_17)
FN:295,(anonymous_18)
FN:305,(anonymous_19)
FN:342,(anonymous_20)
FN:354,(anonymous_21)
FN:365,(anonymous_22)
FN:382,(anonymous_23)
FN:393,(anonymous_24)
FN:427,(anonymous_25)
FN:466,(anonymous_26)
FN:495,(anonymous_27)
FN:515,(anonymous_28)
FNF:29
FNH:0
FNDA:0,(anonymous_0)
FNDA:0,(anonymous_1)
FNDA:0,(anonymous_2)
FNDA:0,(anonymous_3)
FNDA:0,(anonymous_4)
FNDA:0,(anonymous_5)
FNDA:0,(anonymous_6)
FNDA:0,(anonymous_7)
FNDA:0,(anonymous_8)
FNDA:0,(anonymous_9)
FNDA:0,(anonymous_10)
FNDA:0,(anonymous_11)
FNDA:0,(anonymous_12)
FNDA:0,(anonymous_13)
FNDA:0,(anonymous_14)
FNDA:0,(anonymous_15)
FNDA:0,(anonymous_16)
FNDA:0,(anonymous_17)
FNDA:0,(anonymous_18)
FNDA:0,(anonymous_19)
FNDA:0,(anonymous_20)
FNDA:0,(anonymous_21)
FNDA:0,(anonymous_22)
FNDA:0,(anonymous_23)
FNDA:0,(anonymous_24)
FNDA:0,(anonymous_25)
FNDA:0,(anonymous_26)
FNDA:0,(anonymous_27)
FNDA:0,(anonymous_28)
DA:6,0
DA:10,0
DA:11,0
DA:12,0
DA:15,0
DA:16,0
DA:17,0
DA:24,0
DA:25,0
DA:26,0
DA:28,0
DA:29,0
DA:31,0
DA:36,0
DA:37,0
DA:47,0
DA:57,0
DA:58,0
DA:59,0
DA:60,0
DA:62,0
DA:63,0
DA:64,0
DA:67,0
DA:69,0
DA:72,0
DA:78,0
DA:79,0
DA:96,0
DA:99,0
DA:100,0
DA:101,0
DA:103,0
DA:107,0
DA:111,0
DA:112,0
DA:113,0
DA:122,0
DA:123,0
DA:126,0
DA:127,0
DA:128,0
DA:132,0
DA:142,0
DA:144,0
DA:147,0
DA:150,0
DA:159,0
DA:160,0
DA:161,0
DA:169,0
DA:170,0
DA:171,0
DA:180,0
DA:182,0
DA:191,0
DA:192,0
DA:193,0
DA:202,0
DA:203,0
DA:213,0
DA:214,0
DA:215,0
DA:225,0
DA:226,0
DA:235,0
DA:236,0
DA:237,0
DA:248,0
DA:249,0
DA:250,0
DA:251,0
DA:252,0
DA:261,0
DA:262,0
DA:271,0
DA:272,0
DA:285,0
DA:286,0
DA:287,0
DA:296,0
DA:297,0
DA:307,0
DA:308,0
DA:309,0
DA:310,0
DA:312,0
DA:313,0
DA:314,0
DA:315,0
DA:316,0
DA:317,0
DA:322,0
DA:328,0
DA:329,0
DA:330,0
DA:333,0
DA:343,0
DA:344,0
DA:345,0
DA:346,0
DA:355,0
DA:356,0
DA:366,0
DA:369,0
DA:370,0
DA:371,0
DA:376,0
DA:383,0
DA:384,0
DA:394,0
DA:395,0
DA:397,0
DA:398,0
DA:399,0
DA:400,0
DA:402,0
DA:406,0
DA:407,0
DA:409,0
DA:412,0
DA:416,0
DA:419,0
DA:428,0
DA:429,0
DA:431,0
DA:432,0
DA:433,0
DA:434,0
DA:435,0
DA:439,0
DA:440,0
DA:441,0
DA:443,0
DA:444,0
DA:445,0
DA:449,0
DA:451,0
DA:455,0
DA:458,0
DA:467,0
DA:468,0
DA:470,0
DA:472,0
DA:476,0
DA:479,0
DA:481,0
DA:485,0
DA:486,0
DA:487,0
DA:496,0
DA:497,0
DA:499,0
DA:500,0
DA:506,0
DA:516,0
DA:517,0
DA:518,0
DA:519,0
DA:525,0
LF:160
LH:0
BRDA:12,0,0,0
BRDA:12,0,1,0
BRDA:16,1,0,0
BRDA:16,1,1,0
BRDA:17,2,0,0
BRDA:17,2,1,0
BRDA:28,3,0,0
BRDA:28,3,1,0
BRDA:57,4,0,0
BRDA:57,4,1,0
BRDA:57,5,0,0
BRDA:57,5,1,0
BRDA:62,6,0,0
BRDA:62,6,1,0
BRDA:78,7,0,0
BRDA:78,7,1,0
BRDA:99,8,0,0
BRDA:99,8,1,0
BRDA:99,9,0,0
BRDA:99,9,1,0
BRDA:122,10,0,0
BRDA:122,10,1,0
BRDA:122,11,0,0
BRDA:122,11,1,0
BRDA:142,12,0,0
BRDA:142,12,1,0
BRDA:182,13,0,0
BRDA:182,13,1,0
BRDA:307,14,0,0
BRDA:307,14,1,0
BRDA:307,15,0,0
BRDA:307,15,1,0
BRDA:314,16,0,0
BRDA:314,16,1,0
BRDA:316,17,0,0
BRDA:316,17,1,0
BRDA:329,18,0,0
BRDA:329,18,1,0
BRDA:370,19,0,0
BRDA:370,19,1,0
BRDA:383,20,0,0
BRDA:383,20,1,0
BRDA:394,21,0,0
BRDA:394,21,1,0
BRDA:394,22,0,0
BRDA:394,22,1,0
BRDA:428,23,0,0
BRDA:428,23,1,0
BRDA:428,24,0,0
BRDA:428,24,1,0
BRDA:444,25,0,0
BRDA:444,25,1,0
BRDA:444,26,0,0
BRDA:444,26,1,0
BRDA:470,27,0,0
BRDA:470,27,1,0
BRDA:470,28,0,0
BRDA:470,28,1,0
BRDA:479,29,0,0
BRDA:479,29,1,0
BRDA:499,30,0,0
BRDA:499,30,1,0
BRDA:499,31,0,0
BRDA:499,31,1,0
BRDA:518,32,0,0
BRDA:518,32,1,0
BRF:66
BRH:0
end_of_record
TN:
SF:lib/SecureLogger.js
FN:10,(anonymous_0)
FN:36,(anonymous_1)
FN:45,(anonymous_2)
FN:51,(anonymous_3)
FN:77,(anonymous_4)
FN:115,(anonymous_5)
FN:132,(anonymous_6)
FN:143,(anonymous_7)
FN:154,(anonymous_8)
FN:165,(anonymous_9)
FN:176,(anonymous_10)
FN:191,(anonymous_11)
FN:199,(anonymous_12)
FN:211,(anonymous_13)
FN:223,(anonymous_14)
FN:235,(anonymous_15)
FN:247,(anonymous_16)
FN:258,(anonymous_17)
FN:265,(anonymous_18)
FN:269,(anonymous_19)
FN:273,(anonymous_20)
FN:277,(anonymous_21)
FN:281,(anonymous_22)
FN:285,(anonymous_23)
FN:289,(anonymous_24)
FN:293,(anonymous_25)
FN:297,(anonymous_26)
FN:301,(anonymous_27)
FN:305,(anonymous_28)
FNF:29
FNH:0
FNDA:0,(anonymous_0)
FNDA:0,(anonymous_1)
FNDA:0,(anonymous_2)
FNDA:0,(anonymous_3)
FNDA:0,(anonymous_4)
FNDA:0,(anonymous_5)
FNDA:0,(anonymous_6)
FNDA:0,(anonymous_7)
FNDA:0,(anonymous_8)
FNDA:0,(anonymous_9)
FNDA:0,(anonymous_10)
FNDA:0,(anonymous_11)
FNDA:0,(anonymous_12)
FNDA:0,(anonymous_13)
FNDA:0,(anonymous_14)
FNDA:0,(anonymous_15)
FNDA:0,(anonymous_16)
FNDA:0,(anonymous_17)
FNDA:0,(anonymous_18)
FNDA:0,(anonymous_19)
FNDA:0,(anonymous_20)
FNDA:0,(anonymous_21)
FNDA:0,(anonymous_22)
FNDA:0,(anonymous_23)
FNDA:0,(anonymous_24)
FNDA:0,(anonymous_25)
FNDA:0,(anonymous_26)
FNDA:0,(anonymous_27)
FNDA:0,(anonymous_28)
DA:6,0
DA:7,0
DA:11,0
DA:12,0
DA:13,0
DA:14,0
DA:15,0
DA:16,0
DA:19,0
DA:28,0
DA:29,0
DA:37,0
DA:38,0
DA:39,0
DA:46,0
DA:48,0
DA:51,0
DA:52,0
DA:53,0
DA:57,0
DA:60,0
DA:63,0
DA:66,0
DA:69,0
DA:71,0
DA:78,0
DA:81,0
DA:82,0
DA:86,0
DA:87,0
DA:91,0
DA:92,0
DA:96,0
DA:99,0
DA:100,0
DA:102,0
DA:103,0
DA:105,0
DA:106,0
DA:109,0
DA:116,0
DA:118,0
DA:119,0
DA:120,0
DA:122,0
DA:125,0
DA:133,0
DA:135,0
DA:136,0
DA:137,0
DA:144,0
DA:146,0
DA:147,0
DA:148,0
DA:155,0
DA:157,0
DA:158,0
DA:159,0
DA:166,0
DA:168,0
DA:169,0
DA:170,0
DA:178,0
DA:179,0
DA:181,0
DA:182,0
DA:183,0
DA:185,0
DA:192,0
DA:193,0
DA:200,0
DA:201,0
DA:212,0
DA:213,0
DA:224,0
DA:225,0
DA:236,0
DA:237,0
DA:248,0
DA:249,0
DA:259,0
DA:260,0
DA:262,0
DA:266,0
DA:270,0
DA:274,0
DA:278,0
DA:282,0
DA:286,0
DA:290,0
DA:294,0
DA:298,0
DA:302,0
DA:306,0
DA:310,0
LF:95
LH:0
BRDA:10,0,0,0
BRDA:11,1,0,0
BRDA:11,1,1,0
BRDA:11,1,2,0
BRDA:13,2,0,0
BRDA:13,2,1,0
BRDA:28,3,0,0
BRDA:28,3,1,0
BRDA:28,4,0,0
BRDA:28,4,1,0
BRDA:37,5,0,0
BRDA:37,5,1,0
BRDA:38,6,0,0
BRDA:38,6,1,0
BRDA:46,7,0,0
BRDA:46,7,1,0
BRDA:77,8,0,0
BRDA:81,9,0,0
BRDA:81,9,1,0
BRDA:86,10,0,0
BRDA:86,10,1,0
BRDA:91,11,0,0
BRDA:91,11,1,0
BRDA:99,12,0,0
BRDA:99,12,1,0
BRDA:102,13,0,0
BRDA:102,13,1,0
BRDA:105,14,0,0
BRDA:105,14,1,0
BRDA:106,15,0,0
BRDA:106,15,1,0
BRDA:116,16,0,0
BRDA:116,16,1,0
BRDA:132,17,0,0
BRDA:133,18,0,0
BRDA:133,18,1,0
BRDA:143,19,0,0
BRDA:144,20,0,0
BRDA:144,20,1,0
BRDA:154,21,0,0
BRDA:155,22,0,0
BRDA:155,22,1,0
BRDA:165,23,0,0
BRDA:166,24,0,0
BRDA:166,24,1,0
BRDA:176,25,0,0
BRDA:199,26,0,0
BRDA:211,27,0,0
BRDA:223,28,0,0
BRDA:235,29,0,0
BRDA:259,30,0,0
BRDA:259,30,1,0
BRF:52
BRH:0
end_of_record
TN:
SF:lib/inputValidator.js
FN:8,(anonymous_0)
FN:20,(anonymous_1)
FN:26,(anonymous_2)
FN:57,(anonymous_3)
FN:86,(anonymous_4)
FN:94,(anonymous_5)
FN:116,(anonymous_6)
FN:146,(anonymous_7)
FN:161,(anonymous_8)
FN:184,(anonymous_9)
FN:193,(anonymous_10)
FN:202,(anonymous_11)
FN:209,(anonymous_12)
FN:215,(anonymous_13)
FN:223,(anonymous_14)
FN:229,(anonymous_15)
FN:249,(anonymous_16)
FN:268,(anonymous_17)
FNF:18
FNH:0
FNDA:0,(anonymous_0)
FNDA:0,(anonymous_1)
FNDA:0,(anonymous_2)
FNDA:0,(anonymous_3)
FNDA:0,(anonymous_4)
FNDA:0,(anonymous_5)
FNDA:0,(anonymous_6)
FNDA:0,(anonymous_7)
FNDA:0,(anonymous_8)
FNDA:0,(anonymous_9)
FNDA:0,(anonymous_10)
FNDA:0,(anonymous_11)
FNDA:0,(anonymous_12)
FNDA:0,(anonymous_13)
FNDA:0,(anonymous_14)
FNDA:0,(anonymous_15)
FNDA:0,(anonymous_16)
FNDA:0,(anonymous_17)
DA:10,0
DA:11,0
DA:12,0
DA:15,0
DA:16,0
DA:17,0
DA:20,0
DA:27,0
DA:28,0
DA:30,0
DA:32,0
DA:36,0
DA:39,0
DA:40,0
DA:41,0
DA:49,0
DA:50,0
DA:51,0
DA:58,0
DA:59,0
DA:61,0
DA:63,0
DA:67,0
DA:70,0
DA:71,0
DA:78,0
DA:79,0
DA:80,0
DA:87,0
DA:88,0
DA:95,0
DA:96,0
DA:98,0
DA:99,0
DA:100,0
DA:101,0
DA:109,0
DA:110,0
DA:117,0
DA:120,0
DA:121,0
DA:123,0
DA:128,0
DA:129,0
DA:130,0
DA:131,0
DA:136,0
DA:137,0
DA:138,0
DA:147,0
DA:148,0
DA:150,0
DA:162,0
DA:163,0
DA:167,0
DA:170,0
DA:173,0
DA:174,0
DA:175,0
DA:178,0
DA:186,0
DA:187,0
DA:195,0
DA:196,0
DA:203,0
DA:209,0
DA:216,0
DA:223,0
DA:230,0
DA:243,0
DA:250,0
DA:262,0
DA:269,0
DA:281,0
DA:285,0
LF:75
LH:0
BRDA:30,0,0,0
BRDA:30,0,1,0
BRDA:30,1,0,0
BRDA:30,1,1,0
BRDA:39,2,0,0
BRDA:39,2,1,0
BRDA:61,3,0,0
BRDA:61,3,1,0
BRDA:61,4,0,0
BRDA:61,4,1,0
BRDA:70,5,0,0
BRDA:70,5,1,0
BRDA:96,6,0,0
BRDA:96,6,1,0
BRDA:99,7,0,0
BRDA:99,7,1,0
BRDA:121,8,0,0
BRDA:121,8,1,0
BRDA:130,9,0,0
BRDA:130,9,1,0
BRDA:137,10,0,0
BRDA:137,10,1,0
BRDA:151,11,0,0
BRDA:151,11,1,0
BRDA:152,12,0,0
BRDA:152,12,1,0
BRDA:162,13,0,0
BRDA:162,13,1,0
BRDA:174,14,0,0
BRDA:174,14,1,0
BRF:30
BRH:0
end_of_record
TN:
SF:lib/logRotationManager.js
FN:10,(anonymous_0)
FN:20,(anonymous_1)
FN:34,(anonymous_2)
FN:37,(anonymous_3)
FN:48,(anonymous_4)
FN:63,(anonymous_5)
FN:76,(anonymous_6)
FN:109,(anonymous_7)
FN:127,(anonymous_8)
FN:163,(anonymous_9)
FNF:10
FNH:0
FNDA:0,(anonymous_0)
FNDA:0,(anonymous_1)
FNDA:0,(anonymous_2)
FNDA:0,(anonymous_3)
FNDA:0,(anonymous_4)
FNDA:0,(anonymous_5)
FNDA:0,(anonymous_6)
FNDA:0,(anonymous_7)
FNDA:0,(anonymous_8)
FNDA:0,(anonymous_9)
DA:6,0
DA:7,0
DA:11,0
DA:12,0
DA:13,0
DA:14,0
DA:21,0
DA:22,0
DA:25,0
DA:28,0
DA:29,0
DA:30,0
DA:31,0
DA:32,0
DA:34,0
DA:35,0
DA:37,0
DA:38,0
DA:42,0
DA:49,0
DA:50,0
DA:51,0
DA:53,0
DA:54,0
DA:55,0
DA:56,0
DA:64,0
DA:65,0
DA:66,0
DA:69,0
DA:70,0
DA:71,0
DA:73,0
DA:74,0
DA:76,0
DA:77,0
DA:78,0
DA:81,0
DA:84,0
DA:85,0
DA:86,0
DA:87,0
DA:88,0
DA:89,0
DA:93,0
DA:94,0
DA:95,0
DA:99,0
DA:102,0
DA:110,0
DA:111,0
DA:112,0
DA:120,0
DA:121,0
DA:122,0
DA:123,0
DA:124,0
DA:125,0
DA:127,0
DA:128,0
DA:129,0
DA:132,0
DA:134,0
DA:136,0
DA:137,0
DA:138,0
DA:141,0
DA:142,0
DA:143,0
DA:147,0
DA:155,0
DA:156,0
DA:164,0
DA:165,0
DA:170,0
DA:173,0
DA:174,0
DA:175,0
LF:78
LH:0
BRDA:12,0,0,0
BRDA:12,0,1,0
BRDA:49,1,0,0
BRDA:49,1,1,0
BRDA:53,2,0,0
BRDA:53,2,1,0
BRDA:65,3,0,0
BRDA:65,3,1,0
BRDA:81,4,0,0
BRDA:81,4,1,0
BRDA:85,5,0,0
BRDA:85,5,1,0
BRDA:93,6,0,0
BRDA:93,6,1,0
BRDA:111,7,0,0
BRDA:111,7,1,0
BRDA:132,8,0,0
BRDA:132,8,1,0
BRDA:136,9,0,0
BRDA:136,9,1,0
BRDA:141,10,0,0
BRDA:141,10,1,0
BRF:22
BRH:0
end_of_record
TN:
SF:lib/messageRouter.js
FN:10,(anonymous_0)
FN:29,(anonymous_1)
FN:38,(anonymous_2)
FN:53,(anonymous_3)
FN:117,(anonymous_4)
FN:149,(anonymous_5)
FN:161,(anonymous_6)
FN:188,(anonymous_7)
FN:215,(anonymous_8)
FN:234,(anonymous_9)
FN:265,(anonymous_10)
FN:292,(anonymous_11)
FN:472,(anonymous_12)
FN:478,(anonymous_13)
FNF:14
FNH:0
FNDA:0,(anonymous_0)
FNDA:0,(anonymous_1)
FNDA:0,(anonymous_2)
FNDA:0,(anonymous_3)
FNDA:0,(anonymous_4)
FNDA:0,(anonymous_5)
FNDA:0,(anonymous_6)
FNDA:0,(anonymous_7)
FNDA:0,(anonymous_8)
FNDA:0,(anonymous_9)
FNDA:0,(anonymous_10)
FNDA:0,(anonymous_11)
FNDA:0,(anonymous_12)
FNDA:0,(anonymous_13)
DA:6,0
DA:7,0
DA:11,0
DA:12,0
DA:13,0
DA:16,0
DA:17,0
DA:18,0
DA:19,0
DA:21,0
DA:22,0
DA:30,0
DA:39,0
DA:40,0
DA:41,0
DA:42,0
DA:47,0
DA:54,0
DA:57,0
DA:58,0
DA:63,0
DA:69,0
DA:70,0
DA:71,0
DA:72,0
DA:73,0
DA:76,0
DA:82,0
DA:89,0
DA:90,0
DA:92,0
DA:93,0
DA:96,0
DA:100,0
DA:102,0
DA:103,0
DA:104,0
DA:105,0
DA:106,0
DA:109,0
DA:110,0
DA:113,0
DA:116,0
DA:117,0
DA:121,0
DA:130,0
DA:133,0
DA:135,0
DA:136,0
DA:138,0
DA:139,0
DA:142,0
DA:150,0
DA:156,0
DA:157,0
DA:158,0
DA:159,0
DA:160,0
DA:161,0
DA:162,0
DA:164,0
DA:165,0
DA:166,0
DA:167,0
DA:169,0
DA:170,0
DA:173,0
DA:174,0
DA:175,0
DA:176,0
DA:177,0
DA:178,0
DA:180,0
DA:189,0
DA:192,0
DA:197,0
DA:198,0
DA:202,0
DA:204,0
DA:205,0
DA:216,0
DA:218,0
DA:219,0
DA:220,0
DA:221,0
DA:222,0
DA:224,0
DA:225,0
DA:235,0
DA:237,0
DA:238,0
DA:239,0
DA:240,0
DA:243,0
DA:244,0
DA:245,0
DA:251,0
DA:252,0
DA:253,0
DA:255,0
DA:256,0
DA:266,0
DA:268,0
DA:270,0
DA:271,0
DA:272,0
DA:273,0
DA:274,0
DA:275,0
DA:276,0
DA:278,0
DA:281,0
DA:285,0
DA:293,0
DA:294,0
DA:297,0
DA:298,0
DA:302,0
DA:303,0
DA:304,0
DA:305,0
DA:306,0
DA:310,0
DA:311,0
DA:312,0
DA:316,0
DA:317,0
DA:320,0
DA:323,0
DA:328,0
DA:332,0
DA:333,0
DA:334,0
DA:338,0
DA:339,0
DA:342,0
DA:343,0
DA:344,0
DA:345,0
DA:347,0
DA:348,0
DA:349,0
DA:353,0
DA:357,0
DA:358,0
DA:359,0
DA:363,0
DA:369,0
DA:371,0
DA:374,0
DA:375,0
DA:376,0
DA:380,0
DA:382,0
DA:389,0
DA:392,0
DA:396,0
DA:398,0
DA:403,0
DA:406,0
DA:407,0
DA:408,0
DA:416,0
DA:419,0
DA:430,0
DA:432,0
DA:434,0
DA:438,0
DA:439,0
DA:441,0
DA:442,0
DA:447,0
DA:448,0
DA:449,0
DA:451,0
DA:454,0
DA:461,0
DA:464,0
DA:466,0
DA:469,0
DA:470,0
DA:473,0
DA:479,0
DA:484,0
DA:485,0
DA:488,0
DA:489,0
DA:493,0
DA:499,0
LF:189
LH:0
BRDA:17,0,0,0
BRDA:17,0,1,0
BRDA:31,1,0,0
BRDA:31,1,1,0
BRDA:39,2,0,0
BRDA:39,2,1,0
BRDA:57,3,0,0
BRDA:57,3,1,0
BRDA:57,4,0,0
BRDA:57,4,1,0
BRDA:170,5,0,0
BRDA:170,5,1,0
BRDA:192,6,0,0
BRDA:192,6,1,0
BRDA:193,7,0,0
BRDA:193,7,1,0
BRDA:193,7,2,0
BRDA:216,8,0,0
BRDA:216,8,1,0
BRDA:235,9,0,0
BRDA:235,9,1,0
BRDA:266,10,0,0
BRDA:266,10,1,0
BRDA:266,11,0,0
BRDA:266,11,1,0
BRDA:297,12,0,0
BRDA:297,12,1,0
BRDA:303,13,0,0
BRDA:303,13,1,0
BRDA:310,14,0,0
BRDA:310,14,1,0
BRDA:310,15,0,0
BRDA:310,15,1,0
BRDA:312,16,0,0
BRDA:312,16,1,0
BRDA:323,17,0,0
BRDA:323,17,1,0
BRDA:324,18,0,0
BRDA:324,18,1,0
BRDA:338,19,0,0
BRDA:338,19,1,0
BRDA:347,20,0,0
BRDA:347,20,1,0
BRDA:369,21,0,0
BRDA:369,21,1,0
BRDA:369,22,0,0
BRDA:369,22,1,0
BRDA:396,23,0,0
BRDA:396,23,1,0
BRDA:396,24,0,0
BRDA:396,24,1,0
BRDA:396,24,2,0
BRDA:406,25,0,0
BRDA:406,25,1,0
BRDA:421,26,0,0
BRDA:421,26,1,0
BRDA:432,27,0,0
BRDA:432,27,1,0
BRDA:432,28,0,0
BRDA:432,28,1,0
BRDA:432,28,2,0
BRDA:434,29,0,0
BRDA:434,29,1,0
BRDA:434,29,2,0
BRDA:438,30,0,0
BRDA:438,30,1,0
BRDA:447,31,0,0
BRDA:447,31,1,0
BRDA:469,32,0,0
BRDA:469,32,1,0
BRDA:484,33,0,0
BRDA:484,33,1,0
BRF:72
BRH:0
end_of_record
TN:
SF:lib/paymentHandlers.js
FN:9,(anonymous_0)
FN:18,(anonymous_1)
FN:21,(anonymous_2)
FN:94,(anonymous_3)
FN:128,(anonymous_4)
FN:191,(anonymous_5)
FN:202,(anonymous_6)
FN:205,(anonymous_7)
FN:288,(anonymous_8)
FN:331,(anonymous_9)
FNF:10
FNH:0
FNDA:0,(anonymous_0)
FNDA:0,(anonymous_1)
FNDA:0,(anonymous_2)
FNDA:0,(anonymous_3)
FNDA:0,(anonymous_4)
FNDA:0,(anonymous_5)
FNDA:0,(anonymous_6)
FNDA:0,(anonymous_7)
FNDA:0,(anonymous_8)
FNDA:0,(anonymous_9)
DA:6,0
DA:10,0
DA:11,0
DA:12,0
DA:19,0
DA:20,0
DA:21,0
DA:22,0
DA:25,0
DA:27,0
DA:28,0
DA:29,0
DA:35,0
DA:37,0
DA:39,0
DA:42,0
DA:50,0
DA:58,0
DA:66,0
DA:74,0
DA:77,0
DA:83,0
DA:84,0
DA:95,0
DA:101,0
DA:106,0
DA:109,0
DA:110,0
DA:119,0
DA:129,0
DA:130,0
DA:132,0
DA:133,0
DA:135,0
DA:136,0
DA:143,0
DA:144,0
DA:145,0
DA:146,0
DA:147,0
DA:148,0
DA:157,0
DA:160,0
DA:161,0
DA:176,0
DA:192,0
DA:193,0
DA:203,0
DA:204,0
DA:205,0
DA:206,0
DA:209,0
DA:211,0
DA:212,0
DA:213,0
DA:219,0
DA:221,0
DA:222,0
DA:223,0
DA:224,0
DA:225,0
DA:235,0
DA:238,0
DA:239,0
DA:255,0
DA:266,0
DA:269,0
DA:270,0
DA:278,0
DA:289,0
DA:291,0
DA:292,0
DA:295,0
DA:296,0
DA:300,0
DA:302,0
DA:303,0
DA:304,0
DA:312,0
DA:313,0
DA:314,0
DA:315,0
DA:316,0
DA:317,0
DA:318,0
DA:321,0
DA:323,0
DA:324,0
DA:332,0
DA:333,0
DA:336,0
DA:337,0
DA:338,0
DA:345,0
DA:346,0
DA:348,0
DA:349,0
DA:352,0
DA:364,0
LF:99
LH:0
BRDA:9,0,0,0
BRDA:27,1,0,0
BRDA:27,1,1,0
BRDA:37,2,0,0
BRDA:37,2,1,0
BRDA:37,2,2,0
BRDA:37,2,3,0
BRDA:37,2,4,0
BRDA:37,2,5,0
BRDA:37,2,6,0
BRDA:109,3,0,0
BRDA:109,3,1,0
BRDA:135,4,0,0
BRDA:135,4,1,0
BRDA:135,5,0,0
BRDA:135,5,1,0
BRDA:160,6,0,0
BRDA:160,6,1,0
BRDA:211,7,0,0
BRDA:211,7,1,0
BRDA:238,8,0,0
BRDA:238,8,1,0
BRDA:269,9,0,0
BRDA:269,9,1,0
BRDA:291,10,0,0
BRDA:291,10,1,0
BRDA:300,11,0,0
BRDA:300,11,1,0
BRDA:303,12,0,0
BRDA:303,12,1,0
BRDA:313,13,0,0
BRDA:313,13,1,0
BRDA:316,14,0,0
BRDA:316,14,1,0
BRDA:348,15,0,0
BRDA:348,15,1,0
BRF:36
BRH:0
end_of_record
TN:
SF:lib/paymentMessages.js
FN:12,(anonymous_0)
FN:33,(anonymous_1)
FN:42,(anonymous_2)
FN:65,(anonymous_3)
FN:79,(anonymous_4)
FN:93,(anonymous_5)
FN:106,(anonymous_6)
FN:116,(anonymous_7)
FN:119,(anonymous_8)
FN:122,(anonymous_9)
FN:135,(anonymous_10)
FN:156,(anonymous_11)
FN:169,(anonymous_12)
FN:173,(anonymous_13)
FN:177,(anonymous_14)
FN:194,(anonymous_15)
FN:198,(anonymous_16)
FN:202,(anonymous_17)
FN:206,(anonymous_18)
FN:213,(anonymous_19)
FN:249,(anonymous_20)
FN:296,(anonymous_21)
FN:307,(anonymous_22)
FN:317,(anonymous_23)
FN:325,(anonymous_24)
FNF:25
FNH:0
FNDA:0,(anonymous_0)
FNDA:0,(anonymous_1)
FNDA:0,(anonymous_2)
FNDA:0,(anonymous_3)
FNDA:0,(anonymous_4)
FNDA:0,(anonymous_5)
FNDA:0,(anonymous_6)
FNDA:0,(anonymous_7)
FNDA:0,(anonymous_8)
FNDA:0,(anonymous_9)
FNDA:0,(anonymous_10)
FNDA:0,(anonymous_11)
FNDA:0,(anonymous_12)
FNDA:0,(anonymous_13)
FNDA:0,(anonymous_14)
FNDA:0,(anonymous_15)
FNDA:0,(anonymous_16)
FNDA:0,(anonymous_17)
FNDA:0,(anonymous_18)
FNDA:0,(anonymous_19)
FNDA:0,(anonymous_20)
FNDA:0,(anonymous_21)
FNDA:0,(anonymous_22)
FNDA:0,(anonymous_23)
FNDA:0,(anonymous_24)
DA:6,0
DA:13,0
DA:14,0
DA:15,0
DA:16,0
DA:17,0
DA:18,0
DA:19,0
DA:20,0
DA:21,0
DA:22,0
DA:23,0
DA:24,0
DA:25,0
DA:26,0
DA:27,0
DA:34,0
DA:43,0
DA:44,0
DA:45,0
DA:46,0
DA:47,0
DA:48,0
DA:49,0
DA:50,0
DA:51,0
DA:52,0
DA:53,0
DA:54,0
DA:55,0
DA:56,0
DA:57,0
DA:58,0
DA:59,0
DA:66,0
DA:68,0
DA:69,0
DA:72,0
DA:73,0
DA:74,0
DA:75,0
DA:76,0
DA:79,0
DA:80,0
DA:81,0
DA:84,0
DA:85,0
DA:86,0
DA:87,0
DA:94,0
DA:96,0
DA:97,0
DA:100,0
DA:101,0
DA:102,0
DA:103,0
DA:106,0
DA:107,0
DA:108,0
DA:111,0
DA:114,0
DA:115,0
DA:116,0
DA:117,0
DA:119,0
DA:120,0
DA:122,0
DA:123,0
DA:125,0
DA:128,0
DA:129,0
DA:136,0
DA:137,0
DA:138,0
DA:139,0
DA:140,0
DA:141,0
DA:142,0
DA:143,0
DA:144,0
DA:145,0
DA:146,0
DA:147,0
DA:148,0
DA:149,0
DA:150,0
DA:157,0
DA:170,0
DA:174,0
DA:178,0
DA:195,0
DA:199,0
DA:203,0
DA:207,0
DA:220,0
DA:221,0
DA:222,0
DA:223,0
DA:224,0
DA:225,0
DA:226,0
DA:227,0
DA:228,0
DA:229,0
DA:230,0
DA:231,0
DA:232,0
DA:233,0
DA:234,0
DA:235,0
DA:236,0
DA:237,0
DA:238,0
DA:239,0
DA:240,0
DA:241,0
DA:242,0
DA:243,0
DA:256,0
DA:257,0
DA:258,0
DA:259,0
DA:260,0
DA:261,0
DA:262,0
DA:263,0
DA:264,0
DA:265,0
DA:266,0
DA:267,0
DA:268,0
DA:269,0
DA:270,0
DA:271,0
DA:272,0
DA:273,0
DA:274,0
DA:275,0
DA:276,0
DA:277,0
DA:278,0
DA:279,0
DA:280,0
DA:281,0
DA:282,0
DA:283,0
DA:284,0
DA:285,0
DA:286,0
DA:287,0
DA:288,0
DA:297,0
DA:298,0
DA:299,0
DA:308,0
DA:309,0
DA:310,0
DA:318,0
DA:326,0
DA:330,0
LF:160
LH:0
BRDA:68,0,0,0
BRDA:68,0,1,0
BRDA:96,1,0,0
BRDA:96,1,1,0
BRDA:114,2,0,0
BRDA:114,2,1,0
BRDA:116,3,0,0
BRDA:116,3,1,0
BRDA:119,4,0,0
BRDA:119,4,1,0
BRDA:122,5,0,0
BRDA:122,5,1,0
BRDA:299,6,0,0
BRDA:299,6,1,0
BRDA:310,7,0,0
BRDA:310,7,1,0
BRF:16
BRH:0
end_of_record
TN:
SF:lib/redisClient.js
FN:9,(anonymous_0)
FN:19,(anonymous_1)
FN:29,(anonymous_2)
FN:52,(anonymous_3)
FN:57,(anonymous_4)
FN:61,(anonymous_5)
FN:67,(anonymous_6)
FN:72,(anonymous_7)
FN:93,(anonymous_8)
FN:101,(anonymous_9)
FN:108,(anonymous_10)
FN:128,(anonymous_11)
FNF:12
FNH:0
FNDA:0,(anonymous_0)
FNDA:0,(anonymous_1)
FNDA:0,(anonymous_2)
FNDA:0,(anonymous_3)
FNDA:0,(anonymous_4)
FNDA:0,(anonymous_5)
FNDA:0,(anonymous_6)
FNDA:0,(anonymous_7)
FNDA:0,(anonymous_8)
FNDA:0,(anonymous_9)
FNDA:0,(anonymous_10)
FNDA:0,(anonymous_11)
DA:6,0
DA:10,0
DA:11,0
DA:12,0
DA:13,0
DA:20,0
DA:22,0
DA:24,0
DA:30,0
DA:31,0
DA:34,0
DA:38,0
DA:39,0
DA:41,0
DA:46,0
DA:52,0
DA:53,0
DA:54,0
DA:57,0
DA:58,0
DA:61,0
DA:62,0
DA:63,0
DA:64,0
DA:67,0
DA:68,0
DA:69,0
DA:72,0
DA:73,0
DA:74,0
DA:78,0
DA:80,0
DA:81,0
DA:83,0
DA:84,0
DA:85,0
DA:94,0
DA:102,0
DA:109,0
DA:110,0
DA:111,0
DA:112,0
DA:113,0
DA:115,0
DA:117,0
DA:118,0
DA:129,0
DA:130,0
DA:131,0
DA:133,0
DA:134,0
DA:136,0
DA:137,0
DA:143,0
DA:145,0
LF:55
LH:0
BRDA:22,0,0,0
BRDA:22,0,1,0
BRDA:30,1,0,0
BRDA:30,1,1,0
BRDA:102,2,0,0
BRDA:102,2,1,0
BRDA:109,3,0,0
BRDA:109,3,1,0
BRDA:117,4,0,0
BRDA:117,4,1,0
BRDA:130,5,0,0
BRDA:130,5,1,0
BRF:12
BRH:0
end_of_record
TN:
SF:lib/transactionLogger.js
FN:10,(anonymous_0)
FN:22,(anonymous_1)
FN:30,(anonymous_2)
FN:51,(anonymous_3)
FN:56,(anonymous_4)
FN:69,(anonymous_5)
FN:83,(anonymous_6)
FN:97,(anonymous_7)
FN:110,(anonymous_8)
FN:115,(anonymous_9)
FN:123,(anonymous_10)
FN:136,(anonymous_11)
FN:152,(anonymous_12)
FN:169,(anonymous_13)
FN:176,(anonymous_14)
FN:189,(anonymous_15)
FN:199,(anonymous_16)
FN:222,(anonymous_17)
FN:249,(anonymous_18)
FN:262,(anonymous_19)
FN:280,(anonymous_20)
FN:295,(anonymous_21)
FN:346,(anonymous_22)
FNF:23
FNH:0
FNDA:0,(anonymous_0)
FNDA:0,(anonymous_1)
FNDA:0,(anonymous_2)
FNDA:0,(anonymous_3)
FNDA:0,(anonymous_4)
FNDA:0,(anonymous_5)
FNDA:0,(anonymous_6)
FNDA:0,(anonymous_7)
FNDA:0,(anonymous_8)
FNDA:0,(anonymous_9)
FNDA:0,(anonymous_10)
FNDA:0,(anonymous_11)
FNDA:0,(anonymous_12)
FNDA:0,(anonymous_13)
FNDA:0,(anonymous_14)
FNDA:0,(anonymous_15)
FNDA:0,(anonymous_16)
FNDA:0,(anonymous_17)
FNDA:0,(anonymous_18)
FNDA:0,(anonymous_19)
FNDA:0,(anonymous_20)
FNDA:0,(anonymous_21)
FNDA:0,(anonymous_22)
DA:6,0
DA:7,0
DA:11,0
DA:14,0
DA:15,0
DA:23,0
DA:24,0
DA:31,0
DA:32,0
DA:38,0
DA:39,0
DA:41,0
DA:42,0
DA:44,0
DA:52,0
DA:56,0
DA:70,0
DA:84,0
DA:98,0
DA:111,0
DA:115,0
DA:124,0
DA:137,0
DA:153,0
DA:159,0
DA:160,0
DA:163,0
DA:170,0
DA:177,0
DA:190,0
DA:191,0
DA:192,0
DA:193,0
DA:200,0
DA:202,0
DA:203,0
DA:211,0
DA:212,0
DA:213,0
DA:215,0
DA:222,0
DA:223,0
DA:224,0
DA:225,0
DA:226,0
DA:227,0
DA:228,0
DA:234,0
DA:236,0
DA:237,0
DA:250,0
DA:252,0
DA:253,0
DA:256,0
DA:257,0
DA:258,0
DA:259,0
DA:261,0
DA:263,0
DA:264,0
DA:266,0
DA:271,0
DA:272,0
DA:281,0
DA:283,0
DA:284,0
DA:287,0
DA:288,0
DA:289,0
DA:292,0
DA:293,0
DA:295,0
DA:296,0
DA:297,0
DA:300,0
DA:301,0
DA:302,0
DA:310,0
DA:311,0
DA:312,0
DA:313,0
DA:314,0
DA:316,0
DA:320,0
DA:321,0
DA:322,0
DA:323,0
DA:325,0
DA:328,0
DA:346,0
DA:347,0
DA:348,0
DA:349,0
DA:352,0
DA:353,0
DA:358,0
LF:96
LH:0
BRDA:10,0,0,0
BRDA:14,1,0,0
BRDA:14,1,1,0
BRDA:22,2,0,0
BRDA:123,3,0,0
BRDA:136,4,0,0
BRDA:152,5,0,0
BRDA:152,6,0,0
BRDA:159,7,0,0
BRDA:159,7,1,0
BRDA:169,8,0,0
BRDA:176,9,0,0
BRDA:190,10,0,0
BRDA:190,10,1,0
BRDA:190,11,0,0
BRDA:190,11,1,0
BRDA:192,12,0,0
BRDA:192,12,1,0
BRDA:202,13,0,0
BRDA:202,13,1,0
BRDA:225,14,0,0
BRDA:225,14,1,0
BRDA:226,15,0,0
BRDA:226,15,1,0
BRDA:227,16,0,0
BRDA:227,16,1,0
BRDA:228,17,0,0
BRDA:228,17,1,0
BRDA:249,18,0,0
BRDA:252,19,0,0
BRDA:252,19,1,0
BRDA:283,20,0,0
BRDA:283,20,1,0
BRDA:300,21,0,0
BRDA:300,21,1,0
BRDA:301,22,0,0
BRDA:301,22,1,0
BRDA:305,23,0,0
BRDA:305,23,1,0
BRDA:306,24,0,0
BRDA:306,24,1,0
BRDA:307,25,0,0
BRDA:307,25,1,0
BRDA:310,26,0,0
BRDA:310,26,1,0
BRDA:312,27,0,0
BRDA:312,27,1,0
BRDA:313,28,0,0
BRDA:313,28,1,0
BRDA:316,29,0,0
BRDA:316,29,1,0
BRDA:317,30,0,0
BRDA:317,30,1,0
BRDA:321,31,0,0
BRDA:321,31,1,0
BRDA:332,32,0,0
BRDA:332,32,1,0
BRDA:333,33,0,0
BRDA:333,33,1,0
BRDA:334,34,0,0
BRDA:334,34,1,0
BRDA:347,35,0,0
BRDA:347,35,1,0
BRDA:348,36,0,0
BRDA:348,36,1,0
BRF:65
BRH:0
end_of_record
TN:
SF:lib/uiMessages.improved.js
FN:12,(anonymous_0)
FN:40,(anonymous_1)
FN:58,(anonymous_2)
FN:93,(anonymous_3)
FN:112,(anonymous_4)
FN:128,(anonymous_5)
FN:136,(anonymous_6)
FN:157,(anonymous_7)
FN:173,(anonymous_8)
FN:182,(anonymous_9)
FN:198,(anonymous_10)
FN:232,(anonymous_11)
FN:253,(anonymous_12)
FN:270,(anonymous_13)
FN:287,(anonymous_14)
FN:303,(anonymous_15)
FN:330,(anonymous_16)
FN:349,(anonymous_17)
FN:367,(anonymous_18)
FNF:19
FNH:0
FNDA:0,(anonymous_0)
FNDA:0,(anonymous_1)
FNDA:0,(anonymous_2)
FNDA:0,(anonymous_3)
FNDA:0,(anonymous_4)
FNDA:0,(anonymous_5)
FNDA:0,(anonymous_6)
FNDA:0,(anonymous_7)
FNDA:0,(anonymous_8)
FNDA:0,(anonymous_9)
FNDA:0,(anonymous_10)
FNDA:0,(anonymous_11)
FNDA:0,(anonymous_12)
FNDA:0,(anonymous_13)
FNDA:0,(anonymous_14)
FNDA:0,(anonymous_15)
FNDA:0,(anonymous_16)
FNDA:0,(anonymous_17)
FNDA:0,(anonymous_18)
DA:6,0
DA:13,0
DA:41,0
DA:59,0
DA:94,0
DA:113,0
DA:114,0
DA:115,0
DA:116,0
DA:117,0
DA:118,0
DA:119,0
DA:120,0
DA:121,0
DA:122,0
DA:129,0
DA:130,0
DA:136,0
DA:137,0
DA:138,0
DA:141,0
DA:142,0
DA:143,0
DA:144,0
DA:145,0
DA:146,0
DA:147,0
DA:148,0
DA:149,0
DA:151,0
DA:164,0
DA:173,0
DA:174,0
DA:175,0
DA:176,0
DA:179,0
DA:181,0
DA:182,0
DA:183,0
DA:184,0
DA:187,0
DA:190,0
DA:192,0
DA:199,0
DA:200,0
DA:233,0
DA:234,0
DA:235,0
DA:254,0
DA:271,0
DA:272,0
DA:288,0
DA:304,0
DA:305,0
DA:324,0
DA:330,0
DA:331,0
DA:332,0
DA:333,0
DA:336,0
DA:337,0
DA:338,0
DA:339,0
DA:340,0
DA:341,0
DA:343,0
DA:350,0
DA:351,0
DA:361,0
DA:367,0
DA:368,0
DA:369,0
DA:370,0
DA:371,0
DA:372,0
DA:375,0
DA:376,0
DA:377,0
DA:378,0
DA:379,0
DA:381,0
DA:385,0
LF:82
LH:0
BRDA:161,0,0,0
BRDA:162,1,0,0
BRDA:181,2,0,0
BRDA:181,2,1,0
BRDA:181,3,0,0
BRDA:181,3,1,0
BRDA:270,4,0,0
BRDA:271,5,0,0
BRDA:271,5,1,0
BRDA:304,6,0,0
BRDA:304,6,1,0
BRDA:304,7,0,0
BRDA:304,7,1,0
BRDA:350,8,0,0
BRDA:350,8,1,0
BRDA:350,9,0,0
BRDA:350,9,1,0
BRDA:368,10,0,0
BRDA:368,10,1,0
BRF:19
BRH:0
end_of_record
TN:
SF:lib/uiMessages.js
FN:12,(anonymous_0)
FN:38,(anonymous_1)
FN:73,(anonymous_2)
FN:92,(anonymous_3)
FN:111,(anonymous_4)
FN:129,(anonymous_5)
FN:146,(anonymous_6)
FN:154,(anonymous_7)
FN:175,(anonymous_8)
FN:186,(anonymous_9)
FN:196,(anonymous_10)
FN:212,(anonymous_11)
FN:246,(anonymous_12)
FN:267,(anonymous_13)
FN:284,(anonymous_14)
FN:301,(anonymous_15)
FN:314,(anonymous_16)
FN:318,(anonymous_17)
FN:332,(anonymous_18)
FN:340,(anonymous_19)
FN:344,(anonymous_20)
FN:348,(anonymous_21)
FN:352,(anonymous_22)
FN:356,(anonymous_23)
FN:363,(anonymous_24)
FN:372,(anonymous_25)
FN:399,(anonymous_26)
FNF:27
FNH:0
FNDA:0,(anonymous_0)
FNDA:0,(anonymous_1)
FNDA:0,(anonymous_2)
FNDA:0,(anonymous_3)
FNDA:0,(anonymous_4)
FNDA:0,(anonymous_5)
FNDA:0,(anonymous_6)
FNDA:0,(anonymous_7)
FNDA:0,(anonymous_8)
FNDA:0,(anonymous_9)
FNDA:0,(anonymous_10)
FNDA:0,(anonymous_11)
FNDA:0,(anonymous_12)
FNDA:0,(anonymous_13)
FNDA:0,(anonymous_14)
FNDA:0,(anonymous_15)
FNDA:0,(anonymous_16)
FNDA:0,(anonymous_17)
FNDA:0,(anonymous_18)
FNDA:0,(anonymous_19)
FNDA:0,(anonymous_20)
FNDA:0,(anonymous_21)
FNDA:0,(anonymous_22)
FNDA:0,(anonymous_23)
FNDA:0,(anonymous_24)
FNDA:0,(anonymous_25)
FNDA:0,(anonymous_26)
DA:6,0
DA:13,0
DA:14,0
DA:39,0
DA:74,0
DA:93,0
DA:94,0
DA:95,0
DA:96,0
DA:97,0
DA:98,0
DA:99,0
DA:100,0
DA:101,0
DA:102,0
DA:112,0
DA:113,0
DA:123,0
DA:129,0
DA:130,0
DA:131,0
DA:132,0
DA:133,0
DA:134,0
DA:137,0
DA:138,0
DA:139,0
DA:140,0
DA:141,0
DA:143,0
DA:147,0
DA:148,0
DA:154,0
DA:155,0
DA:156,0
DA:159,0
DA:160,0
DA:161,0
DA:162,0
DA:163,0
DA:164,0
DA:165,0
DA:166,0
DA:167,0
DA:169,0
DA:182,0
DA:183,0
DA:184,0
DA:186,0
DA:187,0
DA:188,0
DA:193,0
DA:195,0
DA:196,0
DA:197,0
DA:198,0
DA:201,0
DA:204,0
DA:206,0
DA:213,0
DA:214,0
DA:247,0
DA:248,0
DA:249,0
DA:268,0
DA:285,0
DA:286,0
DA:302,0
DA:315,0
DA:319,0
DA:333,0
DA:341,0
DA:345,0
DA:349,0
DA:353,0
DA:357,0
DA:364,0
DA:373,0
DA:374,0
DA:393,0
DA:399,0
DA:400,0
DA:401,0
DA:402,0
DA:405,0
DA:406,0
DA:407,0
DA:408,0
DA:409,0
DA:410,0
DA:412,0
DA:416,0
LF:92
LH:0
BRDA:112,0,0,0
BRDA:112,0,1,0
BRDA:112,1,0,0
BRDA:112,1,1,0
BRDA:130,2,0,0
BRDA:130,2,1,0
BRDA:179,3,0,0
BRDA:180,4,0,0
BRDA:195,5,0,0
BRDA:195,5,1,0
BRDA:195,6,0,0
BRDA:195,6,1,0
BRDA:284,7,0,0
BRDA:285,8,0,0
BRDA:285,8,1,0
BRDA:373,9,0,0
BRDA:373,9,1,0
BRDA:373,10,0,0
BRDA:373,10,1,0
BRF:19
BRH:0
end_of_record
TN:
SF:services/productDelivery.js
FN:5,(anonymous_0)
FN:15,(anonymous_1)
FN:27,(anonymous_2)
FN:28,(anonymous_3)
FN:57,(anonymous_4)
FN:72,(anonymous_5)
FN:98,(anonymous_6)
FN:157,(anonymous_7)
FN:178,(anonymous_8)
FN:183,(anonymous_9)
FN:199,(anonymous_10)
FN:222,(anonymous_11)
FN:229,(anonymous_12)
FN:230,(anonymous_13)
FN:248,(anonymous_14)
FN:259,(anonymous_15)
FN:260,(anonymous_16)
FNF:17
FNH:0
FNDA:0,(anonymous_0)
FNDA:0,(anonymous_1)
FNDA:0,(anonymous_2)
FNDA:0,(anonymous_3)
FNDA:0,(anonymous_4)
FNDA:0,(anonymous_5)
FNDA:0,(anonymous_6)
FNDA:0,(anonymous_7)
FNDA:0,(anonymous_8)
FNDA:0,(anonymous_9)
FNDA:0,(anonymous_10)
FNDA:0,(anonymous_11)
FNDA:0,(anonymous_12)
FNDA:0,(anonymous_13)
FNDA:0,(anonymous_14)
FNDA:0,(anonymous_15)
FNDA:0,(anonymous_16)
DA:1,0
DA:2,0
DA:6,0
DA:7,0
DA:16,0
DA:17,0
DA:19,0
DA:20,0
DA:21,0
DA:24,0
DA:25,0
DA:27,0
DA:28,0
DA:30,0
DA:31,0
DA:32,0
DA:36,0
DA:37,0
DA:40,0
DA:43,0
DA:45,0
DA:47,0
DA:48,0
DA:58,0
DA:61,0
DA:63,0
DA:74,0
DA:75,0
DA:77,0
DA:78,0
DA:86,0
DA:99,0
DA:100,0
DA:101,0
DA:103,0
DA:104,0
DA:106,0
DA:107,0
DA:113,0
DA:114,0
DA:115,0
DA:116,0
DA:120,0
DA:125,0
DA:129,0
DA:136,0
DA:141,0
DA:143,0
DA:158,0
DA:159,0
DA:160,0
DA:162,0
DA:164,0
DA:168,0
DA:179,0
DA:180,0
DA:181,0
DA:183,0
DA:184,0
DA:186,0
DA:187,0
DA:188,0
DA:190,0
DA:193,0
DA:196,0
DA:197,0
DA:198,0
DA:199,0
DA:200,0
DA:202,0
DA:205,0
DA:206,0
DA:207,0
DA:208,0
DA:209,0
DA:210,0
DA:212,0
DA:223,0
DA:224,0
DA:225,0
DA:229,0
DA:230,0
DA:233,0
DA:239,0
DA:249,0
DA:250,0
DA:252,0
DA:253,0
DA:256,0
DA:257,0
DA:259,0
DA:260,0
DA:262,0
DA:264,0
DA:265,0
DA:270,0
LF:96
LH:0
BRDA:19,0,0,0
BRDA:19,0,1,0
BRDA:30,1,0,0
BRDA:30,1,1,0
BRDA:74,2,0,0
BRDA:74,2,1,0
BRDA:77,3,0,0
BRDA:77,3,1,0
BRDA:106,4,0,0
BRDA:106,4,1,0
BRDA:115,5,0,0
BRDA:115,5,1,0
BRDA:186,6,0,0
BRDA:186,6,1,0
BRDA:186,7,0,0
BRDA:186,7,1,0
BRDA:196,8,0,0
BRDA:196,8,1,0
BRDA:252,9,0,0
BRDA:252,9,1,0
BRF:20
BRH:0
end_of_record
TN:
SF:services/qrisService.js
FN:6,(anonymous_0)
FN:18,(anonymous_1)
FN:63,(anonymous_2)
FN:93,(anonymous_3)
FN:140,(anonymous_4)
FN:155,(anonymous_5)
FN:173,(anonymous_6)
FNF:7
FNH:0
FNDA:0,(anonymous_0)
FNDA:0,(anonymous_1)
FNDA:0,(anonymous_2)
FNDA:0,(anonymous_3)
FNDA:0,(anonymous_4)
FNDA:0,(anonymous_5)
FNDA:0,(anonymous_6)
DA:1,0
DA:2,0
DA:3,0
DA:7,0
DA:8,0
DA:9,0
DA:19,0
DA:20,0
DA:29,0
DA:34,0
DA:35,0
DA:44,0
DA:49,0
DA:50,0
DA:64,0
DA:65,0
DA:68,0
DA:76,0
DA:77,0
DA:79,0
DA:81,0
DA:82,0
DA:94,0
DA:95,0
DA:104,0
DA:109,0
DA:110,0
DA:118,0
DA:123,0
DA:124,0
DA:147,0
DA:148,0
DA:150,0
DA:151,0
DA:154,0
DA:155,0
DA:156,0
DA:161,0
DA:174,0
DA:175,0
DA:179,0
LF:41
LH:0
BRDA:34,0,0,0
BRDA:34,0,1,0
BRDA:109,1,0,0
BRDA:109,1,1,0
BRDA:144,2,0,0
BRDA:145,3,0,0
BRDA:150,4,0,0
BRDA:150,4,1,0
BRDA:150,5,0,0
BRDA:150,5,1,0
BRDA:154,6,0,0
BRDA:154,6,1,0
BRDA:174,7,0,0
BRDA:174,7,1,0
BRF:14
BRH:0
end_of_record
TN:
SF:services/webhookServer.js
FN:12,(anonymous_0)
FN:37,(anonymous_1)
FN:52,(anonymous_2)
FN:54,(anonymous_3)
FN:87,(anonymous_4)
FN:96,(anonymous_5)
FN:98,(anonymous_6)
FN:128,(anonymous_7)
FN:162,(anonymous_8)
FN:177,(anonymous_9)
FN:201,(anonymous_10)
FN:232,(anonymous_11)
FN:233,(anonymous_12)
FN:240,(anonymous_13)
FN:255,(anonymous_14)
FN:323,(anonymous_15)
FN:333,(anonymous_16)
FN:357,(anonymous_17)
FN:392,(anonymous_18)
FN:397,(anonymous_19)
FN:424,(anonymous_20)
FN:436,(anonymous_21)
FN:447,(anonymous_22)
FN:448,(anonymous_23)
FN:461,(anonymous_24)
FN:463,(anonymous_25)
FN:464,(anonymous_26)
FNF:27
FNH:0
FNDA:0,(anonymous_0)
FNDA:0,(anonymous_1)
FNDA:0,(anonymous_2)
FNDA:0,(anonymous_3)
FNDA:0,(anonymous_4)
FNDA:0,(anonymous_5)
FNDA:0,(anonymous_6)
FNDA:0,(anonymous_7)
FNDA:0,(anonymous_8)
FNDA:0,(anonymous_9)
FNDA:0,(anonymous_10)
FNDA:0,(anonymous_11)
FNDA:0,(anonymous_12)
FNDA:0,(anonymous_13)
FNDA:0,(anonymous_14)
FNDA:0,(anonymous_15)
FNDA:0,(anonymous_16)
FNDA:0,(anonymous_17)
FNDA:0,(anonymous_18)
FNDA:0,(anonymous_19)
FNDA:0,(anonymous_20)
FNDA:0,(anonymous_21)
FNDA:0,(anonymous_22)
FNDA:0,(anonymous_23)
FNDA:0,(anonymous_24)
FNDA:0,(anonymous_25)
FNDA:0,(anonymous_26)
DA:6,0
DA:7,0
DA:8,0
DA:9,0
DA:13,0
DA:14,0
DA:15,0
DA:16,0
DA:17,0
DA:18,0
DA:21,0
DA:24,0
DA:25,0
DA:27,0
DA:28,0
DA:38,0
DA:39,0
DA:41,0
DA:42,0
DA:45,0
DA:54,0
DA:55,0
DA:56,0
DA:57,0
DA:58,0
DA:59,0
DA:64,0
DA:68,0
DA:69,0
DA:72,0
DA:84,0
DA:87,0
DA:88,0
DA:89,0
DA:98,0
DA:99,0
DA:100,0
DA:102,0
DA:128,0
DA:129,0
DA:131,0
DA:132,0
DA:133,0
DA:136,0
DA:137,0
DA:144,0
DA:145,0
DA:146,0
DA:147,0
DA:148,0
DA:149,0
DA:153,0
DA:155,0
DA:157,0
DA:162,0
DA:163,0
DA:178,0
DA:179,0
DA:182,0
DA:185,0
DA:187,0
DA:188,0
DA:192,0
DA:202,0
DA:203,0
DA:204,0
DA:206,0
DA:208,0
DA:209,0
DA:213,0
DA:216,0
DA:217,0
DA:222,0
DA:233,0
DA:241,0
DA:243,0
DA:245,0
DA:246,0
DA:247,0
DA:250,0
DA:253,0
DA:255,0
DA:257,0
DA:258,0
DA:259,0
DA:261,0
DA:262,0
DA:263,0
DA:264,0
DA:265,0
DA:266,0
DA:272,0
DA:273,0
DA:274,0
DA:279,0
DA:282,0
DA:285,0
DA:287,0
DA:288,0
DA:291,0
DA:295,0
DA:296,0
DA:298,0
DA:299,0
DA:300,0
DA:304,0
DA:305,0
DA:306,0
DA:312,0
DA:313,0
DA:314,0
DA:318,0
DA:322,0
DA:323,0
DA:324,0
DA:328,0
DA:329,0
DA:330,0
DA:333,0
DA:334,0
DA:335,0
DA:338,0
DA:340,0
DA:343,0
DA:358,0
DA:359,0
DA:364,0
DA:367,0
DA:373,0
DA:374,0
DA:377,0
DA:380,0
DA:382,0
DA:393,0
DA:394,0
DA:395,0
DA:397,0
DA:398,0
DA:399,0
DA:400,0
DA:401,0
DA:402,0
DA:403,0
DA:404,0
DA:405,0
DA:407,0
DA:410,0
DA:411,0
DA:412,0
DA:413,0
DA:414,0
DA:415,0
DA:417,0
DA:425,0
DA:426,0
DA:437,0
DA:438,0
DA:448,0
DA:449,0
DA:450,0
DA:462,0
DA:463,0
DA:464,0
DA:465,0
DA:466,0
DA:473,0
LF:166
LH:0
BRDA:17,0,0,0
BRDA:17,0,1,0
BRDA:21,1,0,0
BRDA:21,1,1,0
BRDA:38,2,0,0
BRDA:38,2,1,0
BRDA:38,3,0,0
BRDA:38,3,1,0
BRDA:39,4,0,0
BRDA:39,4,1,0
BRDA:58,5,0,0
BRDA:58,5,1,0
BRDA:58,6,0,0
BRDA:58,6,1,0
BRDA:120,7,0,0
BRDA:120,7,1,0
BRDA:121,8,0,0
BRDA:121,8,1,0
BRDA:123,9,0,0
BRDA:123,9,1,0
BRDA:131,10,0,0
BRDA:131,10,1,0
BRDA:140,11,0,0
BRDA:140,11,1,0
BRDA:144,12,0,0
BRDA:144,12,1,0
BRDA:144,13,0,0
BRDA:144,13,1,0
BRDA:146,14,0,0
BRDA:146,14,1,0
BRDA:148,15,0,0
BRDA:148,15,1,0
BRDA:178,16,0,0
BRDA:178,16,1,0
BRDA:187,17,0,0
BRDA:187,17,1,0
BRDA:201,18,0,0
BRDA:208,19,0,0
BRDA:208,19,1,0
BRDA:243,20,0,0
BRDA:243,20,1,0
BRDA:243,20,2,0
BRDA:245,21,0,0
BRDA:245,21,1,0
BRDA:257,22,0,0
BRDA:257,22,1,0
BRDA:263,23,0,0
BRDA:263,23,1,0
BRDA:265,24,0,0
BRDA:265,24,1,0
BRDA:273,25,0,0
BRDA:273,25,1,0
BRDA:287,26,0,0
BRDA:287,26,1,0
BRDA:298,27,0,0
BRDA:298,27,1,0
BRDA:298,28,0,0
BRDA:298,28,1,0
BRDA:312,29,0,0
BRDA:312,29,1,0
BRDA:357,30,0,0
BRDA:364,31,0,0
BRDA:364,31,1,0
BRDA:374,32,0,0
BRDA:374,32,1,0
BRDA:399,33,0,0
BRDA:399,33,1,0
BRDA:402,34,0,0
BRDA:402,34,1,0
BRDA:425,35,0,0
BRDA:425,35,1,0
BRDA:437,36,0,0
BRDA:437,36,1,0
BRDA:452,37,0,0
BRDA:452,37,1,0
BRDA:462,38,0,0
BRDA:462,38,1,0
BRF:77
BRH:0
end_of_record
TN:
SF:services/xenditService.js
FN:12,(anonymous_0)
FN:27,(anonymous_1)
FN:38,(anonymous_2)
FN:97,(anonymous_3)
FN:151,(anonymous_4)
FN:180,(anonymous_5)
FN:244,(anonymous_6)
FN:270,(anonymous_7)
FN:297,(anonymous_8)
FN:314,(anonymous_9)
FNF:10
FNH:0
FNDA:0,(anonymous_0)
FNDA:0,(anonymous_1)
FNDA:0,(anonymous_2)
FNDA:0,(anonymous_3)
FNDA:0,(anonymous_4)
FNDA:0,(anonymous_5)
FNDA:0,(anonymous_6)
FNDA:0,(anonymous_7)
FNDA:0,(anonymous_8)
FNDA:0,(anonymous_9)
DA:6,0
DA:7,0
DA:8,0
DA:9,0
DA:13,0
DA:18,0
DA:21,0
DA:28,0
DA:39,0
DA:40,0
DA:42,0
DA:65,0
DA:69,0
DA:70,0
DA:71,0
DA:74,0
DA:76,0
DA:84,0
DA:85,0
DA:103,0
DA:104,0
DA:106,0
DA:107,0
DA:112,0
DA:118,0
DA:120,0
DA:122,0
DA:125,0
DA:128,0
DA:150,0
DA:151,0
DA:154,0
DA:162,0
DA:166,0
DA:186,0
DA:187,0
DA:189,0
DA:214,0
DA:220,0
DA:224,0
DA:234,0
DA:235,0
DA:245,0
DA:246,0
DA:248,0
DA:252,0
DA:259,0
DA:260,0
DA:271,0
DA:273,0
DA:275,0
DA:276,0
DA:279,0
DA:286,0
DA:287,0
DA:289,0
DA:290,0
DA:298,0
DA:306,0
DA:315,0
DA:316,0
DA:317,0
DA:320,0
DA:322,0
DA:326,0
LF:65
LH:0
BRDA:18,0,0,0
BRDA:18,0,1,0
BRDA:38,1,0,0
BRDA:56,2,0,0
BRDA:56,2,1,0
BRDA:57,3,0,0
BRDA:57,3,1,0
BRDA:65,4,0,0
BRDA:65,4,1,0
BRDA:65,4,2,0
BRDA:69,5,0,0
BRDA:69,5,1,0
BRDA:80,6,0,0
BRDA:80,6,1,0
BRDA:101,7,0,0
BRDA:107,8,0,0
BRDA:107,8,1,0
BRDA:118,9,0,0
BRDA:118,9,1,0
BRDA:120,10,0,0
BRDA:120,10,1,0
BRDA:122,11,0,0
BRDA:122,11,1,0
BRDA:143,12,0,0
BRDA:143,12,1,0
BRDA:144,13,0,0
BRDA:144,13,1,0
BRDA:151,14,0,0
BRDA:151,14,1,0
BRDA:155,15,0,0
BRDA:155,15,1,0
BRDA:155,15,2,0
BRDA:157,16,0,0
BRDA:157,16,1,0
BRDA:184,17,0,0
BRDA:200,18,0,0
BRDA:200,18,1,0
BRDA:207,19,0,0
BRDA:207,19,1,0
BRDA:214,20,0,0
BRDA:214,20,1,0
BRDA:214,20,2,0
BRDA:254,21,0,0
BRDA:254,21,1,0
BRDA:306,22,0,0
BRDA:306,22,1,0
BRDA:316,23,0,0
BRDA:316,23,1,0
BRF:48
BRH:0
end_of_record
TN:
SF:src/core/MessageRouter.js
FN:9,(anonymous_0)
FN:24,(anonymous_1)
FN:71,(anonymous_2)
FN:89,(anonymous_3)
FN:98,(anonymous_4)
FNF:5
FNH:0
FNDA:0,(anonymous_0)
FNDA:0,(anonymous_1)
FNDA:0,(anonymous_2)
FNDA:0,(anonymous_3)
FNDA:0,(anonymous_4)
DA:6,0
DA:10,0
DA:25,0
DA:30,0
DA:31,0
DA:32,0
DA:36,0
DA:37,0
DA:38,0
DA:42,0
DA:43,0
DA:44,0
DA:48,0
DA:49,0
DA:50,0
DA:56,0
DA:57,0
DA:58,0
DA:62,0
DA:63,0
DA:72,0
DA:81,0
DA:90,0
DA:99,0
DA:102,0
DA:104,0
DA:109,0
LF:27
LH:0
BRDA:30,0,0,0
BRDA:30,0,1,0
BRDA:36,1,0,0
BRDA:36,1,1,0
BRDA:42,2,0,0
BRDA:42,2,1,0
BRDA:48,3,0,0
BRDA:48,3,1,0
BRDA:56,4,0,0
BRDA:56,4,1,0
BRDA:99,5,0,0
BRDA:99,5,1,0
BRDA:99,5,2,0
BRF:13
BRH:0
end_of_record
TN:
SF:src/handlers/AIFallbackHandler.js
FN:12,(anonymous_0)
FN:26,(anonymous_1)
FN:87,(anonymous_2)
FN:114,(anonymous_3)
FN:128,(anonymous_4)
FN:143,(anonymous_5)
FN:155,(anonymous_6)
FNF:7
FNH:0
FNDA:0,(anonymous_0)
FNDA:0,(anonymous_1)
FNDA:0,(anonymous_2)
FNDA:0,(anonymous_3)
FNDA:0,(anonymous_4)
FNDA:0,(anonymous_5)
FNDA:0,(anonymous_6)
DA:6,0
DA:7,0
DA:8,0
DA:9,0
DA:13,0
DA:14,0
DA:15,0
DA:16,0
DA:17,0
DA:27,0
DA:28,0
DA:31,0
DA:32,0
DA:33,0
DA:37,0
DA:38,0
DA:39,0
DA:42,0
DA:45,0
DA:46,0
DA:47,0
DA:48,0
DA:52,0
DA:53,0
DA:56,0
DA:59,0
DA:60,0
DA:65,0
DA:66,0
DA:67,0
DA:70,0
DA:73,0
DA:76,0
DA:77,0
DA:89,0
DA:91,0
DA:94,0
DA:95,0
DA:96,0
DA:97,0
DA:98,0
DA:99,0
DA:100,0
DA:101,0
DA:104,0
DA:106,0
DA:115,0
DA:117,0
DA:129,0
DA:144,0
DA:145,0
DA:147,0
DA:156,0
DA:160,0
LF:54
LH:0
BRDA:12,0,0,0
BRDA:12,1,0,0
BRDA:31,2,0,0
BRDA:31,2,1,0
BRDA:37,3,0,0
BRDA:37,3,1,0
BRDA:46,4,0,0
BRDA:46,4,1,0
BRDA:65,5,0,0
BRDA:65,5,1,0
BRDA:65,6,0,0
BRDA:65,6,1,0
BRDA:94,7,0,0
BRDA:94,7,1,0
BRDA:94,8,0,0
BRDA:94,8,1,0
BRDA:94,8,2,0
BRDA:96,9,0,0
BRDA:96,9,1,0
BRDA:98,10,0,0
BRDA:98,10,1,0
BRDA:100,11,0,0
BRDA:100,11,1,0
BRDA:144,12,0,0
BRDA:144,12,1,0
BRDA:144,13,0,0
BRDA:144,13,1,0
BRF:27
BRH:0
end_of_record
TN:
SF:src/handlers/AIHandler.js
FN:13,(anonymous_0)
FN:30,(anonymous_1)
FN:49,(anonymous_2)
FN:55,(anonymous_3)
FN:68,(anonymous_4)
FN:131,(anonymous_5)
FN:136,(anonymous_6)
FN:145,(anonymous_7)
FN:161,(anonymous_8)
FN:181,(anonymous_9)
FN:189,(anonymous_10)
FN:200,(anonymous_11)
FN:211,(anonymous_12)
FN:220,(anonymous_13)
FN:232,(anonymous_14)
FN:254,(anonymous_15)
FN:261,(anonymous_16)
FN:292,(anonymous_17)
FN:303,(anonymous_18)
FN:313,(anonymous_19)
FN:321,(anonymous_20)
FN:326,(anonymous_21)
FN:335,(anonymous_22)
FN:352,(anonymous_23)
FNF:24
FNH:0
FNDA:0,(anonymous_0)
FNDA:0,(anonymous_1)
FNDA:0,(anonymous_2)
FNDA:0,(anonymous_3)
FNDA:0,(anonymous_4)
FNDA:0,(anonymous_5)
FNDA:0,(anonymous_6)
FNDA:0,(anonymous_7)
FNDA:0,(anonymous_8)
FNDA:0,(anonymous_9)
FNDA:0,(anonymous_10)
FNDA:0,(anonymous_11)
FNDA:0,(anonymous_12)
FNDA:0,(anonymous_13)
FNDA:0,(anonymous_14)
FNDA:0,(anonymous_15)
FNDA:0,(anonymous_16)
FNDA:0,(anonymous_17)
FNDA:0,(anonymous_18)
FNDA:0,(anonymous_19)
FNDA:0,(anonymous_20)
FNDA:0,(anonymous_21)
FNDA:0,(anonymous_22)
FNDA:0,(anonymous_23)
DA:6,0
DA:7,0
DA:8,0
DA:9,0
DA:10,0
DA:18,0
DA:19,0
DA:20,0
DA:21,0
DA:31,0
DA:34,0
DA:35,0
DA:39,0
DA:43,0
DA:47,0
DA:48,0
DA:49,0
DA:51,0
DA:55,0
DA:56,0
DA:58,0
DA:60,0
DA:69,0
DA:71,0
DA:72,0
DA:73,0
DA:76,0
DA:80,0
DA:81,0
DA:82,0
DA:83,0
DA:87,0
DA:88,0
DA:91,0
DA:94,0
DA:101,0
DA:112,0
DA:115,0
DA:116,0
DA:119,0
DA:121,0
DA:122,0
DA:132,0
DA:135,0
DA:137,0
DA:140,0
DA:144,0
DA:146,0
DA:149,0
DA:153,0
DA:162,0
DA:164,0
DA:166,0
DA:168,0
DA:170,0
DA:172,0
DA:182,0
DA:184,0
DA:185,0
DA:188,0
DA:189,0
DA:190,0
DA:193,0
DA:194,0
DA:198,0
DA:199,0
DA:200,0
DA:202,0
DA:204,0
DA:212,0
DA:221,0
DA:224,0
DA:225,0
DA:227,0
DA:228,0
DA:232,0
DA:241,0
DA:255,0
DA:262,0
DA:264,0
DA:266,0
DA:267,0
DA:273,0
DA:293,0
DA:304,0
DA:306,0
DA:309,0
DA:310,0
DA:312,0
DA:313,0
DA:314,0
DA:316,0
DA:321,0
DA:322,0
DA:324,0
DA:325,0
DA:326,0
DA:330,0
DA:333,0
DA:335,0
DA:353,0
DA:354,0
DA:355,0
DA:356,0
DA:362,0
DA:364,0
DA:390,0
DA:391,0
DA:392,0
DA:393,0
DA:394,0
DA:403,0
DA:411,0
DA:416,0
DA:417,0
DA:425,0
LF:116
LH:0
BRDA:14,0,0,0
BRDA:15,1,0,0
BRDA:16,2,0,0
BRDA:30,3,0,0
BRDA:31,4,0,0
BRDA:31,4,1,0
BRDA:34,5,0,0
BRDA:34,5,1,0
BRDA:39,6,0,0
BRDA:39,6,1,0
BRDA:40,7,0,0
BRDA:40,7,1,0
BRDA:51,8,0,0
BRDA:51,8,1,0
BRDA:58,9,0,0
BRDA:58,9,1,0
BRDA:68,10,0,0
BRDA:72,11,0,0
BRDA:72,11,1,0
BRDA:82,12,0,0
BRDA:82,12,1,0
BRDA:115,13,0,0
BRDA:115,13,1,0
BRDA:119,14,0,0
BRDA:119,14,1,0
BRDA:135,15,0,0
BRDA:135,15,1,0
BRDA:144,16,0,0
BRDA:144,16,1,0
BRDA:164,17,0,0
BRDA:164,17,1,0
BRDA:164,17,2,0
BRDA:164,17,3,0
BRDA:184,18,0,0
BRDA:184,18,1,0
BRDA:188,19,0,0
BRDA:188,19,1,0
BRDA:188,20,0,0
BRDA:188,20,1,0
BRDA:193,21,0,0
BRDA:193,21,1,0
BRDA:193,22,0,0
BRDA:193,22,1,0
BRDA:227,23,0,0
BRDA:227,23,1,0
BRDA:266,24,0,0
BRDA:266,24,1,0
BRDA:281,25,0,0
BRDA:281,25,1,0
BRDA:312,26,0,0
BRDA:312,26,1,0
BRDA:312,27,0,0
BRDA:312,27,1,0
BRDA:316,28,0,0
BRDA:316,28,1,0
BRDA:317,29,0,0
BRDA:317,29,1,0
BRDA:317,29,2,0
BRDA:324,30,0,0
BRDA:324,30,1,0
BRDA:324,31,0,0
BRDA:324,31,1,0
BRDA:355,32,0,0
BRDA:355,32,1,0
BRDA:373,33,0,0
BRDA:373,33,1,0
BRDA:392,34,0,0
BRDA:392,34,1,0
BRF:68
BRH:0
end_of_record
TN:
SF:src/handlers/AdminAnalyticsHandler.js
FN:10,(anonymous_0)
FN:22,(anonymous_1)
FN:63,(anonymous_2)
FN:105,(anonymous_3)
FN:115,(anonymous_4)
FN:129,(anonymous_5)
FN:143,(anonymous_6)
FNF:7
FNH:0
FNDA:0,(anonymous_0)
FNDA:0,(anonymous_1)
FNDA:0,(anonymous_2)
FNDA:0,(anonymous_3)
FNDA:0,(anonymous_4)
FNDA:0,(anonymous_5)
FNDA:0,(anonymous_6)
DA:7,0
DA:11,0
DA:12,0
DA:13,0
DA:14,0
DA:15,0
DA:23,0
DA:25,0
DA:28,0
DA:31,0
DA:34,0
DA:35,0
DA:36,0
DA:37,0
DA:38,0
DA:39,0
DA:42,0
DA:45,0
DA:48,0
DA:49,0
DA:50,0
DA:51,0
DA:55,0
DA:56,0
DA:60,0
DA:61,0
DA:62,0
DA:63,0
DA:64,0
DA:65,0
DA:66,0
DA:67,0
DA:69,0
DA:73,0
DA:74,0
DA:75,0
DA:76,0
DA:77,0
DA:78,0
DA:79,0
DA:82,0
DA:83,0
DA:84,0
DA:85,0
DA:86,0
DA:88,0
DA:89,0
DA:90,0
DA:91,0
DA:92,0
DA:94,0
DA:95,0
DA:97,0
DA:98,0
DA:106,0
DA:107,0
DA:109,0
DA:116,0
DA:117,0
DA:130,0
DA:131,0
DA:144,0
DA:145,0
DA:146,0
DA:147,0
DA:149,0
DA:153,0
LF:67
LH:0
BRDA:22,0,0,0
BRDA:48,1,0,0
BRDA:48,1,1,0
BRDA:60,2,0,0
BRDA:60,2,1,0
BRDA:67,3,0,0
BRDA:67,3,1,0
BRDA:106,4,0,0
BRDA:106,4,1,0
BRDA:106,5,0,0
BRDA:106,5,1,0
BRDA:106,5,2,0
BRDA:115,6,0,0
BRDA:116,7,0,0
BRDA:116,7,1,0
BRDA:129,8,0,0
BRDA:130,9,0,0
BRDA:130,9,1,0
BRDA:144,10,0,0
BRDA:144,10,1,0
BRDA:146,11,0,0
BRDA:146,11,1,0
BRF:22
BRH:0
end_of_record
TN:
SF:src/handlers/AdminHandler.js
FN:22,(anonymous_0)
FN:60,(anonymous_1)
FN:63,(anonymous_2)
FN:66,(anonymous_3)
FN:68,(anonymous_4)
FN:72,(anonymous_5)
FN:77,(anonymous_6)
FN:80,(anonymous_7)
FN:81,(anonymous_8)
FN:82,(anonymous_9)
FN:83,(anonymous_10)
FN:85,(anonymous_11)
FN:87,(anonymous_12)
FN:90,(anonymous_13)
FN:92,(anonymous_14)
FN:94,(anonymous_15)
FN:95,(anonymous_16)
FN:97,(anonymous_17)
FN:101,(anonymous_18)
FN:103,(anonymous_19)
FN:104,(anonymous_20)
FN:106,(anonymous_21)
FN:110,(anonymous_22)
FN:112,(anonymous_23)
FN:114,(anonymous_24)
FN:118,(anonymous_25)
FN:125,(anonymous_26)
FN:195,(anonymous_27)
FN:202,(anonymous_28)
FN:254,(anonymous_29)
FN:301,(anonymous_30)
FN:309,(anonymous_31)
FN:310,(anonymous_32)
FN:319,(anonymous_33)
FN:320,(anonymous_34)
FN:335,(anonymous_35)
FN:350,(anonymous_36)
FN:382,(anonymous_37)
FN:400,(anonymous_38)
FN:421,(anonymous_39)
FN:448,(anonymous_40)
FN:498,(anonymous_41)
FN:523,(anonymous_42)
FN:542,(anonymous_43)
FN:577,(anonymous_44)
FN:603,(anonymous_45)
FN:619,(anonymous_46)
FN:620,(anonymous_47)
FN:622,(anonymous_48)
FN:623,(anonymous_49)
FN:631,(anonymous_50)
FN:639,(anonymous_51)
FN:669,(anonymous_52)
FNF:53
FNH:0
FNDA:0,(anonymous_0)
FNDA:0,(anonymous_1)
FNDA:0,(anonymous_2)
FNDA:0,(anonymous_3)
FNDA:0,(anonymous_4)
FNDA:0,(anonymous_5)
FNDA:0,(anonymous_6)
FNDA:0,(anonymous_7)
FNDA:0,(anonymous_8)
FNDA:0,(anonymous_9)
FNDA:0,(anonymous_10)
FNDA:0,(anonymous_11)
FNDA:0,(anonymous_12)
FNDA:0,(anonymous_13)
FNDA:0,(anonymous_14)
FNDA:0,(anonymous_15)
FNDA:0,(anonymous_16)
FNDA:0,(anonymous_17)
FNDA:0,(anonymous_18)
FNDA:0,(anonymous_19)
FNDA:0,(anonymous_20)
FNDA:0,(anonymous_21)
FNDA:0,(anonymous_22)
FNDA:0,(anonymous_23)
FNDA:0,(anonymous_24)
FNDA:0,(anonymous_25)
FNDA:0,(anonymous_26)
FNDA:0,(anonymous_27)
FNDA:0,(anonymous_28)
FNDA:0,(anonymous_29)
FNDA:0,(anonymous_30)
FNDA:0,(anonymous_31)
FNDA:0,(anonymous_32)
FNDA:0,(anonymous_33)
FNDA:0,(anonymous_34)
FNDA:0,(anonymous_35)
FNDA:0,(anonymous_36)
FNDA:0,(anonymous_37)
FNDA:0,(anonymous_38)
FNDA:0,(anonymous_39)
FNDA:0,(anonymous_40)
FNDA:0,(anonymous_41)
FNDA:0,(anonymous_42)
FNDA:0,(anonymous_43)
FNDA:0,(anonymous_44)
FNDA:0,(anonymous_45)
FNDA:0,(anonymous_46)
FNDA:0,(anonymous_47)
FNDA:0,(anonymous_48)
FNDA:0,(anonymous_49)
FNDA:0,(anonymous_50)
FNDA:0,(anonymous_51)
FNDA:0,(anonymous_52)
DA:6,0
DA:7,0
DA:8,0
DA:9,0
DA:10,0
DA:11,0
DA:12,0
DA:13,0
DA:14,0
DA:15,0
DA:16,0
DA:17,0
DA:18,0
DA:19,0
DA:23,0
DA:24,0
DA:25,0
DA:26,0
DA:27,0
DA:28,0
DA:29,0
DA:34,0
DA:35,0
DA:38,0
DA:39,0
DA:45,0
DA:52,0
DA:61,0
DA:63,0
DA:67,0
DA:69,0
DA:73,0
DA:74,0
DA:75,0
DA:77,0
DA:80,0
DA:81,0
DA:82,0
DA:84,0
DA:86,0
DA:87,0
DA:91,0
DA:93,0
DA:94,0
DA:96,0
DA:98,0
DA:102,0
DA:103,0
DA:105,0
DA:107,0
DA:111,0
DA:113,0
DA:115,0
DA:118,0
DA:127,0
DA:128,0
DA:129,0
DA:133,0
DA:134,0
DA:139,0
DA:143,0
DA:144,0
DA:148,0
DA:149,0
DA:150,0
DA:153,0
DA:154,0
DA:155,0
DA:158,0
DA:159,0
DA:162,0
DA:164,0
DA:165,0
DA:166,0
DA:170,0
DA:173,0
DA:174,0
DA:178,0
DA:179,0
DA:180,0
DA:185,0
DA:187,0
DA:188,0
DA:196,0
DA:203,0
DA:204,0
DA:205,0
DA:207,0
DA:208,0
DA:211,0
DA:214,0
DA:215,0
DA:216,0
DA:217,0
DA:223,0
DA:224,0
DA:225,0
DA:228,0
DA:230,0
DA:231,0
DA:232,0
DA:233,0
DA:234,0
DA:235,0
DA:236,0
DA:237,0
DA:238,0
DA:239,0
DA:240,0
DA:241,0
DA:243,0
DA:244,0
DA:246,0
DA:247,0
DA:255,0
DA:258,0
DA:259,0
DA:263,0
DA:264,0
DA:265,0
DA:266,0
DA:268,0
DA:269,0
DA:275,0
DA:283,0
DA:288,0
DA:302,0
DA:303,0
DA:305,0
DA:307,0
DA:308,0
DA:309,0
DA:311,0
DA:312,0
DA:313,0
DA:314,0
DA:317,0
DA:318,0
DA:319,0
DA:321,0
DA:322,0
DA:323,0
DA:324,0
DA:327,0
DA:329,0
DA:336,0
DA:338,0
DA:339,0
DA:350,0
DA:352,0
DA:353,0
DA:360,0
DA:361,0
DA:362,0
DA:371,0
DA:372,0
DA:373,0
DA:375,0
DA:383,0
DA:385,0
DA:386,0
DA:400,0
DA:402,0
DA:403,0
DA:406,0
DA:407,0
DA:408,0
DA:410,0
DA:411,0
DA:412,0
DA:414,0
DA:422,0
DA:424,0
DA:425,0
DA:433,0
DA:434,0
DA:435,0
DA:437,0
DA:438,0
DA:439,0
DA:441,0
DA:449,0
DA:452,0
DA:453,0
DA:457,0
DA:458,0
DA:462,0
DA:463,0
DA:464,0
DA:465,0
DA:467,0
DA:468,0
DA:474,0
DA:482,0
DA:486,0
DA:499,0
DA:500,0
DA:502,0
DA:503,0
DA:504,0
DA:505,0
DA:506,0
DA:507,0
DA:508,0
DA:509,0
DA:510,0
DA:511,0
DA:512,0
DA:513,0
DA:514,0
DA:515,0
DA:517,0
DA:524,0
DA:525,0
DA:526,0
DA:527,0
DA:528,0
DA:529,0
DA:530,0
DA:531,0
DA:532,0
DA:533,0
DA:536,0
DA:543,0
DA:544,0
DA:545,0
DA:553,0
DA:555,0
DA:557,0
DA:559,0
DA:560,0
DA:564,0
DA:565,0
DA:567,0
DA:568,0
DA:571,0
DA:572,0
DA:575,0
DA:576,0
DA:577,0
DA:578,0
DA:580,0
DA:583,0
DA:584,0
DA:587,0
DA:588,0
DA:591,0
DA:592,0
DA:594,0
DA:604,0
DA:605,0
DA:606,0
DA:609,0
DA:610,0
DA:611,0
DA:614,0
DA:615,0
DA:616,0
DA:619,0
DA:620,0
DA:622,0
DA:623,0
DA:625,0
DA:626,0
DA:627,0
DA:629,0
DA:630,0
DA:631,0
DA:632,0
DA:634,0
DA:637,0
DA:638,0
DA:639,0
DA:640,0
DA:642,0
DA:645,0
DA:646,0
DA:649,0
DA:650,0
DA:652,0
DA:659,0
DA:661,0
DA:662,0
DA:670,0
DA:671,0
DA:672,0
DA:674,0
DA:675,0
DA:676,0
DA:679,0
DA:680,0
DA:681,0
DA:683,0
DA:684,0
DA:685,0
DA:686,0
DA:687,0
DA:688,0
DA:689,0
DA:691,0
DA:692,0
DA:693,0
DA:694,0
DA:695,0
DA:696,0
DA:698,0
DA:699,0
DA:700,0
DA:701,0
DA:702,0
DA:704,0
DA:705,0
DA:706,0
DA:707,0
DA:709,0
DA:710,0
DA:712,0
DA:713,0
DA:714,0
DA:715,0
DA:716,0
DA:717,0
DA:718,0
DA:720,0
DA:724,0
LF:325
LH:0
BRDA:22,0,0,0
BRDA:74,1,0,0
BRDA:74,1,1,0
BRDA:74,2,0,0
BRDA:74,2,1,0
BRDA:127,3,0,0
BRDA:127,3,1,0
BRDA:133,4,0,0
BRDA:133,4,1,0
BRDA:143,5,0,0
BRDA:143,5,1,0
BRDA:143,6,0,0
BRDA:143,6,1,0
BRDA:153,7,0,0
BRDA:153,7,1,0
BRDA:158,8,0,0
BRDA:158,8,1,0
BRDA:165,9,0,0
BRDA:165,9,1,0
BRDA:173,10,0,0
BRDA:173,10,1,0
BRDA:179,11,0,0
BRDA:179,11,1,0
BRDA:179,12,0,0
BRDA:179,12,1,0
BRDA:195,13,0,0
BRDA:208,14,0,0
BRDA:208,14,1,0
BRDA:258,15,0,0
BRDA:258,15,1,0
BRDA:263,16,0,0
BRDA:263,16,1,0
BRDA:268,17,0,0
BRDA:268,17,1,0
BRDA:311,18,0,0
BRDA:311,18,1,0
BRDA:311,19,0,0
BRDA:311,19,1,0
BRDA:321,20,0,0
BRDA:321,20,1,0
BRDA:321,21,0,0
BRDA:321,21,1,0
BRDA:338,22,0,0
BRDA:338,22,1,0
BRDA:352,23,0,0
BRDA:352,23,1,0
BRDA:371,24,0,0
BRDA:371,24,1,0
BRDA:385,25,0,0
BRDA:385,25,1,0
BRDA:402,26,0,0
BRDA:402,26,1,0
BRDA:410,27,0,0
BRDA:410,27,1,0
BRDA:424,28,0,0
BRDA:424,28,1,0
BRDA:437,29,0,0
BRDA:437,29,1,0
BRDA:452,30,0,0
BRDA:452,30,1,0
BRDA:457,31,0,0
BRDA:457,31,1,0
BRDA:457,32,0,0
BRDA:457,32,1,0
BRDA:462,33,0,0
BRDA:462,33,1,0
BRDA:467,34,0,0
BRDA:467,34,1,0
BRDA:544,35,0,0
BRDA:544,35,1,0
BRDA:559,36,0,0
BRDA:559,36,1,0
BRDA:567,37,0,0
BRDA:567,37,1,0
BRDA:571,38,0,0
BRDA:571,38,1,0
BRDA:575,39,0,0
BRDA:575,39,1,0
BRDA:575,40,0,0
BRDA:575,40,1,0
BRDA:583,41,0,0
BRDA:583,41,1,0
BRDA:587,42,0,0
BRDA:587,42,1,0
BRDA:627,43,0,0
BRDA:627,43,1,0
BRDA:629,44,0,0
BRDA:629,44,1,0
BRDA:637,45,0,0
BRDA:637,45,1,0
BRDA:645,46,0,0
BRDA:645,46,1,0
BRDA:645,47,0,0
BRDA:645,47,1,0
BRF:94
BRH:0
end_of_record
TN:
SF:src/handlers/AdminInventoryHandler.js
FN:9,(anonymous_0)
FN:16,(anonymous_1)
FN:56,(anonymous_2)
FN:96,(anonymous_3)
FN:118,(anonymous_4)
FN:119,(anonymous_5)
FN:144,(anonymous_6)
FN:158,(anonymous_7)
FN:187,(anonymous_8)
FN:198,(anonymous_9)
FN:199,(anonymous_10)
FN:217,(anonymous_11)
FNF:12
FNH:0
FNDA:0,(anonymous_0)
FNDA:0,(anonymous_1)
FNDA:0,(anonymous_2)
FNDA:0,(anonymous_3)
FNDA:0,(anonymous_4)
FNDA:0,(anonymous_5)
FNDA:0,(anonymous_6)
FNDA:0,(anonymous_7)
FNDA:0,(anonymous_8)
FNDA:0,(anonymous_9)
FNDA:0,(anonymous_10)
FNDA:0,(anonymous_11)
DA:6,0
DA:10,0
DA:17,0
DA:18,0
DA:19,0
DA:29,0
DA:30,0
DA:32,0
DA:33,0
DA:35,0
DA:41,0
DA:42,0
DA:49,0
DA:57,0
DA:58,0
DA:59,0
DA:72,0
DA:75,0
DA:76,0
DA:78,0
DA:98,0
DA:99,0
DA:101,0
DA:102,0
DA:106,0
DA:110,0
DA:111,0
DA:112,0
DA:116,0
DA:118,0
DA:119,0
DA:121,0
DA:122,0
DA:125,0
DA:126,0
DA:128,0
DA:134,0
DA:136,0
DA:142,0
DA:143,0
DA:144,0
DA:145,0
DA:148,0
DA:149,0
DA:151,0
DA:159,0
DA:160,0
DA:162,0
DA:164,0
DA:166,0
DA:167,0
DA:169,0
DA:171,0
DA:173,0
DA:174,0
DA:175,0
DA:178,0
DA:181,0
DA:188,0
DA:190,0
DA:192,0
DA:193,0
DA:195,0
DA:196,0
DA:197,0
DA:198,0
DA:200,0
DA:204,0
DA:205,0
DA:208,0
DA:210,0
DA:218,0
DA:219,0
DA:221,0
DA:222,0
DA:225,0
DA:226,0
DA:228,0
DA:230,0
DA:231,0
DA:234,0
DA:236,0
DA:237,0
DA:239,0
DA:240,0
DA:242,0
DA:243,0
DA:247,0
DA:251,0
LF:89
LH:0
BRDA:9,0,0,0
BRDA:18,1,0,0
BRDA:18,1,1,0
BRDA:41,2,0,0
BRDA:41,2,1,0
BRDA:58,3,0,0
BRDA:58,3,1,0
BRDA:101,4,0,0
BRDA:101,4,1,0
BRDA:106,5,0,0
BRDA:106,5,1,0
BRDA:107,6,0,0
BRDA:107,6,1,0
BRDA:121,7,0,0
BRDA:121,7,1,0
BRDA:134,8,0,0
BRDA:134,8,1,0
BRDA:142,9,0,0
BRDA:142,9,1,0
BRDA:142,10,0,0
BRDA:142,10,1,0
BRDA:166,11,0,0
BRDA:166,11,1,0
BRDA:173,12,0,0
BRDA:173,12,1,0
BRDA:173,13,0,0
BRDA:173,13,1,0
BRDA:173,14,0,0
BRDA:173,14,1,0
BRDA:192,15,0,0
BRDA:192,15,1,0
BRDA:195,16,0,0
BRDA:195,16,1,0
BRDA:204,17,0,0
BRDA:204,17,1,0
BRDA:219,18,0,0
BRDA:219,18,1,0
BRDA:221,19,0,0
BRDA:221,19,1,0
BRDA:221,20,0,0
BRDA:221,20,1,0
BRDA:221,20,2,0
BRDA:230,21,0,0
BRDA:230,21,1,0
BRDA:236,22,0,0
BRDA:236,22,1,0
BRF:46
BRH:0
end_of_record
TN:
SF:src/handlers/AdminOrderHandler.js
FN:11,(anonymous_0)
FN:22,(anonymous_1)
FN:105,(anonymous_2)
FN:112,(anonymous_3)
FN:115,(anonymous_4)
FN:143,(anonymous_5)
FNF:6
FNH:0
FNDA:0,(anonymous_0)
FNDA:0,(anonymous_1)
FNDA:0,(anonymous_2)
FNDA:0,(anonymous_3)
FNDA:0,(anonymous_4)
FNDA:0,(anonymous_5)
DA:7,0
DA:8,0
DA:12,0
DA:13,0
DA:23,0
DA:24,0
DA:25,0
DA:28,0
DA:29,0
DA:31,0
DA:32,0
DA:35,0
DA:36,0
DA:37,0
DA:41,0
DA:42,0
DA:43,0
DA:44,0
DA:48,0
DA:49,0
DA:54,0
DA:57,0
DA:61,0
DA:65,0
DA:70,0
DA:71,0
DA:72,0
DA:75,0
DA:76,0
DA:82,0
DA:86,0
DA:89,0
DA:90,0
DA:95,0
DA:98,0
DA:104,0
DA:105,0
DA:106,0
DA:109,0
DA:112,0
DA:115,0
DA:121,0
DA:126,0
DA:127,0
DA:129,0
DA:144,0
DA:146,0
DA:147,0
DA:150,0
DA:152,0
DA:157,0
DA:166,0
LF:52
LH:0
BRDA:24,0,0,0
BRDA:24,0,1,0
BRDA:31,1,0,0
BRDA:31,1,1,0
BRDA:36,2,0,0
BRDA:36,2,1,0
BRDA:42,3,0,0
BRDA:42,3,1,0
BRDA:48,4,0,0
BRDA:48,4,1,0
BRDA:89,5,0,0
BRDA:89,5,1,0
BRDA:146,6,0,0
BRDA:146,6,1,0
BRF:14
BRH:0
end_of_record
TN:
SF:src/handlers/AdminPromoHandler.js
FN:14,(anonymous_0)
FN:22,(anonymous_1)
FN:60,(anonymous_2)
FN:74,(anonymous_3)
FN:76,(anonymous_4)
FN:81,(anonymous_5)
FN:99,(anonymous_6)
FN:118,(anonymous_7)
FN:133,(anonymous_8)
FNF:9
FNH:0
FNDA:0,(anonymous_0)
FNDA:0,(anonymous_1)
FNDA:0,(anonymous_2)
FNDA:0,(anonymous_3)
FNDA:0,(anonymous_4)
FNDA:0,(anonymous_5)
FNDA:0,(anonymous_6)
FNDA:0,(anonymous_7)
FNDA:0,(anonymous_8)
DA:6,0
DA:15,0
DA:16,0
DA:23,0
DA:25,0
DA:26,0
DA:35,0
DA:36,0
DA:37,0
DA:38,0
DA:40,0
DA:41,0
DA:44,0
DA:45,0
DA:48,0
DA:54,0
DA:61,0
DA:63,0
DA:64,0
DA:71,0
DA:73,0
DA:74,0
DA:75,0
DA:76,0
DA:79,0
DA:80,0
DA:81,0
DA:82,0
DA:86,0
DA:90,0
DA:91,0
DA:92,0
DA:93,0
DA:97,0
DA:98,0
DA:99,0
DA:100,0
DA:106,0
DA:107,0
DA:108,0
DA:109,0
DA:110,0
DA:112,0
DA:119,0
DA:121,0
DA:122,0
DA:125,0
DA:126,0
DA:127,0
DA:134,0
DA:136,0
DA:137,0
DA:140,0
DA:141,0
DA:143,0
DA:144,0
DA:147,0
DA:148,0
DA:149,0
DA:150,0
DA:151,0
DA:154,0
DA:155,0
DA:163,0
DA:164,0
DA:168,0
LF:66
LH:0
BRDA:14,0,0,0
BRDA:25,1,0,0
BRDA:25,1,1,0
BRDA:38,2,0,0
BRDA:38,2,1,0
BRDA:40,3,0,0
BRDA:40,3,1,0
BRDA:40,4,0,0
BRDA:40,4,1,0
BRDA:44,5,0,0
BRDA:44,5,1,0
BRDA:44,6,0,0
BRDA:44,6,1,0
BRDA:63,7,0,0
BRDA:63,7,1,0
BRDA:74,8,0,0
BRDA:74,8,1,0
BRDA:76,9,0,0
BRDA:76,9,1,0
BRDA:79,10,0,0
BRDA:79,10,1,0
BRDA:86,11,0,0
BRDA:86,11,1,0
BRDA:97,12,0,0
BRDA:97,12,1,0
BRDA:121,13,0,0
BRDA:121,13,1,0
BRDA:136,14,0,0
BRDA:136,14,1,0
BRDA:143,15,0,0
BRDA:143,15,1,0
BRDA:152,16,0,0
BRDA:152,16,1,0
BRDA:156,17,0,0
BRDA:156,17,1,0
BRDA:157,18,0,0
BRDA:157,18,1,0
BRF:37
BRH:0
end_of_record
TN:
SF:src/handlers/AdminReviewHandler.js
FN:10,(anonymous_0)
FN:20,(anonymous_1)
FN:38,(anonymous_2)
FN:60,(anonymous_3)
FN:110,(anonymous_4)
FN:145,(anonymous_5)
FN:168,(anonymous_6)
FN:182,(anonymous_7)
FN:196,(anonymous_8)
FNF:9
FNH:0
FNDA:0,(anonymous_0)
FNDA:0,(anonymous_1)
FNDA:0,(anonymous_2)
FNDA:0,(anonymous_3)
FNDA:0,(anonymous_4)
FNDA:0,(anonymous_5)
FNDA:0,(anonymous_6)
FNDA:0,(anonymous_7)
FNDA:0,(anonymous_8)
DA:7,0
DA:11,0
DA:12,0
DA:13,0
DA:21,0
DA:22,0
DA:24,0
DA:25,0
DA:26,0
DA:27,0
DA:28,0
DA:29,0
DA:30,0
DA:31,0
DA:32,0
DA:33,0
DA:34,0
DA:36,0
DA:37,0
DA:38,0
DA:39,0
DA:45,0
DA:49,0
DA:51,0
DA:52,0
DA:61,0
DA:62,0
DA:64,0
DA:65,0
DA:74,0
DA:75,0
DA:76,0
DA:80,0
DA:82,0
DA:83,0
DA:86,0
DA:87,0
DA:88,0
DA:89,0
DA:90,0
DA:91,0
DA:93,0
DA:99,0
DA:101,0
DA:102,0
DA:111,0
DA:112,0
DA:114,0
DA:115,0
DA:124,0
DA:126,0
DA:127,0
DA:130,0
DA:131,0
DA:133,0
DA:134,0
DA:135,0
DA:136,0
DA:141,0
DA:144,0
DA:145,0
DA:146,0
DA:147,0
DA:148,0
DA:152,0
DA:153,0
DA:156,0
DA:158,0
DA:160,0
DA:161,0
DA:169,0
DA:170,0
DA:183,0
DA:184,0
DA:197,0
DA:198,0
DA:199,0
DA:200,0
DA:202,0
DA:206,0
LF:80
LH:0
BRDA:20,0,0,0
BRDA:30,1,0,0
BRDA:30,1,1,0
BRDA:31,2,0,0
BRDA:31,2,1,0
BRDA:32,3,0,0
BRDA:32,3,1,0
BRDA:33,4,0,0
BRDA:33,4,1,0
BRDA:34,5,0,0
BRDA:34,5,1,0
BRDA:36,6,0,0
BRDA:36,6,1,0
BRDA:36,7,0,0
BRDA:36,7,1,0
BRDA:64,8,0,0
BRDA:64,8,1,0
BRDA:64,9,0,0
BRDA:64,9,1,0
BRDA:75,10,0,0
BRDA:75,10,1,0
BRDA:82,11,0,0
BRDA:82,11,1,0
BRDA:114,12,0,0
BRDA:114,12,1,0
BRDA:126,13,0,0
BRDA:126,13,1,0
BRDA:136,14,0,0
BRDA:136,14,1,0
BRDA:137,15,0,0
BRDA:137,15,1,0
BRDA:138,16,0,0
BRDA:138,16,1,0
BRDA:138,17,0,0
BRDA:138,17,1,0
BRDA:139,18,0,0
BRDA:139,18,1,0
BRDA:147,19,0,0
BRDA:147,19,1,0
BRDA:152,20,0,0
BRDA:152,20,1,0
BRDA:168,21,0,0
BRDA:169,22,0,0
BRDA:169,22,1,0
BRDA:182,23,0,0
BRDA:183,24,0,0
BRDA:183,24,1,0
BRDA:197,25,0,0
BRDA:197,25,1,0
BRDA:199,26,0,0
BRDA:199,26,1,0
BRF:51
BRH:0
end_of_record
TN:
SF:src/handlers/BaseHandler.js
FN:7,(anonymous_0)
FN:20,(anonymous_1)
FN:30,(anonymous_2)
FN:45,(anonymous_3)
FN:60,(anonymous_4)
FN:69,(anonymous_5)
FN:84,(anonymous_6)
FNF:7
FNH:0
FNDA:0,(anonymous_0)
FNDA:0,(anonymous_1)
FNDA:0,(anonymous_2)
FNDA:0,(anonymous_3)
FNDA:0,(anonymous_4)
FNDA:0,(anonymous_5)
FNDA:0,(anonymous_6)
DA:8,0
DA:9,0
DA:21,0
DA:31,0
DA:32,0
DA:46,0
DA:47,0
DA:52,0
DA:61,0
DA:70,0
DA:71,0
DA:72,0
DA:75,0
DA:76,0
DA:85,0
DA:89,0
LF:16
LH:0
BRDA:7,0,0,0
BRDA:20,1,0,0
BRDA:30,2,0,0
BRDA:31,3,0,0
BRDA:31,3,1,0
BRDA:45,4,0,0
BRDA:46,5,0,0
BRDA:46,5,1,0
BRF:8
BRH:0
end_of_record
TN:
SF:src/handlers/CustomerCheckoutHandler.js
FN:13,(anonymous_0)
FN:22,(anonymous_1)
FN:56,(anonymous_2)
FN:79,(anonymous_3)
FN:116,(anonymous_4)
FN:138,(anonymous_5)
FN:141,(anonymous_6)
FN:150,(anonymous_7)
FNF:8
FNH:0
FNDA:0,(anonymous_0)
FNDA:0,(anonymous_1)
FNDA:0,(anonymous_2)
FNDA:0,(anonymous_3)
FNDA:0,(anonymous_4)
FNDA:0,(anonymous_5)
FNDA:0,(anonymous_6)
FNDA:0,(anonymous_7)
DA:7,0
DA:8,0
DA:9,0
DA:10,0
DA:14,0
DA:15,0
DA:23,0
DA:24,0
DA:27,0
DA:28,0
DA:29,0
DA:30,0
DA:31,0
DA:33,0
DA:35,0
DA:42,0
DA:43,0
DA:44,0
DA:47,0
DA:57,0
DA:59,0
DA:60,0
DA:67,0
DA:72,0
DA:78,0
DA:79,0
DA:80,0
DA:85,0
DA:86,0
DA:87,0
DA:88,0
DA:89,0
DA:92,0
DA:95,0
DA:98,0
DA:100,0
DA:107,0
DA:117,0
DA:119,0
DA:120,0
DA:127,0
DA:128,0
DA:130,0
DA:131,0
DA:132,0
DA:133,0
DA:137,0
DA:138,0
DA:140,0
DA:141,0
DA:144,0
DA:150,0
DA:151,0
DA:154,0
DA:155,0
DA:156,0
DA:157,0
DA:158,0
DA:160,0
DA:162,0
DA:164,0
DA:165,0
DA:169,0
DA:170,0
DA:172,0
DA:181,0
DA:182,0
DA:183,0
DA:184,0
DA:188,0
DA:189,0
DA:191,0
DA:199,0
DA:201,0
DA:208,0
DA:210,0
DA:217,0
LF:77
LH:0
BRDA:15,0,0,0
BRDA:15,0,1,0
BRDA:23,1,0,0
BRDA:23,1,1,0
BRDA:23,2,0,0
BRDA:23,2,1,0
BRDA:23,2,2,0
BRDA:27,3,0,0
BRDA:27,3,1,0
BRDA:42,4,0,0
BRDA:42,4,1,0
BRDA:42,5,0,0
BRDA:42,5,1,0
BRDA:59,6,0,0
BRDA:59,6,1,0
BRDA:119,7,0,0
BRDA:119,7,1,0
BRDA:132,8,0,0
BRDA:132,8,1,0
BRDA:137,9,0,0
BRDA:137,9,1,0
BRDA:156,10,0,0
BRDA:156,10,1,0
BRDA:160,11,0,0
BRDA:160,11,1,0
BRDA:160,12,0,0
BRDA:160,12,1,0
BRDA:164,13,0,0
BRDA:164,13,1,0
BRF:29
BRH:0
end_of_record
TN:
SF:src/handlers/CustomerHandler.js
FN:26,(anonymous_0)
FN:52,(anonymous_1)
FN:176,(anonymous_2)
FN:212,(anonymous_3)
FN:228,(anonymous_4)
FN:317,(anonymous_5)
FN:324,(anonymous_6)
FN:338,(anonymous_7)
FN:345,(anonymous_8)
FN:357,(anonymous_9)
FN:370,(anonymous_10)
FN:398,(anonymous_11)
FN:431,(anonymous_12)
FN:500,(anonymous_13)
FNF:14
FNH:0
FNDA:0,(anonymous_0)
FNDA:0,(anonymous_1)
FNDA:0,(anonymous_2)
FNDA:0,(anonymous_3)
FNDA:0,(anonymous_4)
FNDA:0,(anonymous_5)
FNDA:0,(anonymous_6)
FNDA:0,(anonymous_7)
FNDA:0,(anonymous_8)
FNDA:0,(anonymous_9)
FNDA:0,(anonymous_10)
FNDA:0,(anonymous_11)
FNDA:0,(anonymous_12)
FNDA:0,(anonymous_13)
DA:6,0
DA:11,0
DA:12,0
DA:13,0
DA:14,0
DA:15,0
DA:16,0
DA:17,0
DA:18,0
DA:19,0
DA:20,0
DA:21,0
DA:22,0
DA:23,0
DA:27,0
DA:28,0
DA:29,0
DA:30,0
DA:31,0
DA:32,0
DA:33,0
DA:34,0
DA:37,0
DA:42,0
DA:53,0
DA:58,0
DA:59,0
DA:60,0
DA:64,0
DA:65,0
DA:66,0
DA:68,0
DA:69,0
DA:70,0
DA:74,0
DA:75,0
DA:76,0
DA:79,0
DA:80,0
DA:83,0
DA:85,0
DA:86,0
DA:87,0
DA:88,0
DA:91,0
DA:92,0
DA:93,0
DA:96,0
DA:97,0
DA:98,0
DA:101,0
DA:102,0
DA:103,0
DA:106,0
DA:111,0
DA:112,0
DA:115,0
DA:116,0
DA:117,0
DA:120,0
DA:121,0
DA:122,0
DA:126,0
DA:127,0
DA:129,0
DA:130,0
DA:134,0
DA:135,0
DA:136,0
DA:138,0
DA:139,0
DA:140,0
DA:143,0
DA:144,0
DA:147,0
DA:148,0
DA:151,0
DA:152,0
DA:155,0
DA:156,0
DA:159,0
DA:160,0
DA:163,0
DA:164,0
DA:167,0
DA:168,0
DA:169,0
DA:177,0
DA:181,0
DA:182,0
DA:183,0
DA:184,0
DA:187,0
DA:190,0
DA:191,0
DA:192,0
DA:195,0
DA:196,0
DA:197,0
DA:200,0
DA:201,0
DA:202,0
DA:205,0
DA:206,0
DA:213,0
DA:218,0
DA:222,0
DA:229,0
DA:233,0
DA:234,0
DA:237,0
DA:238,0
DA:240,0
DA:246,0
DA:247,0
DA:249,0
DA:251,0
DA:256,0
DA:258,0
DA:263,0
DA:274,0
DA:275,0
DA:281,0
DA:282,0
DA:291,0
DA:295,0
DA:296,0
DA:297,0
DA:299,0
DA:306,0
DA:310,0
DA:311,0
DA:318,0
DA:320,0
DA:321,0
DA:324,0
DA:325,0
DA:327,0
DA:332,0
DA:339,0
DA:346,0
DA:347,0
DA:350,0
DA:351,0
DA:358,0
DA:359,0
DA:361,0
DA:362,0
DA:364,0
DA:365,0
DA:368,0
DA:370,0
DA:371,0
DA:372,0
DA:374,0
DA:376,0
DA:377,0
DA:378,0
DA:379,0
DA:382,0
DA:383,0
DA:386,0
DA:388,0
DA:390,0
DA:391,0
DA:399,0
DA:400,0
DA:405,0
DA:406,0
DA:409,0
DA:413,0
DA:418,0
DA:421,0
DA:423,0
DA:424,0
DA:432,0
DA:434,0
DA:435,0
DA:438,0
DA:439,0
DA:447,0
DA:452,0
DA:453,0
DA:454,0
DA:462,0
DA:463,0
DA:465,0
DA:466,0
DA:469,0
DA:472,0
DA:476,0
DA:484,0
DA:486,0
DA:487,0
DA:488,0
DA:501,0
DA:503,0
DA:505,0
DA:507,0
DA:508,0
DA:519,0
DA:520,0
DA:521,0
DA:524,0
DA:525,0
DA:526,0
DA:534,0
DA:535,0
DA:537,0
DA:538,0
DA:563,0
DA:571,0
DA:572,0
DA:576,0
DA:577,0
DA:579,0
DA:580,0
DA:581,0
DA:582,0
DA:583,0
DA:584,0
DA:585,0
DA:591,0
DA:598,0
DA:600,0
DA:601,0
DA:606,0
LF:227
LH:0
BRDA:26,0,0,0
BRDA:58,1,0,0
BRDA:58,1,1,0
BRDA:65,2,0,0
BRDA:65,2,1,0
BRDA:68,3,0,0
BRDA:68,3,1,0
BRDA:74,4,0,0
BRDA:74,4,1,0
BRDA:79,5,0,0
BRDA:79,5,1,0
BRDA:85,6,0,0
BRDA:85,6,1,0
BRDA:91,7,0,0
BRDA:91,7,1,0
BRDA:91,8,0,0
BRDA:91,8,1,0
BRDA:96,9,0,0
BRDA:96,9,1,0
BRDA:101,10,0,0
BRDA:101,10,1,0
BRDA:101,11,0,0
BRDA:101,11,1,0
BRDA:106,12,0,0
BRDA:106,12,1,0
BRDA:107,13,0,0
BRDA:107,13,1,0
BRDA:107,13,2,0
BRDA:115,14,0,0
BRDA:115,14,1,0
BRDA:115,15,0,0
BRDA:115,15,1,0
BRDA:120,16,0,0
BRDA:120,16,1,0
BRDA:120,17,0,0
BRDA:120,17,1,0
BRDA:127,18,0,0
BRDA:127,18,1,0
BRDA:127,18,2,0
BRDA:127,18,3,0
BRDA:127,18,4,0
BRDA:127,18,5,0
BRDA:127,18,6,0
BRDA:134,19,0,0
BRDA:134,19,1,0
BRDA:134,20,0,0
BRDA:134,20,1,0
BRDA:138,21,0,0
BRDA:138,21,1,0
BRDA:181,22,0,0
BRDA:181,22,1,0
BRDA:181,23,0,0
BRDA:181,23,1,0
BRDA:181,23,2,0
BRDA:190,24,0,0
BRDA:190,24,1,0
BRDA:190,25,0,0
BRDA:190,25,1,0
BRDA:195,26,0,0
BRDA:195,26,1,0
BRDA:195,27,0,0
BRDA:195,27,1,0
BRDA:200,28,0,0
BRDA:200,28,1,0
BRDA:200,29,0,0
BRDA:200,29,1,0
BRDA:200,29,2,0
BRDA:215,30,0,0
BRDA:215,30,1,0
BRDA:242,31,0,0
BRDA:242,31,1,0
BRDA:246,32,0,0
BRDA:246,32,1,0
BRDA:253,33,0,0
BRDA:253,33,1,0
BRDA:256,34,0,0
BRDA:256,34,1,0
BRDA:274,35,0,0
BRDA:274,35,1,0
BRDA:295,36,0,0
BRDA:295,36,1,0
BRDA:320,37,0,0
BRDA:320,37,1,0
BRDA:346,38,0,0
BRDA:346,38,1,0
BRDA:346,39,0,0
BRDA:346,39,1,0
BRDA:346,39,2,0
BRDA:364,40,0,0
BRDA:364,40,1,0
BRDA:364,41,0,0
BRDA:364,41,1,0
BRDA:372,42,0,0
BRDA:372,42,1,0
BRDA:374,43,0,0
BRDA:374,43,1,0
BRDA:374,44,0,0
BRDA:374,44,1,0
BRDA:379,45,0,0
BRDA:379,45,1,0
BRDA:382,46,0,0
BRDA:382,46,1,0
BRDA:409,47,0,0
BRDA:409,47,1,0
BRDA:410,48,0,0
BRDA:410,48,1,0
BRDA:438,49,0,0
BRDA:438,49,1,0
BRDA:452,50,0,0
BRDA:452,50,1,0
BRDA:452,51,0,0
BRDA:452,51,1,0
BRDA:507,52,0,0
BRDA:507,52,1,0
BRDA:525,53,0,0
BRDA:525,53,1,0
BRDA:525,54,0,0
BRDA:525,54,1,0
BRDA:525,54,2,0
BRDA:537,55,0,0
BRDA:537,55,1,0
BRDA:571,56,0,0
BRDA:571,56,1,0
BRDA:586,57,0,0
BRDA:586,57,1,0
BRDA:589,58,0,0
BRDA:589,58,1,0
BRF:127
BRH:0
end_of_record
TN:
SF:src/handlers/CustomerWishlistHandler.js
FN:11,(anonymous_0)
FN:22,(anonymous_1)
FN:55,(anonymous_2)
FN:98,(anonymous_3)
FN:122,(anonymous_4)
FN:142,(anonymous_5)
FN:156,(anonymous_6)
FN:170,(anonymous_7)
FNF:8
FNH:0
FNDA:0,(anonymous_0)
FNDA:0,(anonymous_1)
FNDA:0,(anonymous_2)
FNDA:0,(anonymous_3)
FNDA:0,(anonymous_4)
FNDA:0,(anonymous_5)
FNDA:0,(anonymous_6)
FNDA:0,(anonymous_7)
DA:7,0
DA:8,0
DA:12,0
DA:13,0
DA:14,0
DA:15,0
DA:23,0
DA:25,0
DA:26,0
DA:28,0
DA:29,0
DA:44,0
DA:46,0
DA:47,0
DA:56,0
DA:60,0
DA:62,0
DA:63,0
DA:69,0
DA:70,0
DA:78,0
DA:79,0
DA:84,0
DA:86,0
DA:90,0
DA:99,0
DA:103,0
DA:104,0
DA:108,0
DA:110,0
DA:114,0
DA:123,0
DA:127,0
DA:128,0
DA:132,0
DA:134,0
DA:135,0
DA:143,0
DA:144,0
DA:157,0
DA:158,0
DA:171,0
DA:172,0
DA:173,0
DA:174,0
DA:176,0
DA:180,0
LF:47
LH:0
BRDA:28,0,0,0
BRDA:28,0,1,0
BRDA:69,1,0,0
BRDA:69,1,1,0
BRDA:142,2,0,0
BRDA:143,3,0,0
BRDA:143,3,1,0
BRDA:156,4,0,0
BRDA:157,5,0,0
BRDA:157,5,1,0
BRDA:171,6,0,0
BRDA:171,6,1,0
BRDA:173,7,0,0
BRDA:173,7,1,0
BRF:14
BRH:0
end_of_record
TN:
SF:src/handlers/ProductHandler.js
FN:12,(anonymous_0)
FN:25,(anonymous_1)
FN:48,(anonymous_2)
FN:65,(anonymous_3)
FN:75,(anonymous_4)
FN:84,(anonymous_5)
FN:95,(anonymous_6)
FNF:7
FNH:0
FNDA:0,(anonymous_0)
FNDA:0,(anonymous_1)
FNDA:0,(anonymous_2)
FNDA:0,(anonymous_3)
FNDA:0,(anonymous_4)
FNDA:0,(anonymous_5)
FNDA:0,(anonymous_6)
DA:6,0
DA:7,0
DA:8,0
DA:9,0
DA:13,0
DA:14,0
DA:15,0
DA:26,0
DA:28,0
DA:30,0
DA:32,0
DA:34,0
DA:36,0
DA:38,0
DA:49,0
DA:50,0
DA:52,0
DA:53,0
DA:54,0
DA:57,0
DA:58,0
DA:66,0
DA:67,0
DA:76,0
DA:85,0
DA:86,0
DA:88,0
DA:96,0
DA:100,0
LF:29
LH:0
BRDA:25,0,0,0
BRDA:28,1,0,0
BRDA:28,1,1,0
BRDA:28,1,2,0
BRDA:28,1,3,0
BRDA:28,1,4,0
BRDA:52,2,0,0
BRDA:52,2,1,0
BRDA:66,3,0,0
BRDA:66,3,1,0
BRF:10
BRH:0
end_of_record
TN:
SF:src/middleware/RelevanceFilter.js
FN:8,(anonymous_0)
FN:62,(anonymous_1)
FN:97,(anonymous_2)
FN:98,(anonymous_3)
FN:106,(anonymous_4)
FN:107,(anonymous_5)
FN:117,(anonymous_6)
FN:118,(anonymous_7)
FN:127,(anonymous_8)
FN:137,(anonymous_9)
FNF:10
FNH:0
FNDA:0,(anonymous_0)
FNDA:0,(anonymous_1)
FNDA:0,(anonymous_2)
FNDA:0,(anonymous_3)
FNDA:0,(anonymous_4)
FNDA:0,(anonymous_5)
FNDA:0,(anonymous_6)
FNDA:0,(anonymous_7)
FNDA:0,(anonymous_8)
FNDA:0,(anonymous_9)
DA:10,0
DA:34,0
DA:46,0
DA:63,0
DA:64,0
DA:67,0
DA:70,0
DA:71,0
DA:75,0
DA:76,0
DA:80,0
DA:81,0
DA:85,0
DA:86,0
DA:89,0
DA:98,0
DA:107,0
DA:108,0
DA:118,0
DA:128,0
DA:129,0
DA:132,0
DA:134,0
DA:137,0
DA:138,0
DA:140,0
DA:143,0
DA:144,0
DA:147,0
DA:151,0
LF:30
LH:0
BRDA:63,0,0,0
BRDA:63,0,1,0
BRDA:63,1,0,0
BRDA:63,1,1,0
BRDA:70,2,0,0
BRDA:70,2,1,0
BRDA:75,3,0,0
BRDA:75,3,1,0
BRDA:80,4,0,0
BRDA:80,4,1,0
BRDA:85,5,0,0
BRDA:85,5,1,0
BRDA:128,6,0,0
BRDA:128,6,1,0
BRDA:143,7,0,0
BRDA:143,7,1,0
BRF:16
BRH:0
end_of_record
TN:
SF:src/services/admin/AdminStatsService.js
FN:10,(anonymous_0)
FN:17,(anonymous_1)
FN:60,(anonymous_2)
FN:86,(anonymous_3)
FN:88,(anonymous_4)
FN:90,(anonymous_5)
FN:92,(anonymous_6)
FN:132,(anonymous_7)
FN:143,(anonymous_8)
FN:145,(anonymous_9)
FN:147,(anonymous_10)
FN:154,(anonymous_11)
FN:156,(anonymous_12)
FN:158,(anonymous_13)
FN:172,(anonymous_14)
FN:183,(anonymous_15)
FNF:16
FNH:0
FNDA:0,(anonymous_0)
FNDA:0,(anonymous_1)
FNDA:0,(anonymous_2)
FNDA:0,(anonymous_3)
FNDA:0,(anonymous_4)
FNDA:0,(anonymous_5)
FNDA:0,(anonymous_6)
FNDA:0,(anonymous_7)
FNDA:0,(anonymous_8)
FNDA:0,(anonymous_9)
FNDA:0,(anonymous_10)
FNDA:0,(anonymous_11)
FNDA:0,(anonymous_12)
FNDA:0,(anonymous_13)
FNDA:0,(anonymous_14)
FNDA:0,(anonymous_15)
DA:6,0
DA:7,0
DA:11,0
DA:18,0
DA:19,0
DA:30,0
DA:32,0
DA:34,0
DA:53,0
DA:61,0
DA:62,0
DA:63,0
DA:64,0
DA:66,0
DA:67,0
DA:68,0
DA:69,0
DA:70,0
DA:71,0
DA:73,0
DA:74,0
DA:84,0
DA:86,0
DA:88,0
DA:89,0
DA:90,0
DA:92,0
DA:93,0
DA:94,0
DA:95,0
DA:97,0
DA:98,0
DA:100,0
DA:101,0
DA:102,0
DA:104,0
DA:105,0
DA:106,0
DA:108,0
DA:109,0
DA:110,0
DA:119,0
DA:133,0
DA:134,0
DA:136,0
DA:137,0
DA:141,0
DA:143,0
DA:145,0
DA:146,0
DA:147,0
DA:148,0
DA:152,0
DA:154,0
DA:156,0
DA:157,0
DA:158,0
DA:159,0
DA:160,0
DA:164,0
DA:166,0
DA:173,0
DA:184,0
DA:185,0
DA:186,0
DA:187,0
DA:188,0
DA:189,0
DA:190,0
DA:191,0
DA:194,0
DA:197,0
DA:200,0
DA:201,0
DA:202,0
DA:204,0
DA:208,0
LF:77
LH:0
BRDA:19,0,0,0
BRDA:19,0,1,0
BRDA:73,1,0,0
BRDA:73,1,1,0
BRDA:97,2,0,0
BRDA:97,2,1,0
BRDA:98,3,0,0
BRDA:98,3,1,0
BRDA:100,4,0,0
BRDA:100,4,1,0
BRDA:104,5,0,0
BRDA:104,5,1,0
BRDA:108,6,0,0
BRDA:108,6,1,0
BRDA:136,7,0,0
BRDA:136,7,1,0
BRDA:164,8,0,0
BRDA:164,8,1,0
BRF:18
BRH:0
end_of_record
TN:
SF:src/services/ai/AIIntentClassifier.js
FN:7,(anonymous_0)
FN:31,(anonymous_1)
FN:84,(anonymous_2)
FN:95,(anonymous_3)
FN:103,(anonymous_4)
FN:117,(anonymous_5)
FN:125,(anonymous_6)
FN:127,(anonymous_7)
FN:141,(anonymous_8)
FN:149,(anonymous_9)
FN:159,(anonymous_10)
FN:167,(anonymous_11)
FN:176,(anonymous_12)
FN:184,(anonymous_13)
FN:194,(anonymous_14)
FN:202,(anonymous_15)
FN:212,(anonymous_16)
FN:219,(anonymous_17)
FNF:18
FNH:0
FNDA:0,(anonymous_0)
FNDA:0,(anonymous_1)
FNDA:0,(anonymous_2)
FNDA:0,(anonymous_3)
FNDA:0,(anonymous_4)
FNDA:0,(anonymous_5)
FNDA:0,(anonymous_6)
FNDA:0,(anonymous_7)
FNDA:0,(anonymous_8)
FNDA:0,(anonymous_9)
FNDA:0,(anonymous_10)
FNDA:0,(anonymous_11)
FNDA:0,(anonymous_12)
FNDA:0,(anonymous_13)
FNDA:0,(anonymous_14)
FNDA:0,(anonymous_15)
FNDA:0,(anonymous_16)
FNDA:0,(anonymous_17)
DA:8,0
DA:20,0
DA:32,0
DA:33,0
DA:36,0
DA:41,0
DA:42,0
DA:46,0
DA:47,0
DA:51,0
DA:52,0
DA:56,0
DA:57,0
DA:61,0
DA:62,0
DA:66,0
DA:67,0
DA:71,0
DA:72,0
DA:76,0
DA:85,0
DA:95,0
DA:104,0
DA:117,0
DA:127,0
DA:129,0
DA:130,0
DA:133,0
DA:141,0
DA:150,0
DA:159,0
DA:168,0
DA:176,0
DA:185,0
DA:194,0
DA:203,0
DA:212,0
DA:220,0
DA:224,0
LF:39
LH:0
BRDA:32,0,0,0
BRDA:32,0,1,0
BRDA:32,1,0,0
BRDA:32,1,1,0
BRDA:41,2,0,0
BRDA:41,2,1,0
BRDA:46,3,0,0
BRDA:46,3,1,0
BRDA:51,4,0,0
BRDA:51,4,1,0
BRDA:56,5,0,0
BRDA:56,5,1,0
BRDA:61,6,0,0
BRDA:61,6,1,0
BRDA:66,7,0,0
BRDA:66,7,1,0
BRDA:71,8,0,0
BRDA:71,8,1,0
BRDA:129,9,0,0
BRDA:129,9,1,0
BRF:20
BRH:0
end_of_record
TN:
SF:src/services/ai/AIPromptBuilder.js
FN:9,(anonymous_0)
FN:17,(anonymous_1)
FN:23,(anonymous_2)
FN:46,(anonymous_3)
FN:66,(anonymous_4)
FN:68,(anonymous_5)
FN:90,(anonymous_6)
FN:124,(anonymous_7)
FN:141,(anonymous_8)
FNF:9
FNH:0
FNDA:0,(anonymous_0)
FNDA:0,(anonymous_1)
FNDA:0,(anonymous_2)
FNDA:0,(anonymous_3)
FNDA:0,(anonymous_4)
FNDA:0,(anonymous_5)
FNDA:0,(anonymous_6)
FNDA:0,(anonymous_7)
FNDA:0,(anonymous_8)
DA:6,0
DA:10,0
DA:18,0
DA:20,0
DA:23,0
DA:47,0
DA:48,0
DA:49,0
DA:51,0
DA:67,0
DA:68,0
DA:71,0
DA:91,0
DA:117,0
DA:125,0
DA:142,0
DA:156,0
LF:17
LH:0
BRDA:27,0,0,0
BRDA:27,0,1,0
BRDA:28,1,0,0
BRDA:28,1,1,0
BRDA:117,2,0,0
BRDA:117,2,1,0
BRF:6
BRH:0
end_of_record
TN:
SF:src/services/ai/AIService.js
FN:11,(anonymous_0)
FN:28,(anonymous_1)
FN:37,(anonymous_2)
FN:78,(anonymous_3)
FN:102,(anonymous_4)
FN:124,(anonymous_5)
FN:144,(anonymous_6)
FN:182,(anonymous_7)
FN:221,(anonymous_8)
FN:249,(anonymous_9)
FN:260,(anonymous_10)
FN:274,(anonymous_11)
FNF:12
FNH:0
FNDA:0,(anonymous_0)
FNDA:0,(anonymous_1)
FNDA:0,(anonymous_2)
FNDA:0,(anonymous_3)
FNDA:0,(anonymous_4)
FNDA:0,(anonymous_5)
FNDA:0,(anonymous_6)
FNDA:0,(anonymous_7)
FNDA:0,(anonymous_8)
FNDA:0,(anonymous_9)
FNDA:0,(anonymous_10)
FNDA:0,(anonymous_11)
DA:6,0
DA:7,0
DA:8,0
DA:12,0
DA:13,0
DA:14,0
DA:17,0
DA:29,0
DA:38,0
DA:40,0
DA:43,0
DA:44,0
DA:45,0
DA:48,0
DA:49,0
DA:53,0
DA:57,0
DA:58,0
DA:62,0
DA:66,0
DA:67,0
DA:69,0
DA:70,0
DA:79,0
DA:81,0
DA:82,0
DA:83,0
DA:86,0
DA:87,0
DA:90,0
DA:91,0
DA:93,0
DA:103,0
DA:105,0
DA:106,0
DA:109,0
DA:110,0
DA:112,0
DA:114,0
DA:115,0
DA:125,0
DA:127,0
DA:128,0
DA:133,0
DA:135,0
DA:148,0
DA:149,0
DA:150,0
DA:152,0
DA:153,0
DA:154,0
DA:157,0
DA:161,0
DA:168,0
DA:183,0
DA:184,0
DA:196,0
DA:197,0
DA:203,0
DA:211,0
DA:212,0
DA:222,0
DA:223,0
DA:234,0
DA:236,0
DA:237,0
DA:250,0
DA:261,0
DA:262,0
DA:263,0
DA:264,0
DA:265,0
DA:266,0
DA:275,0
DA:276,0
DA:280,0
LF:76
LH:0
BRDA:11,0,0,0
BRDA:11,1,0,0
BRDA:38,2,0,0
BRDA:38,2,1,0
BRDA:49,3,0,0
BRDA:49,3,1,0
BRDA:50,4,0,0
BRDA:50,4,1,0
BRDA:58,5,0,0
BRDA:58,5,1,0
BRDA:59,6,0,0
BRDA:59,6,1,0
BRDA:66,7,0,0
BRDA:66,7,1,0
BRDA:79,8,0,0
BRDA:79,8,1,0
BRDA:103,9,0,0
BRDA:103,9,1,0
BRDA:103,10,0,0
BRDA:103,10,1,0
BRDA:109,11,0,0
BRDA:109,11,1,0
BRDA:125,12,0,0
BRDA:125,12,1,0
BRDA:125,13,0,0
BRDA:125,13,1,0
BRDA:157,14,0,0
BRDA:157,14,1,0
BRDA:158,15,0,0
BRDA:158,15,1,0
BRDA:182,16,0,0
BRDA:196,17,0,0
BRDA:196,17,1,0
BRDA:205,18,0,0
BRDA:205,18,1,0
BRDA:206,19,0,0
BRDA:206,19,1,0
BRDA:221,20,0,0
BRDA:262,21,0,0
BRDA:262,21,1,0
BRF:40
BRH:0
end_of_record
TN:
SF:src/services/analytics/DashboardService.js
FN:11,(anonymous_0)
FN:21,(anonymous_1)
FN:34,(anonymous_2)
FN:89,(anonymous_3)
FN:94,(anonymous_4)
FN:98,(anonymous_5)
FN:121,(anonymous_6)
FN:138,(anonymous_7)
FN:144,(anonymous_8)
FN:166,(anonymous_9)
FN:179,(anonymous_10)
FN:211,(anonymous_11)
FN:222,(anonymous_12)
FN:282,(anonymous_13)
FN:285,(anonymous_14)
FN:293,(anonymous_15)
FN:301,(anonymous_16)
FN:329,(anonymous_17)
FN:351,(anonymous_18)
FN:377,(anonymous_19)
FN:390,(anonymous_20)
FNF:21
FNH:0
FNDA:0,(anonymous_0)
FNDA:0,(anonymous_1)
FNDA:0,(anonymous_2)
FNDA:0,(anonymous_3)
FNDA:0,(anonymous_4)
FNDA:0,(anonymous_5)
FNDA:0,(anonymous_6)
FNDA:0,(anonymous_7)
FNDA:0,(anonymous_8)
FNDA:0,(anonymous_9)
FNDA:0,(anonymous_10)
FNDA:0,(anonymous_11)
FNDA:0,(anonymous_12)
FNDA:0,(anonymous_13)
FNDA:0,(anonymous_14)
FNDA:0,(anonymous_15)
FNDA:0,(anonymous_16)
FNDA:0,(anonymous_17)
FNDA:0,(anonymous_18)
FNDA:0,(anonymous_19)
FNDA:0,(anonymous_20)
DA:6,0
DA:7,0
DA:8,0
DA:12,0
DA:13,0
DA:22,0
DA:23,0
DA:24,0
DA:34,0
DA:35,0
DA:40,0
DA:41,0
DA:44,0
DA:45,0
DA:46,0
DA:51,0
DA:52,0
DA:53,0
DA:54,0
DA:55,0
DA:56,0
DA:57,0
DA:59,0
DA:62,0
DA:66,0
DA:68,0
DA:71,0
DA:90,0
DA:91,0
DA:92,0
DA:94,0
DA:95,0
DA:96,0
DA:98,0
DA:99,0
DA:100,0
DA:101,0
DA:103,0
DA:104,0
DA:112,0
DA:113,0
DA:114,0
DA:120,0
DA:121,0
DA:124,0
DA:126,0
DA:129,0
DA:139,0
DA:140,0
DA:141,0
DA:144,0
DA:145,0
DA:146,0
DA:148,0
DA:149,0
DA:157,0
DA:158,0
DA:159,0
DA:164,0
DA:165,0
DA:166,0
DA:168,0
DA:171,0
DA:176,0
DA:179,0
DA:185,0
DA:193,0
DA:196,0
DA:212,0
DA:213,0
DA:215,0
DA:216,0
DA:217,0
DA:218,0
DA:220,0
DA:222,0
DA:223,0
DA:224,0
DA:225,0
DA:232,0
DA:237,0
DA:238,0
DA:239,0
DA:240,0
DA:241,0
DA:246,0
DA:249,0
DA:253,0
DA:262,0
DA:265,0
DA:283,0
DA:284,0
DA:285,0
DA:288,0
DA:289,0
DA:293,0
DA:295,0
DA:296,0
DA:299,0
DA:301,0
DA:302,0
DA:303,0
DA:304,0
DA:307,0
DA:308,0
DA:310,0
DA:311,0
DA:314,0
DA:316,0
DA:319,0
DA:330,0
DA:332,0
DA:334,0
DA:335,0
DA:336,0
DA:339,0
DA:340,0
DA:344,0
DA:345,0
DA:347,0
DA:348,0
DA:349,0
DA:351,0
DA:352,0
DA:353,0
DA:354,0
DA:362,0
DA:364,0
DA:367,0
DA:378,0
DA:391,0
DA:401,0
LF:132
LH:0
BRDA:11,0,0,0
BRDA:12,1,0,0
BRDA:12,1,1,0
BRDA:21,2,0,0
BRDA:35,3,0,0
BRDA:35,3,1,0
BRDA:36,4,0,0
BRDA:36,4,1,0
BRDA:36,4,2,0
BRDA:40,5,0,0
BRDA:40,5,1,0
BRDA:40,5,2,0
BRDA:41,6,0,0
BRDA:41,6,1,0
BRDA:41,6,2,0
BRDA:44,7,0,0
BRDA:44,7,1,0
BRDA:46,8,0,0
BRDA:46,8,1,0
BRDA:47,9,0,0
BRDA:47,9,1,0
BRDA:47,9,2,0
BRDA:52,10,0,0
BRDA:52,10,1,0
BRDA:54,11,0,0
BRDA:54,11,1,0
BRDA:56,12,0,0
BRDA:56,12,1,0
BRDA:89,13,0,0
BRDA:89,14,0,0
BRDA:95,15,0,0
BRDA:95,15,1,0
BRDA:96,16,0,0
BRDA:96,16,1,0
BRDA:96,16,2,0
BRDA:101,17,0,0
BRDA:101,17,1,0
BRDA:103,18,0,0
BRDA:103,18,1,0
BRDA:138,19,0,0
BRDA:145,20,0,0
BRDA:145,20,1,0
BRDA:148,21,0,0
BRDA:148,21,1,0
BRDA:171,22,0,0
BRDA:171,22,1,0
BRDA:176,23,0,0
BRDA:176,23,1,0
BRDA:211,24,0,0
BRDA:223,25,0,0
BRDA:223,25,1,0
BRDA:227,26,0,0
BRDA:227,26,1,0
BRDA:227,26,2,0
BRDA:232,27,0,0
BRDA:232,27,1,0
BRDA:233,28,0,0
BRDA:233,28,1,0
BRDA:233,28,2,0
BRDA:238,29,0,0
BRDA:238,29,1,0
BRDA:246,30,0,0
BRDA:246,30,1,0
BRDA:249,31,0,0
BRDA:249,31,1,0
BRDA:282,32,0,0
BRDA:285,33,0,0
BRDA:285,33,1,0
BRDA:288,34,0,0
BRDA:288,34,1,0
BRDA:295,35,0,0
BRDA:295,35,1,0
BRDA:347,36,0,0
BRDA:347,36,1,0
BRDA:390,37,0,0
BRF:75
BRH:0
end_of_record
TN:
SF:src/services/inventory/InventoryManager.js
FN:15,(anonymous_0)
FN:38,(anonymous_1)
FN:56,(anonymous_2)
FN:70,(anonymous_3)
FN:79,(anonymous_4)
FN:105,(anonymous_5)
FN:115,(anonymous_6)
FN:149,(anonymous_7)
FN:171,(anonymous_8)
FN:186,(anonymous_9)
FN:224,(anonymous_10)
FN:227,(anonymous_11)
FN:264,(anonymous_12)
FN:306,(anonymous_13)
FN:319,(anonymous_14)
FN:331,(anonymous_15)
FN:334,(anonymous_16)
FN:357,(anonymous_17)
FN:360,(anonymous_18)
FN:397,(anonymous_19)
FNF:20
FNH:0
FNDA:0,(anonymous_0)
FNDA:0,(anonymous_1)
FNDA:0,(anonymous_2)
FNDA:0,(anonymous_3)
FNDA:0,(anonymous_4)
FNDA:0,(anonymous_5)
FNDA:0,(anonymous_6)
FNDA:0,(anonymous_7)
FNDA:0,(anonymous_8)
FNDA:0,(anonymous_9)
FNDA:0,(anonymous_10)
FNDA:0,(anonymous_11)
FNDA:0,(anonymous_12)
FNDA:0,(anonymous_13)
FNDA:0,(anonymous_14)
FNDA:0,(anonymous_15)
FNDA:0,(anonymous_16)
FNDA:0,(anonymous_17)
FNDA:0,(anonymous_18)
FNDA:0,(anonymous_19)
DA:7,0
DA:8,0
DA:9,0
DA:10,0
DA:11,0
DA:12,0
DA:16,0
DA:17,0
DA:18,0
DA:19,0
DA:22,0
DA:23,0
DA:26,0
DA:27,0
DA:28,0
DA:32,0
DA:39,0
DA:40,0
DA:41,0
DA:42,0
DA:43,0
DA:45,0
DA:48,0
DA:49,0
DA:57,0
DA:58,0
DA:59,0
DA:60,0
DA:62,0
DA:71,0
DA:81,0
DA:82,0
DA:84,0
DA:91,0
DA:92,0
DA:93,0
DA:94,0
DA:96,0
DA:107,0
DA:116,0
DA:118,0
DA:119,0
DA:124,0
DA:126,0
DA:127,0
DA:135,0
DA:136,0
DA:139,0
DA:151,0
DA:154,0
DA:155,0
DA:156,0
DA:160,0
DA:161,0
DA:169,0
DA:171,0
DA:172,0
DA:174,0
DA:180,0
DA:183,0
DA:184,0
DA:186,0
DA:187,0
DA:189,0
DA:196,0
DA:203,0
DA:209,0
DA:225,0
DA:227,0
DA:228,0
DA:229,0
DA:230,0
DA:235,0
DA:236,0
DA:237,0
DA:240,0
DA:241,0
DA:242,0
DA:243,0
DA:244,0
DA:245,0
DA:247,0
DA:248,0
DA:255,0
DA:256,0
DA:257,0
DA:261,0
DA:262,0
DA:264,0
DA:265,0
DA:267,0
DA:275,0
DA:287,0
DA:293,0
DA:307,0
DA:308,0
DA:309,0
DA:312,0
DA:313,0
DA:316,0
DA:317,0
DA:319,0
DA:320,0
DA:322,0
DA:323,0
DA:332,0
DA:333,0
DA:334,0
DA:336,0
DA:337,0
DA:338,0
DA:339,0
DA:340,0
DA:343,0
DA:345,0
DA:346,0
DA:358,0
DA:360,0
[...]
DA:229,0
DA:230,0
DA:231,0
DA:233,0
DA:236,0
DA:237,0
DA:239,0
DA:240,0
DA:241,0
DA:244,0
DA:245,0
DA:246,0
DA:247,0
DA:253,0
DA:256,0
DA:257,0
DA:259,0
DA:268,0
DA:281,0
DA:287,0
DA:288,0
DA:291,0
DA:292,0
DA:295,0
DA:297,0
DA:298,0
DA:302,0
DA:303,0
DA:305,0
DA:309,0
LF:101
LH:0
BRDA:54,0,0,0
BRDA:54,0,1,0
BRDA:58,1,0,0
BRDA:58,1,1,0
BRDA:74,2,0,0
BRDA:74,2,1,0
BRDA:84,3,0,0
BRDA:84,3,1,0
BRDA:94,4,0,0
BRDA:94,4,1,0
BRDA:107,5,0,0
BRDA:109,6,0,0
BRDA:109,6,1,0
BRDA:109,7,0,0
BRDA:109,7,1,0
BRDA:122,8,0,0
BRDA:122,8,1,0
BRDA:131,9,0,0
BRDA:131,9,1,0
BRDA:132,10,0,0
BRDA:132,10,1,0
BRDA:147,11,0,0
BRDA:147,11,1,0
BRDA:150,12,0,0
BRDA:150,12,1,0
BRDA:152,13,0,0
BRDA:152,13,1,0
BRDA:154,14,0,0
BRDA:154,14,1,0
BRDA:169,15,0,0
BRDA:169,15,1,0
BRDA:182,16,0,0
BRDA:182,17,0,0
BRDA:183,18,0,0
BRDA:183,18,1,0
BRDA:194,19,0,0
BRDA:194,19,1,0
BRDA:201,20,0,0
BRDA:201,20,1,0
BRDA:209,21,0,0
BRDA:209,21,1,0
BRDA:211,22,0,0
BRDA:211,22,1,0
BRDA:213,23,0,0
BRDA:213,23,1,0
BRDA:229,24,0,0
BRDA:229,24,1,0
BRDA:236,25,0,0
BRDA:236,25,1,0
BRDA:244,26,0,0
BRDA:244,26,1,0
BRDA:246,27,0,0
BRDA:246,27,1,0
BRDA:248,28,0,0
BRDA:248,28,1,0
BRDA:287,29,0,0
BRDA:287,29,1,0
BRDA:297,30,0,0
BRDA:297,30,1,0
BRF:59
BRH:0
end_of_record
TN:
SF:src/services/promo/PromoService.js
FN:25,(anonymous_0)
FN:48,(anonymous_1)
FN:62,(anonymous_2)
FN:74,(anonymous_3)
FN:88,(anonymous_4)
FN:104,(anonymous_5)
FN:139,(anonymous_6)
FN:189,(anonymous_7)
FN:194,(anonymous_8)
FN:260,(anonymous_9)
FN:275,(anonymous_10)
FN:309,(anonymous_11)
FN:326,(anonymous_12)
FN:335,(anonymous_13)
FN:347,(anonymous_14)
FN:351,(anonymous_15)
FN:363,(anonymous_16)
FN:368,(anonymous_17)
FN:398,(anonymous_18)
FN:403,(anonymous_19)
FN:433,(anonymous_20)
FN:448,(anonymous_21)
FNF:22
FNH:0
FNDA:0,(anonymous_0)
FNDA:0,(anonymous_1)
FNDA:0,(anonymous_2)
FNDA:0,(anonymous_3)
FNDA:0,(anonymous_4)
FNDA:0,(anonymous_5)
FNDA:0,(anonymous_6)
FNDA:0,(anonymous_7)
FNDA:0,(anonymous_8)
FNDA:0,(anonymous_9)
FNDA:0,(anonymous_10)
FNDA:0,(anonymous_11)
FNDA:0,(anonymous_12)
FNDA:0,(anonymous_13)
FNDA:0,(anonymous_14)
FNDA:0,(anonymous_15)
FNDA:0,(anonymous_16)
FNDA:0,(anonymous_17)
FNDA:0,(anonymous_18)
FNDA:0,(anonymous_19)
FNDA:0,(anonymous_20)
FNDA:0,(anonymous_21)
DA:21,0
DA:22,0
DA:26,0
DA:27,0
DA:28,0
DA:31,0
DA:32,0
DA:36,0
DA:37,0
DA:39,0
DA:40,0
DA:49,0
DA:50,0
DA:51,0
DA:53,0
DA:54,0
DA:63,0
DA:64,0
DA:66,0
DA:75,0
DA:76,0
DA:77,0
DA:79,0
DA:80,0
DA:89,0
DA:90,0
DA:92,0
DA:105,0
DA:107,0
DA:109,0
DA:110,0
DA:116,0
DA:117,0
DA:123,0
DA:124,0
DA:130,0
DA:131,0
DA:138,0
DA:139,0
DA:141,0
DA:142,0
DA:149,0
DA:150,0
DA:152,0
DA:162,0
DA:163,0
DA:165,0
DA:175,0
DA:176,0
DA:190,0
DA:191,0
DA:193,0
DA:194,0
DA:196,0
DA:197,0
DA:203,0
DA:204,0
DA:211,0
DA:212,0
DA:219,0
DA:220,0
DA:227,0
DA:228,0
DA:229,0
DA:232,0
DA:233,0
DA:239,0
DA:246,0
DA:247,0
DA:261,0
DA:262,0
DA:265,0
DA:266,0
DA:267,0
DA:274,0
DA:275,0
DA:276,0
DA:277,0
DA:278,0
DA:282,0
DA:283,0
DA:284,0
DA:286,0
DA:287,0
DA:289,0
DA:295,0
DA:296,0
DA:310,0
DA:311,0
DA:313,0
DA:327,0
DA:328,0
DA:329,0
DA:331,0
DA:332,0
DA:335,0
DA:337,0
DA:338,0
DA:348,0
DA:349,0
DA:350,0
DA:351,0
DA:353,0
DA:354,0
DA:364,0
DA:365,0
DA:367,0
DA:368,0
DA:370,0
DA:371,0
DA:377,0
DA:378,0
DA:380,0
DA:385,0
DA:386,0
DA:399,0
DA:400,0
DA:402,0
DA:403,0
DA:405,0
DA:406,0
DA:412,0
DA:413,0
DA:415,0
DA:420,0
DA:421,0
DA:434,0
DA:435,0
DA:436,0
DA:438,0
DA:439,0
DA:449,0
DA:450,0
DA:451,0
DA:453,0
DA:454,0
DA:457,0
DA:458,0
DA:462,0
DA:464,0
DA:474,0
DA:475,0
DA:480,0
LF:143
LH:0
BRDA:31,0,0,0
BRDA:31,0,1,0
BRDA:36,1,0,0
BRDA:36,1,1,0
BRDA:39,2,0,0
BRDA:39,2,1,0
BRDA:104,3,0,0
BRDA:109,4,0,0
BRDA:109,4,1,0
BRDA:109,5,0,0
BRDA:109,5,1,0
BRDA:116,6,0,0
BRDA:116,6,1,0
BRDA:123,7,0,0
BRDA:123,7,1,0
BRDA:123,8,0,0
BRDA:123,8,1,0
BRDA:130,9,0,0
BRDA:130,9,1,0
BRDA:141,10,0,0
BRDA:141,10,1,0
BRDA:171,11,0,0
BRDA:171,11,1,0
BRDA:196,12,0,0
BRDA:196,12,1,0
BRDA:203,13,0,0
BRDA:203,13,1,0
BRDA:211,14,0,0
BRDA:211,14,1,0
BRDA:219,15,0,0
BRDA:219,15,1,0
BRDA:219,16,0,0
BRDA:219,16,1,0
BRDA:228,17,0,0
BRDA:228,17,1,0
BRDA:232,18,0,0
BRDA:232,18,1,0
BRDA:266,19,0,0
BRDA:266,19,1,0
BRDA:276,20,0,0
BRDA:276,20,1,0
BRDA:283,21,0,0
BRDA:283,21,1,0
BRDA:326,22,0,0
BRDA:331,23,0,0
BRDA:331,23,1,0
BRDA:335,24,0,0
BRDA:335,24,1,0
BRDA:351,25,0,0
BRDA:351,25,1,0
BRDA:370,26,0,0
BRDA:370,26,1,0
BRDA:405,27,0,0
BRDA:405,27,1,0
BRDA:436,28,0,0
BRDA:436,28,1,0
BRDA:453,29,0,0
BRDA:453,29,1,0
BRDA:462,30,0,0
BRDA:462,30,1,0
BRF:60
BRH:0
end_of_record
TN:
SF:src/services/review/ReviewService.js
FN:10,(anonymous_0)
FN:20,(anonymous_1)
FN:41,(anonymous_2)
FN:56,(anonymous_3)
FN:69,(anonymous_4)
FN:78,(anonymous_5)
FN:87,(anonymous_6)
FN:120,(anonymous_7)
FN:123,(anonymous_8)
FN:136,(anonymous_9)
FN:199,(anonymous_10)
FN:202,(anonymous_11)
FN:211,(anonymous_12)
FN:213,(anonymous_13)
FN:221,(anonymous_14)
FN:223,(anonymous_15)
FN:231,(anonymous_16)
FN:238,(anonymous_17)
FN:252,(anonymous_18)
FN:256,(anonymous_19)
FN:272,(anonymous_20)
FN:291,(anonymous_21)
FN:318,(anonymous_22)
FN:320,(anonymous_23)
FN:347,(anonymous_24)
FN:349,(anonymous_25)
FN:371,(anonymous_26)
FN:373,(anonymous_27)
FN:380,(anonymous_28)
FN:382,(anonymous_29)
FN:384,(anonymous_30)
FN:403,(anonymous_31)
FN:406,(anonymous_32)
FN:421,(anonymous_33)
FN:445,(anonymous_34)
FNF:35
FNH:0
FNDA:0,(anonymous_0)
FNDA:0,(anonymous_1)
FNDA:0,(anonymous_2)
FNDA:0,(anonymous_3)
FNDA:0,(anonymous_4)
FNDA:0,(anonymous_5)
FNDA:0,(anonymous_6)
FNDA:0,(anonymous_7)
FNDA:0,(anonymous_8)
FNDA:0,(anonymous_9)
FNDA:0,(anonymous_10)
FNDA:0,(anonymous_11)
FNDA:0,(anonymous_12)
FNDA:0,(anonymous_13)
FNDA:0,(anonymous_14)
FNDA:0,(anonymous_15)
FNDA:0,(anonymous_16)
FNDA:0,(anonymous_17)
FNDA:0,(anonymous_18)
FNDA:0,(anonymous_19)
FNDA:0,(anonymous_20)
FNDA:0,(anonymous_21)
FNDA:0,(anonymous_22)
FNDA:0,(anonymous_23)
FNDA:0,(anonymous_24)
FNDA:0,(anonymous_25)
FNDA:0,(anonymous_26)
FNDA:0,(anonymous_27)
FNDA:0,(anonymous_28)
FNDA:0,(anonymous_29)
FNDA:0,(anonymous_30)
FNDA:0,(anonymous_31)
FNDA:0,(anonymous_32)
FNDA:0,(anonymous_33)
FNDA:0,(anonymous_34)
DA:6,0
DA:7,0
DA:11,0
DA:12,0
DA:13,0
DA:21,0
DA:23,0
DA:24,0
DA:28,0
DA:29,0
DA:32,0
DA:42,0
DA:43,0
DA:44,0
DA:46,0
DA:47,0
DA:57,0
DA:58,0
DA:60,0
DA:70,0
DA:79,0
DA:88,0
DA:89,0
DA:95,0
DA:97,0
DA:98,0
DA:104,0
DA:105,0
DA:111,0
DA:121,0
DA:122,0
DA:123,0
DA:138,0
DA:139,0
DA:147,0
DA:148,0
DA:149,0
DA:156,0
DA:157,0
DA:165,0
DA:166,0
DA:179,0
DA:180,0
DA:181,0
DA:183,0
DA:200,0
DA:201,0
DA:202,0
DA:212,0
DA:213,0
DA:222,0
DA:223,0
DA:232,0
DA:234,0
DA:235,0
DA:238,0
DA:239,0
DA:241,0
DA:253,0
DA:254,0
DA:256,0
DA:257,0
DA:258,0
DA:262,0
DA:274,0
DA:275,0
DA:282,0
DA:283,0
DA:284,0
DA:290,0
DA:291,0
DA:293,0
DA:294,0
DA:301,0
DA:302,0
DA:303,0
DA:305,0
DA:307,0
DA:319,0
DA:320,0
DA:322,0
DA:323,0
DA:330,0
DA:331,0
DA:333,0
DA:335,0
DA:348,0
DA:349,0
DA:351,0
DA:352,0
DA:358,0
DA:360,0
DA:372,0
DA:373,0
DA:381,0
DA:382,0
DA:384,0
DA:386,0
DA:388,0
DA:404,0
DA:406,0
DA:407,0
DA:408,0
DA:412,0
DA:422,0
DA:423,0
DA:424,0
DA:428,0
DA:429,0
DA:430,0
DA:432,0
DA:433,0
DA:436,0
DA:447,0
DA:450,0
DA:451,0
DA:452,0
DA:453,0
DA:456,0
DA:460,0
LF:120
LH:0
BRDA:23,0,0,0
BRDA:23,0,1,0
BRDA:28,1,0,0
BRDA:28,1,1,0
BRDA:79,2,0,0
BRDA:79,2,1,0
BRDA:79,2,2,0
BRDA:88,3,0,0
BRDA:88,3,1,0
BRDA:88,4,0,0
BRDA:88,4,1,0
BRDA:97,5,0,0
BRDA:97,5,1,0
BRDA:104,6,0,0
BRDA:104,6,1,0
BRDA:123,7,0,0
BRDA:123,7,1,0
BRDA:136,8,0,0
BRDA:138,9,0,0
BRDA:138,9,1,0
BRDA:148,10,0,0
BRDA:148,10,1,0
BRDA:156,11,0,0
BRDA:156,11,1,0
BRDA:199,12,0,0
BRDA:202,13,0,0
BRDA:202,13,1,0
BRDA:202,13,2,0
BRDA:213,14,0,0
BRDA:213,14,1,0
BRDA:223,15,0,0
BRDA:223,15,1,0
BRDA:234,16,0,0
BRDA:234,16,1,0
BRDA:257,17,0,0
BRDA:257,17,1,0
BRDA:274,18,0,0
BRDA:274,18,1,0
BRDA:283,19,0,0
BRDA:283,19,1,0
BRDA:293,20,0,0
BRDA:293,20,1,0
BRDA:322,21,0,0
BRDA:322,21,1,0
BRDA:351,22,0,0
BRDA:351,22,1,0
BRDA:371,23,0,0
BRDA:373,24,0,0
BRDA:373,24,1,0
BRDA:386,25,0,0
BRDA:386,25,1,0
BRDA:407,26,0,0
BRDA:407,26,1,0
BRDA:421,27,0,0
BRDA:424,28,0,0
BRDA:424,28,1,0
BRDA:432,29,0,0
BRDA:432,29,1,0
BRDA:450,30,0,0
BRDA:450,30,1,0
BRF:60
BRH:0
end_of_record
TN:
SF:src/services/wishlist/WishlistService.js
FN:25,(anonymous_0)
FN:35,(anonymous_1)
FN:46,(anonymous_2)
FN:92,(anonymous_3)
FN:104,(anonymous_4)
FN:140,(anonymous_5)
FN:155,(anonymous_6)
FN:166,(anonymous_7)
FN:168,(anonymous_8)
FN:176,(anonymous_9)
FN:206,(anonymous_10)
FN:217,(anonymous_11)
FN:229,(anonymous_12)
FNF:13
FNH:0
FNDA:0,(anonymous_0)
FNDA:0,(anonymous_1)
FNDA:0,(anonymous_2)
FNDA:0,(anonymous_3)
FNDA:0,(anonymous_4)
FNDA:0,(anonymous_5)
FNDA:0,(anonymous_6)
FNDA:0,(anonymous_7)
FNDA:0,(anonymous_8)
FNDA:0,(anonymous_9)
FNDA:0,(anonymous_10)
FNDA:0,(anonymous_11)
FNDA:0,(anonymous_12)
DA:26,0
DA:36,0
DA:37,0
DA:40,0
DA:41,0
DA:45,0
DA:46,0
DA:49,0
DA:50,0
DA:58,0
DA:66,0
DA:69,0
DA:71,0
DA:77,0
DA:78,0
DA:93,0
DA:94,0
DA:96,0
DA:97,0
DA:104,0
DA:106,0
DA:107,0
DA:114,0
DA:115,0
DA:118,0
DA:120,0
DA:126,0
DA:127,0
DA:141,0
DA:142,0
DA:143,0
DA:145,0
DA:146,0
DA:156,0
DA:157,0
DA:167,0
DA:168,0
DA:177,0
DA:178,0
DA:179,0
DA:181,0
DA:183,0
DA:185,0
DA:191,0
DA:192,0
DA:207,0
DA:208,0
DA:210,0
DA:211,0
DA:217,0
DA:219,0
DA:220,0
DA:226,0
DA:229,0
DA:230,0
DA:231,0
DA:238,0
DA:246,0
DA:248,0
DA:250,0
DA:255,0
DA:256,0
DA:264,0
LF:63
LH:0
BRDA:40,0,0,0
BRDA:40,0,1,0
BRDA:49,1,0,0
BRDA:49,1,1,0
BRDA:62,2,0,0
BRDA:62,2,1,0
BRDA:96,3,0,0
BRDA:96,3,1,0
BRDA:96,4,0,0
BRDA:96,4,1,0
BRDA:106,5,0,0
BRDA:106,5,1,0
BRDA:143,6,0,0
BRDA:143,6,1,0
BRDA:179,7,0,0
BRDA:179,7,1,0
BRDA:210,8,0,0
BRDA:210,8,1,0
BRDA:210,9,0,0
BRDA:210,9,1,0
BRDA:219,10,0,0
BRDA:219,10,1,0
BRDA:230,11,0,0
BRDA:230,11,1,0
BRF:24
BRH:0
end_of_record
TN:
SF:src/utils/Constants.js
FNF:0
FNH:0
DA:9,0
DA:23,0
DA:38,0
DA:50,0
DA:65,0
DA:75,0
DA:83,0
DA:97,0
DA:107,0
DA:116,0
DA:125,0
DA:131,0
LF:12
LH:0
BRF:0
BRH:0
end_of_record
TN:
SF:src/utils/DynamicProductLoader.js
FN:20,(anonymous_0)
FN:31,(anonymous_1)
FN:37,(anonymous_2)
FN:52,(anonymous_3)
FN:69,(anonymous_4)
FN:83,(anonymous_5)
FN:110,(anonymous_6)
FN:115,(anonymous_7)
FN:126,(anonymous_8)
FN:133,(anonymous_9)
FN:154,(anonymous_10)
FN:157,(anonymous_11)
FN:168,(anonymous_12)
FN:174,(anonymous_13)
FN:182,(anonymous_14)
FN:191,(anonymous_15)
FNF:16
FNH:16
FNDA:13,(anonymous_0)
FNDA:117,(anonymous_1)
FNDA:78,(anonymous_2)
FNDA:12,(anonymous_3)
FNDA:4,(anonymous_4)
FNDA:7,(anonymous_5)
FNDA:57,(anonymous_6)
FNDA:356,(anonymous_7)
FNDA:9,(anonymous_8)
FNDA:54,(anonymous_9)
FNDA:27,(anonymous_10)
FNDA:9,(anonymous_11)
FNDA:3,(anonymous_12)
FNDA:13,(anonymous_13)
FNDA:2,(anonymous_14)
FNDA:2,(anonymous_15)
DA:6,1
DA:7,1
DA:9,1
DA:10,1
DA:21,13
DA:22,13
DA:23,0
DA:26,0
DA:29,13
DA:30,13
DA:32,117
DA:37,78
DA:43,0
DA:44,0
DA:53,12
DA:54,12
DA:55,12
DA:56,12
DA:59,0
DA:61,0
DA:71,4
DA:72,4
DA:73,1
DA:74,3
DA:75,0
DA:76,3
DA:77,0
DA:81,4
DA:83,7
DA:87,4
DA:94,4
DA:111,57
DA:112,57
DA:113,56
DA:115,356
DA:116,56
DA:118,1
DA:127,9
DA:128,9
DA:130,9
DA:131,9
DA:133,9
DA:135,54
DA:143,54
DA:146,54
DA:147,18
DA:149,36
DA:153,9
DA:155,27
DA:158,9
DA:169,3
DA:170,3
DA:174,13
DA:183,2
DA:184,2
DA:192,2
DA:212,2
DA:216,1
LF:58
LH:50
BRDA:22,0,0,0
BRDA:22,0,1,13
BRDA:32,1,0,117
BRDA:32,1,1,78
BRDA:32,1,2,78
BRDA:54,2,0,12
BRDA:54,2,1,0
BRDA:72,3,0,1
BRDA:72,3,1,3
BRDA:74,4,0,0
BRDA:74,4,1,3
BRDA:76,5,0,0
BRDA:76,5,1,3
BRDA:98,6,0,4
BRDA:98,6,1,0
BRDA:135,7,0,54
BRDA:135,7,1,0
BRDA:146,8,0,18
BRDA:146,8,1,36
BRDA:174,9,0,3
BRDA:174,9,1,1
BRF:21
BRH:15
end_of_record
TN:
SF:src/utils/ErrorMessages.js
FN:11,(anonymous_0)
FN:15,(anonymous_1)
FN:19,(anonymous_2)
FN:26,(anonymous_3)
FN:30,(anonymous_4)
FN:34,(anonymous_5)
FN:41,(anonymous_6)
FN:45,(anonymous_7)
FN:49,(anonymous_8)
FN:56,(anonymous_9)
FN:60,(anonymous_10)
FN:64,(anonymous_11)
FN:68,(anonymous_12)
FN:75,(anonymous_13)
FN:79,(anonymous_14)
FN:86,(anonymous_15)
FN:90,(anonymous_16)
FN:97,(anonymous_17)
FN:101,(anonymous_18)
FN:108,(anonymous_19)
FN:112,(anonymous_20)
FN:119,(anonymous_21)
FN:123,(anonymous_22)
FN:127,(anonymous_23)
FNF:24
FNH:0
FNDA:0,(anonymous_0)
FNDA:0,(anonymous_1)
FNDA:0,(anonymous_2)
FNDA:0,(anonymous_3)
FNDA:0,(anonymous_4)
FNDA:0,(anonymous_5)
FNDA:0,(anonymous_6)
FNDA:0,(anonymous_7)
FNDA:0,(anonymous_8)
FNDA:0,(anonymous_9)
FNDA:0,(anonymous_10)
FNDA:0,(anonymous_11)
FNDA:0,(anonymous_12)
FNDA:0,(anonymous_13)
FNDA:0,(anonymous_14)
FNDA:0,(anonymous_15)
FNDA:0,(anonymous_16)
FNDA:0,(anonymous_17)
FNDA:0,(anonymous_18)
FNDA:0,(anonymous_19)
FNDA:0,(anonymous_20)
FNDA:0,(anonymous_21)
FNDA:0,(anonymous_22)
FNDA:0,(anonymous_23)
DA:12,0
DA:16,0
DA:20,0
DA:27,0
DA:31,0
DA:35,0
DA:42,0
DA:46,0
DA:50,0
DA:57,0
DA:61,0
DA:65,0
DA:69,0
DA:76,0
DA:80,0
DA:87,0
DA:91,0
DA:98,0
DA:102,0
DA:109,0
DA:113,0
DA:120,0
DA:124,0
DA:128,0
DA:132,0
LF:25
LH:0
BRF:0
BRH:0
end_of_record
TN:
SF:src/utils/FuzzySearch.js
FN:14,(anonymous_0)
FN:23,(anonymous_1)
FN:30,(anonymous_2)
FN:69,(anonymous_3)
FN:76,(anonymous_4)
FN:104,(anonymous_5)
FN:119,(anonymous_6)
FN:144,(anonymous_7)
FNF:8
FNH:0
FNDA:0,(anonymous_0)
FNDA:0,(anonymous_1)
FNDA:0,(anonymous_2)
FNDA:0,(anonymous_3)
FNDA:0,(anonymous_4)
FNDA:0,(anonymous_5)
FNDA:0,(anonymous_6)
FNDA:0,(anonymous_7)
DA:16,0
DA:17,0
DA:19,0
DA:22,0
DA:24,0
DA:26,0
DA:29,0
DA:31,0
DA:34,0
DA:37,0
DA:38,0
DA:40,0
DA:41,0
DA:42,0
DA:44,0
DA:45,0
DA:47,0
DA:49,0
DA:51,0
DA:54,0
DA:55,0
DA:56,0
DA:60,0
DA:70,0
DA:71,0
DA:74,0
DA:76,0
DA:79,0
DA:80,0
DA:83,0
DA:84,0
DA:85,0
DA:87,0
DA:95,0
DA:105,0
DA:106,0
DA:107,0
DA:108,0
DA:120,0
DA:121,0
DA:123,0
DA:124,0
DA:128,0
DA:133,0
DA:135,0
DA:136,0
DA:144,0
DA:146,0
DA:150,0
LF:49
LH:0
BRDA:14,0,0,0
BRDA:16,1,0,0
BRDA:16,1,1,0
BRDA:16,2,0,0
BRDA:16,2,1,0
BRDA:17,3,0,0
BRDA:17,3,1,0
BRDA:17,4,0,0
BRDA:17,4,1,0
BRDA:24,5,0,0
BRDA:24,5,1,0
BRDA:26,6,0,0
BRDA:26,6,1,0
BRDA:31,7,0,0
BRDA:31,7,1,0
BRDA:34,8,0,0
BRDA:34,8,1,0
BRDA:49,9,0,0
BRDA:49,9,1,0
BRDA:54,10,0,0
BRDA:54,10,1,0
BRDA:54,11,0,0
BRDA:54,11,1,0
BRDA:85,12,0,0
BRDA:85,12,1,0
BRDA:107,13,0,0
BRDA:107,13,1,0
BRDA:119,14,0,0
BRDA:119,15,0,0
BRDA:135,16,0,0
BRDA:135,16,1,0
BRF:31
BRH:0
end_of_record
TN:
SF:src/utils/InputSanitizer.js
FN:13,(anonymous_0)
FN:51,(anonymous_1)
FN:65,(anonymous_2)
FN:79,(anonymous_3)
FN:98,(anonymous_4)
FN:112,(anonymous_5)
FN:133,(anonymous_6)
FN:147,(anonymous_7)
FN:163,(anonymous_8)
FN:178,(anonymous_9)
FN:191,(anonymous_10)
FN:213,(anonymous_11)
FN:228,(anonymous_12)
FN:255,(anonymous_13)
FN:344,(anonymous_14)
FN:358,(anonymous_15)
FN:369,(anonymous_16)
FNF:17
FNH:0
FNDA:0,(anonymous_0)
FNDA:0,(anonymous_1)
FNDA:0,(anonymous_2)
FNDA:0,(anonymous_3)
FNDA:0,(anonymous_4)
FNDA:0,(anonymous_5)
FNDA:0,(anonymous_6)
FNDA:0,(anonymous_7)
FNDA:0,(anonymous_8)
FNDA:0,(anonymous_9)
FNDA:0,(anonymous_10)
FNDA:0,(anonymous_11)
FNDA:0,(anonymous_12)
FNDA:0,(anonymous_13)
FNDA:0,(anonymous_14)
FNDA:0,(anonymous_15)
FNDA:0,(anonymous_16)
DA:14,0
DA:15,0
DA:18,0
DA:21,0
DA:24,0
DA:25,0
DA:29,0
DA:32,0
DA:35,0
DA:38,0
DA:41,0
DA:43,0
DA:52,0
DA:53,0
DA:57,0
DA:66,0
DA:67,0
DA:71,0
DA:80,0
DA:81,0
DA:85,0
DA:88,0
DA:90,0
DA:99,0
DA:100,0
DA:104,0
DA:113,0
DA:114,0
DA:117,0
DA:118,0
DA:122,0
DA:123,0
DA:125,0
DA:134,0
DA:135,0
DA:139,0
DA:148,0
DA:149,0
DA:153,0
DA:164,0
DA:166,0
DA:167,0
DA:170,0
DA:179,0
DA:180,0
DA:183,0
DA:192,0
DA:193,0
DA:197,0
DA:200,0
DA:203,0
DA:205,0
DA:214,0
DA:215,0
DA:219,0
DA:220,0
DA:229,0
DA:230,0
DA:233,0
DA:234,0
DA:237,0
DA:238,0
DA:239,0
DA:240,0
DA:243,0
DA:245,0
DA:261,0
DA:263,0
DA:264,0
DA:267,0
DA:268,0
DA:269,0
DA:273,0
DA:274,0
DA:277,0
DA:278,0
DA:279,0
DA:283,0
DA:285,0
DA:286,0
DA:287,0
DA:290,0
DA:291,0
DA:292,0
DA:295,0
DA:296,0
DA:299,0
DA:300,0
DA:303,0
DA:304,0
DA:307,0
DA:308,0
DA:311,0
DA:315,0
DA:316,0
DA:324,0
DA:325,0
DA:326,0
DA:327,0
DA:332,0
DA:345,0
DA:346,0
DA:349,0
DA:358,0
DA:371,0
DA:372,0
DA:375,0
DA:376,0
DA:379,0
DA:380,0
DA:383,0
DA:384,0
DA:385,0
DA:388,0
DA:389,0
DA:391,0
DA:395,0
LF:117
LH:0
BRDA:13,0,0,0
BRDA:14,1,0,0
BRDA:14,1,1,0
BRDA:14,2,0,0
BRDA:14,2,1,0
BRDA:24,3,0,0
BRDA:24,3,1,0
BRDA:52,4,0,0
BRDA:52,4,1,0
BRDA:52,5,0,0
BRDA:52,5,1,0
BRDA:66,6,0,0
BRDA:66,6,1,0
BRDA:66,7,0,0
BRDA:66,7,1,0
BRDA:80,8,0,0
BRDA:80,8,1,0
BRDA:80,9,0,0
BRDA:80,9,1,0
BRDA:90,10,0,0
BRDA:90,10,1,0
BRDA:99,11,0,0
BRDA:99,11,1,0
BRDA:99,12,0,0
BRDA:99,12,1,0
BRDA:113,13,0,0
BRDA:113,13,1,0
BRDA:113,14,0,0
BRDA:113,14,1,0
BRDA:117,15,0,0
BRDA:117,15,1,0
BRDA:125,16,0,0
BRDA:125,16,1,0
BRDA:134,17,0,0
BRDA:134,17,1,0
BRDA:134,18,0,0
BRDA:134,18,1,0
BRDA:148,19,0,0
BRDA:148,19,1,0
BRDA:148,20,0,0
BRDA:148,20,1,0
BRDA:163,21,0,0
BRDA:163,22,0,0
BRDA:166,23,0,0
BRDA:166,23,1,0
BRDA:179,24,0,0
BRDA:179,24,1,0
BRDA:179,25,0,0
BRDA:179,25,1,0
BRDA:192,26,0,0
BRDA:192,26,1,0
BRDA:192,27,0,0
BRDA:192,27,1,0
BRDA:214,28,0,0
BRDA:214,28,1,0
BRDA:214,29,0,0
BRDA:214,29,1,0
BRDA:229,30,0,0
BRDA:229,30,1,0
BRDA:229,31,0,0
BRDA:229,31,1,0
BRDA:237,32,0,0
BRDA:237,32,1,0
BRDA:237,33,0,0
BRDA:237,33,1,0
BRDA:255,34,0,0
BRDA:257,35,0,0
BRDA:258,36,0,0
BRDA:259,37,0,0
BRDA:260,38,0,0
BRDA:267,39,0,0
BRDA:267,39,1,0
BRDA:273,40,0,0
BRDA:273,40,1,0
BRDA:277,41,0,0
BRDA:277,41,1,0
BRDA:283,42,0,0
BRDA:283,42,1,0
BRDA:283,42,2,0
BRDA:283,42,3,0
BRDA:283,42,4,0
BRDA:283,42,5,0
BRDA:283,42,6,0
BRDA:286,43,0,0
BRDA:286,43,1,0
BRDA:291,44,0,0
BRDA:291,44,1,0
BRDA:315,45,0,0
BRDA:315,45,1,0
BRDA:325,46,0,0
BRDA:325,46,1,0
BRDA:345,47,0,0
BRDA:345,47,1,0
BRDA:345,48,0,0
BRDA:345,48,1,0
BRDA:369,49,0,0
BRDA:369,50,0,0
BRDA:369,51,0,0
BRDA:371,52,0,0
BRDA:371,52,1,0
BRDA:371,53,0,0
BRDA:371,53,1,0
BRDA:371,53,2,0
BRDA:375,54,0,0
BRDA:375,54,1,0
BRDA:380,55,0,0
BRDA:380,55,1,0
BRDA:383,56,0,0
BRDA:383,56,1,0
BRF:109
BRH:0
end_of_record
TN:
SF:src/utils/ValidationHelpers.js
FN:13,(anonymous_0)
FN:26,(anonymous_1)
FN:39,(anonymous_2)
FN:53,(anonymous_3)
FN:63,(anonymous_4)
FN:73,(anonymous_5)
FN:83,(anonymous_6)
FN:98,(anonymous_7)
FN:110,(anonymous_8)
FN:123,(anonymous_9)
FN:136,(anonymous_10)
FN:152,(anonymous_11)
FN:165,(anonymous_12)
FN:175,(anonymous_13)
FN:188,(anonymous_14)
FN:201,(anonymous_15)
FN:210,(anonymous_16)
FN:220,(anonymous_17)
FN:233,(anonymous_18)
FNF:19
FNH:0
FNDA:0,(anonymous_0)
FNDA:0,(anonymous_1)
FNDA:0,(anonymous_2)
FNDA:0,(anonymous_3)
FNDA:0,(anonymous_4)
FNDA:0,(anonymous_5)
FNDA:0,(anonymous_6)
FNDA:0,(anonymous_7)
FNDA:0,(anonymous_8)
FNDA:0,(anonymous_9)
FNDA:0,(anonymous_10)
FNDA:0,(anonymous_11)
FNDA:0,(anonymous_12)
FNDA:0,(anonymous_13)
FNDA:0,(anonymous_14)
FNDA:0,(anonymous_15)
FNDA:0,(anonymous_16)
FNDA:0,(anonymous_17)
FNDA:0,(anonymous_18)
DA:14,0
DA:15,0
DA:17,0
DA:18,0
DA:27,0
DA:28,0
DA:31,0
DA:40,0
DA:41,0
DA:44,0
DA:54,0
DA:55,0
DA:64,0
DA:65,0
DA:74,0
DA:75,0
DA:84,0
DA:85,0
DA:87,0
DA:88,0
DA:99,0
DA:100,0
DA:102,0
DA:111,0
DA:112,0
DA:115,0
DA:124,0
DA:125,0
DA:127,0
DA:137,0
DA:138,0
DA:140,0
DA:141,0
DA:153,0
DA:154,0
DA:157,0
DA:166,0
DA:167,0
DA:176,0
DA:177,0
DA:180,0
DA:189,0
DA:190,0
DA:193,0
DA:202,0
DA:211,0
DA:221,0
DA:222,0
DA:224,0
DA:234,0
DA:235,0
DA:237,0
DA:238,0
DA:239,0
DA:241,0
DA:246,0
LF:56
LH:0
BRDA:14,0,0,0
BRDA:14,0,1,0
BRDA:14,1,0,0
BRDA:14,1,1,0
BRDA:27,2,0,0
BRDA:27,2,1,0
BRDA:27,3,0,0
BRDA:27,3,1,0
BRDA:40,4,0,0
BRDA:40,4,1,0
BRDA:40,5,0,0
BRDA:40,5,1,0
BRDA:55,6,0,0
BRDA:55,6,1,0
BRDA:55,6,2,0
BRDA:65,7,0,0
BRDA:65,7,1,0
BRDA:75,8,0,0
BRDA:75,8,1,0
BRDA:75,8,2,0
BRDA:84,9,0,0
BRDA:84,9,1,0
BRDA:84,10,0,0
BRDA:84,10,1,0
BRDA:88,11,0,0
BRDA:88,11,1,0
BRDA:98,12,0,0
BRDA:98,13,0,0
BRDA:99,14,0,0
BRDA:99,14,1,0
BRDA:99,15,0,0
BRDA:99,15,1,0
BRDA:102,16,0,0
BRDA:102,16,1,0
BRDA:111,17,0,0
BRDA:111,17,1,0
BRDA:111,18,0,0
BRDA:111,18,1,0
BRDA:124,19,0,0
BRDA:124,19,1,0
BRDA:124,20,0,0
BRDA:124,20,1,0
BRDA:127,21,0,0
BRDA:127,21,1,0
BRDA:137,22,0,0
BRDA:137,22,1,0
BRDA:137,23,0,0
BRDA:137,23,1,0
BRDA:153,24,0,0
BRDA:153,24,1,0
BRDA:153,25,0,0
BRDA:153,25,1,0
BRDA:167,26,0,0
BRDA:167,26,1,0
BRDA:167,26,2,0
BRDA:176,27,0,0
BRDA:176,27,1,0
BRDA:176,28,0,0
BRDA:176,28,1,0
BRDA:189,29,0,0
BRDA:189,29,1,0
BRDA:189,30,0,0
BRDA:189,30,1,0
BRDA:202,31,0,0
BRDA:202,31,1,0
BRDA:202,31,2,0
BRDA:211,32,0,0
BRDA:211,32,1,0
BRDA:220,33,0,0
BRDA:234,34,0,0
BRDA:234,34,1,0
BRDA:234,35,0,0
BRDA:234,35,1,0
BRF:73
BRH:0
end_of_record
